Miniconda3/4.10.3
{'Drepanidae', 'Sesiidae'}
Saved the Drepanidae file.
Calling the download code
Starting reading the multimedia file...
Finished reading the multimedia...
Starting reading the occurrence file...
Finished reading the occurrence file...
Downloading for Achlya flavicornis which has a total of 37668 image occurrences.
can only convert an array of size 1 to a Python scalar
can only convert an array of size 1 to a Python scalar
can only convert an array of size 1 to a Python scalar
can only convert an array of size 1 to a Python scalar
can only convert an array of size 1 to a Python scalar
can only convert an array of size 1 to a Python scalar
can only convert an array of size 1 to a Python scalar
can only convert an array of size 1 to a Python scalar
can only convert an array of size 1 to a Python scalar
can only convert an array of size 1 to a Python scalar
can only convert an array of size 1 to a Python scalar
can only convert an array of size 1 to a Python scalar
can only convert an array of size 1 to a Python scalar
can only convert an array of size 1 to a Python scalar
can only convert an array of size 1 to a Python scalar
can only convert an array of size 1 to a Python scalar
can only convert an array of size 1 to a Python scalar
can only convert an array of size 1 to a Python scalar
can only convert an array of size 1 to a Python scalar
can only convert an array of size 1 to a Python scalar
can only convert an array of size 1 to a Python scalar
can only convert an array of size 1 to a Python scalar
Downloading complete for Achlya flavicornis with 2 images.
Downloading for Cilix glaucata which has a total of 44333 image occurrences.
can only convert an array of size 1 to a Python scalar
can only convert an array of size 1 to a Python scalar
can only convert an array of size 1 to a Python scalar
can only convert an array of size 1 to a Python scalar
can only convert an array of size 1 to a Python scalar
can only convert an array of size 1 to a Python scalar
can only convert an array of size 1 to a Python scalar
can only convert an array of size 1 to a Python scalar
can only convert an array of size 1 to a Python scalar
can only convert an array of size 1 to a Python scalar
can only convert an array of size 1 to a Python scalar
can only convert an array of size 1 to a Python scalar
can only convert an array of size 1 to a Python scalar
can only convert an array of size 1 to a Python scalar
can only convert an array of size 1 to a Python scalar
can only convert an array of size 1 to a Python scalar
can only convert an array of size 1 to a Python scalar
can only convert an array of size 1 to a Python scalar
can only convert an array of size 1 to a Python scalar
can only convert an array of size 1 to a Python scalar
can only convert an array of size 1 to a Python scalar
can only convert an array of size 1 to a Python scalar
can only convert an array of size 1 to a Python scalar
can only convert an array of size 1 to a Python scalar
can only convert an array of size 1 to a Python scalar
can only convert an array of size 1 to a Python scalar
can only convert an array of size 1 to a Python scalar
can only convert an array of size 1 to a Python scalar
can only convert an array of size 1 to a Python scalar
can only convert an array of size 1 to a Python scalar
can only convert an array of size 1 to a Python scalar
can only convert an array of size 1 to a Python scalar
can only convert an array of size 1 to a Python scalar
can only convert an array of size 1 to a Python scalar
can only convert an array of size 1 to a Python scalar
can only convert an array of size 1 to a Python scalar
can only convert an array of size 1 to a Python scalar
can only convert an array of size 1 to a Python scalar
can only convert an array of size 1 to a Python scalar
can only convert an array of size 1 to a Python scalar
can only convert an array of size 1 to a Python scalar
can only convert an array of size 1 to a Python scalar
can only convert an array of size 1 to a Python scalar
can only convert an array of size 1 to a Python scalar
can only convert an array of size 1 to a Python scalar
can only convert an array of size 1 to a Python scalar
can only convert an array of size 1 to a Python scalar
can only convert an array of size 1 to a Python scalar
can only convert an array of size 1 to a Python scalar
can only convert an array of size 1 to a Python scalar
can only convert an array of size 1 to a Python scalar
can only convert an array of size 1 to a Python scalar
can only convert an array of size 1 to a Python scalar
can only convert an array of size 1 to a Python scalar
can only convert an array of size 1 to a Python scalar
can only convert an array of size 1 to a Python scalar
can only convert an array of size 1 to a Python scalar
can only convert an array of size 1 to a Python scalar
can only convert an array of size 1 to a Python scalar
can only convert an array of size 1 to a Python scalar
can only convert an array of size 1 to a Python scalar
can only convert an array of size 1 to a Python scalar
can only convert an array of size 1 to a Python scalar
can only convert an array of size 1 to a Python scalar
can only convert an array of size 1 to a Python scalar
can only convert an array of size 1 to a Python scalar
can only convert an array of size 1 to a Python scalar
can only convert an array of size 1 to a Python scalar
can only convert an array of size 1 to a Python scalar
can only convert an array of size 1 to a Python scalar
can only convert an array of size 1 to a Python scalar
can only convert an array of size 1 to a Python scalar
can only convert an array of size 1 to a Python scalar
can only convert an array of size 1 to a Python scalar
can only convert an array of size 1 to a Python scalar
can only convert an array of size 1 to a Python scalar
can only convert an array of size 1 to a Python scalar
can only convert an array of size 1 to a Python scalar
can only convert an array of size 1 to a Python scalar
can only convert an array of size 1 to a Python scalar
can only convert an array of size 1 to a Python scalar
can only convert an array of size 1 to a Python scalar
can only convert an array of size 1 to a Python scalar
can only convert an array of size 1 to a Python scalar
can only convert an array of size 1 to a Python scalar
can only convert an array of size 1 to a Python scalar
can only convert an array of size 1 to a Python scalar
can only convert an array of size 1 to a Python scalar
can only convert an array of size 1 to a Python scalar
can only convert an array of size 1 to a Python scalar
can only convert an array of size 1 to a Python scalar
can only convert an array of size 1 to a Python scalar
can only convert an array of size 1 to a Python scalar
can only convert an array of size 1 to a Python scalar
can only convert an array of size 1 to a Python scalar
can only convert an array of size 1 to a Python scalar
can only convert an array of size 1 to a Python scalar
can only convert an array of size 1 to a Python scalar
can only convert an array of size 1 to a Python scalar
can only convert an array of size 1 to a Python scalar
can only convert an array of size 1 to a Python scalar
can only convert an array of size 1 to a Python scalar
can only convert an array of size 1 to a Python scalar
can only convert an array of size 1 to a Python scalar
can only convert an array of size 1 to a Python scalar
can only convert an array of size 1 to a Python scalar
can only convert an array of size 1 to a Python scalar
can only convert an array of size 1 to a Python scalar
can only convert an array of size 1 to a Python scalar
can only convert an array of size 1 to a Python scalar
can only convert an array of size 1 to a Python scalar
can only convert an array of size 1 to a Python scalar
can only convert an array of size 1 to a Python scalar
can only convert an array of size 1 to a Python scalar
can only convert an array of size 1 to a Python scalar
can only convert an array of size 1 to a Python scalar
can only convert an array of size 1 to a Python scalar
can only convert an array of size 1 to a Python scalar
can only convert an array of size 1 to a Python scalar
can only convert an array of size 1 to a Python scalar
can only convert an array of size 1 to a Python scalar
Downloading complete for Cilix glaucata with 2 images.
Downloading for Cymatophorina diluta which has a total of 6819 image occurrences.
can only convert an array of size 1 to a Python scalar
can only convert an array of size 1 to a Python scalar
can only convert an array of size 1 to a Python scalar
can only convert an array of size 1 to a Python scalar
can only convert an array of size 1 to a Python scalar
can only convert an array of size 1 to a Python scalar
can only convert an array of size 1 to a Python scalar
can only convert an array of size 1 to a Python scalar
Downloading complete for Cymatophorina diluta with 2 images.
Downloading for Drepana curvatula which has a total of 17564 image occurrences.
can only convert an array of size 1 to a Python scalar
can only convert an array of size 1 to a Python scalar
can only convert an array of size 1 to a Python scalar
can only convert an array of size 1 to a Python scalar
can only convert an array of size 1 to a Python scalar
can only convert an array of size 1 to a Python scalar
can only convert an array of size 1 to a Python scalar
can only convert an array of size 1 to a Python scalar
can only convert an array of size 1 to a Python scalar
can only convert an array of size 1 to a Python scalar
can only convert an array of size 1 to a Python scalar
can only convert an array of size 1 to a Python scalar
can only convert an array of size 1 to a Python scalar
can only convert an array of size 1 to a Python scalar
can only convert an array of size 1 to a Python scalar
can only convert an array of size 1 to a Python scalar
can only convert an array of size 1 to a Python scalar
can only convert an array of size 1 to a Python scalar
can only convert an array of size 1 to a Python scalar
can only convert an array of size 1 to a Python scalar
can only convert an array of size 1 to a Python scalar
can only convert an array of size 1 to a Python scalar
can only convert an array of size 1 to a Python scalar
can only convert an array of size 1 to a Python scalar
can only convert an array of size 1 to a Python scalar
can only convert an array of size 1 to a Python scalar
can only convert an array of size 1 to a Python scalar
can only convert an array of size 1 to a Python scalar
can only convert an array of size 1 to a Python scalar
can only convert an array of size 1 to a Python scalar
can only convert an array of size 1 to a Python scalar
can only convert an array of size 1 to a Python scalar
can only convert an array of size 1 to a Python scalar
can only convert an array of size 1 to a Python scalar
can only convert an array of size 1 to a Python scalar
can only convert an array of size 1 to a Python scalar
can only convert an array of size 1 to a Python scalar
can only convert an array of size 1 to a Python scalar
can only convert an array of size 1 to a Python scalar
can only convert an array of size 1 to a Python scalar
can only convert an array of size 1 to a Python scalar
can only convert an array of size 1 to a Python scalar
can only convert an array of size 1 to a Python scalar
Downloading complete for Drepana curvatula with 2 images.
Downloading for Drepana falcataria which has a total of 67003 image occurrences.
can only convert an array of size 1 to a Python scalar
can only convert an array of size 1 to a Python scalar
can only convert an array of size 1 to a Python scalar
can only convert an array of size 1 to a Python scalar
can only convert an array of size 1 to a Python scalar
can only convert an array of size 1 to a Python scalar
can only convert an array of size 1 to a Python scalar
can only convert an array of size 1 to a Python scalar
can only convert an array of size 1 to a Python scalar
can only convert an array of size 1 to a Python scalar
can only convert an array of size 1 to a Python scalar
can only convert an array of size 1 to a Python scalar
can only convert an array of size 1 to a Python scalar
can only convert an array of size 1 to a Python scalar
can only convert an array of size 1 to a Python scalar
can only convert an array of size 1 to a Python scalar
can only convert an array of size 1 to a Python scalar
can only convert an array of size 1 to a Python scalar
can only convert an array of size 1 to a Python scalar
can only convert an array of size 1 to a Python scalar
can only convert an array of size 1 to a Python scalar
can only convert an array of size 1 to a Python scalar
can only convert an array of size 1 to a Python scalar
can only convert an array of size 1 to a Python scalar
can only convert an array of size 1 to a Python scalar
can only convert an array of size 1 to a Python scalar
can only convert an array of size 1 to a Python scalar
can only convert an array of size 1 to a Python scalar
can only convert an array of size 1 to a Python scalar
can only convert an array of size 1 to a Python scalar
can only convert an array of size 1 to a Python scalar
can only convert an array of size 1 to a Python scalar
can only convert an array of size 1 to a Python scalar
can only convert an array of size 1 to a Python scalar
can only convert an array of size 1 to a Python scalar
can only convert an array of size 1 to a Python scalar
can only convert an array of size 1 to a Python scalar
can only convert an array of size 1 to a Python scalar
can only convert an array of size 1 to a Python scalar
Downloading complete for Drepana falcataria with 2 images.
Downloading for Falcaria lacertinaria which has a total of 44613 image occurrences.
can only convert an array of size 1 to a Python scalar
can only convert an array of size 1 to a Python scalar
can only convert an array of size 1 to a Python scalar
can only convert an array of size 1 to a Python scalar
can only convert an array of size 1 to a Python scalar
can only convert an array of size 1 to a Python scalar
can only convert an array of size 1 to a Python scalar
can only convert an array of size 1 to a Python scalar
can only convert an array of size 1 to a Python scalar
can only convert an array of size 1 to a Python scalar
can only convert an array of size 1 to a Python scalar
can only convert an array of size 1 to a Python scalar
can only convert an array of size 1 to a Python scalar
can only convert an array of size 1 to a Python scalar
can only convert an array of size 1 to a Python scalar
can only convert an array of size 1 to a Python scalar
can only convert an array of size 1 to a Python scalar
can only convert an array of size 1 to a Python scalar
can only convert an array of size 1 to a Python scalar
can only convert an array of size 1 to a Python scalar
Downloading complete for Falcaria lacertinaria with 2 images.
Downloading for Habrosyne pyritoides which has a total of 62440 image occurrences.
can only convert an array of size 1 to a Python scalar
can only convert an array of size 1 to a Python scalar
can only convert an array of size 1 to a Python scalar
can only convert an array of size 1 to a Python scalar
can only convert an array of size 1 to a Python scalar
can only convert an array of size 1 to a Python scalar
can only convert an array of size 1 to a Python scalar
can only convert an array of size 1 to a Python scalar
can only convert an array of size 1 to a Python scalar
can only convert an array of size 1 to a Python scalar
can only convert an array of size 1 to a Python scalar
can only convert an array of size 1 to a Python scalar
can only convert an array of size 1 to a Python scalar
can only convert an array of size 1 to a Python scalar
can only convert an array of size 1 to a Python scalar
can only convert an array of size 1 to a Python scalar
can only convert an array of size 1 to a Python scalar
can only convert an array of size 1 to a Python scalar
can only convert an array of size 1 to a Python scalar
can only convert an array of size 1 to a Python scalar
can only convert an array of size 1 to a Python scalar
can only convert an array of size 1 to a Python scalar
can only convert an array of size 1 to a Python scalar
can only convert an array of size 1 to a Python scalar
can only convert an array of size 1 to a Python scalar
can only convert an array of size 1 to a Python scalar
can only convert an array of size 1 to a Python scalar
can only convert an array of size 1 to a Python scalar
can only convert an array of size 1 to a Python scalar
can only convert an array of size 1 to a Python scalar
can only convert an array of size 1 to a Python scalar
can only convert an array of size 1 to a Python scalar
can only convert an array of size 1 to a Python scalar
can only convert an array of size 1 to a Python scalar
can only convert an array of size 1 to a Python scalar
can only convert an array of size 1 to a Python scalar
can only convert an array of size 1 to a Python scalar
can only convert an array of size 1 to a Python scalar
can only convert an array of size 1 to a Python scalar
can only convert an array of size 1 to a Python scalar
can only convert an array of size 1 to a Python scalar
can only convert an array of size 1 to a Python scalar
can only convert an array of size 1 to a Python scalar
can only convert an array of size 1 to a Python scalar
can only convert an array of size 1 to a Python scalar
can only convert an array of size 1 to a Python scalar
can only convert an array of size 1 to a Python scalar
can only convert an array of size 1 to a Python scalar
can only convert an array of size 1 to a Python scalar
can only convert an array of size 1 to a Python scalar
can only convert an array of size 1 to a Python scalar
can only convert an array of size 1 to a Python scalar
can only convert an array of size 1 to a Python scalar
can only convert an array of size 1 to a Python scalar
can only convert an array of size 1 to a Python scalar
can only convert an array of size 1 to a Python scalar
can only convert an array of size 1 to a Python scalar
can only convert an array of size 1 to a Python scalar
can only convert an array of size 1 to a Python scalar
can only convert an array of size 1 to a Python scalar
can only convert an array of size 1 to a Python scalar
can only convert an array of size 1 to a Python scalar
can only convert an array of size 1 to a Python scalar
can only convert an array of size 1 to a Python scalar
can only convert an array of size 1 to a Python scalar
can only convert an array of size 1 to a Python scalar
can only convert an array of size 1 to a Python scalar
can only convert an array of size 1 to a Python scalar
can only convert an array of size 1 to a Python scalar
can only convert an array of size 1 to a Python scalar
can only convert an array of size 1 to a Python scalar
can only convert an array of size 1 to a Python scalar
can only convert an array of size 1 to a Python scalar
can only convert an array of size 1 to a Python scalar
can only convert an array of size 1 to a Python scalar
can only convert an array of size 1 to a Python scalar
can only convert an array of size 1 to a Python scalar
can only convert an array of size 1 to a Python scalar
can only convert an array of size 1 to a Python scalar
can only convert an array of size 1 to a Python scalar
can only convert an array of size 1 to a Python scalar
can only convert an array of size 1 to a Python scalar
can only convert an array of size 1 to a Python scalar
can only convert an array of size 1 to a Python scalar
can only convert an array of size 1 to a Python scalar
can only convert an array of size 1 to a Python scalar
can only convert an array of size 1 to a Python scalar
can only convert an array of size 1 to a Python scalar
can only convert an array of size 1 to a Python scalar
can only convert an array of size 1 to a Python scalar
can only convert an array of size 1 to a Python scalar
can only convert an array of size 1 to a Python scalar
can only convert an array of size 1 to a Python scalar
can only convert an array of size 1 to a Python scalar
can only convert an array of size 1 to a Python scalar
can only convert an array of size 1 to a Python scalar
can only convert an array of size 1 to a Python scalar
can only convert an array of size 1 to a Python scalar
can only convert an array of size 1 to a Python scalar
can only convert an array of size 1 to a Python scalar
can only convert an array of size 1 to a Python scalar
can only convert an array of size 1 to a Python scalar
can only convert an array of size 1 to a Python scalar
can only convert an array of size 1 to a Python scalar
can only convert an array of size 1 to a Python scalar
can only convert an array of size 1 to a Python scalar
can only convert an array of size 1 to a Python scalar
can only convert an array of size 1 to a Python scalar
can only convert an array of size 1 to a Python scalar
can only convert an array of size 1 to a Python scalar
can only convert an array of size 1 to a Python scalar
can only convert an array of size 1 to a Python scalar
can only convert an array of size 1 to a Python scalar
can only convert an array of size 1 to a Python scalar
can only convert an array of size 1 to a Python scalar
can only convert an array of size 1 to a Python scalar
can only convert an array of size 1 to a Python scalar
can only convert an array of size 1 to a Python scalar
can only convert an array of size 1 to a Python scalar
can only convert an array of size 1 to a Python scalar
can only convert an array of size 1 to a Python scalar
can only convert an array of size 1 to a Python scalar
can only convert an array of size 1 to a Python scalar
can only convert an array of size 1 to a Python scalar
can only convert an array of size 1 to a Python scalar
can only convert an array of size 1 to a Python scalar
can only convert an array of size 1 to a Python scalar
can only convert an array of size 1 to a Python scalar
can only convert an array of size 1 to a Python scalar
can only convert an array of size 1 to a Python scalar
can only convert an array of size 1 to a Python scalar
can only convert an array of size 1 to a Python scalar
can only convert an array of size 1 to a Python scalar
can only convert an array of size 1 to a Python scalar
can only convert an array of size 1 to a Python scalar
can only convert an array of size 1 to a Python scalar
can only convert an array of size 1 to a Python scalar
can only convert an array of size 1 to a Python scalar
can only convert an array of size 1 to a Python scalar
can only convert an array of size 1 to a Python scalar
can only convert an array of size 1 to a Python scalar
can only convert an array of size 1 to a Python scalar
can only convert an array of size 1 to a Python scalar
can only convert an array of size 1 to a Python scalar
can only convert an array of size 1 to a Python scalar
can only convert an array of size 1 to a Python scalar
can only convert an array of size 1 to a Python scalar
can only convert an array of size 1 to a Python scalar
can only convert an array of size 1 to a Python scalar
can only convert an array of size 1 to a Python scalar
can only convert an array of size 1 to a Python scalar
can only convert an array of size 1 to a Python scalar
can only convert an array of size 1 to a Python scalar
can only convert an array of size 1 to a Python scalar
can only convert an array of size 1 to a Python scalar
can only convert an array of size 1 to a Python scalar
can only convert an array of size 1 to a Python scalar
can only convert an array of size 1 to a Python scalar
can only convert an array of size 1 to a Python scalar
can only convert an array of size 1 to a Python scalar
can only convert an array of size 1 to a Python scalar
can only convert an array of size 1 to a Python scalar
can only convert an array of size 1 to a Python scalar
can only convert an array of size 1 to a Python scalar
can only convert an array of size 1 to a Python scalar
can only convert an array of size 1 to a Python scalar
can only convert an array of size 1 to a Python scalar
can only convert an array of size 1 to a Python scalar
can only convert an array of size 1 to a Python scalar
can only convert an array of size 1 to a Python scalar
can only convert an array of size 1 to a Python scalar
can only convert an array of size 1 to a Python scalar
can only convert an array of size 1 to a Python scalar
can only convert an array of size 1 to a Python scalar
can only convert an array of size 1 to a Python scalar
can only convert an array of size 1 to a Python scalar
Downloading complete for Habrosyne pyritoides with 2 images.
Downloading for Ochropacha duplaris which has a total of 52093 image occurrences.
can only convert an array of size 1 to a Python scalar
can only convert an array of size 1 to a Python scalar
can only convert an array of size 1 to a Python scalar
can only convert an array of size 1 to a Python scalar
can only convert an array of size 1 to a Python scalar
can only convert an array of size 1 to a Python scalar
can only convert an array of size 1 to a Python scalar
can only convert an array of size 1 to a Python scalar
can only convert an array of size 1 to a Python scalar
can only convert an array of size 1 to a Python scalar
Downloading complete for Ochropacha duplaris with 2 images.
Downloading for Polyploca ridens which has a total of 10507 image occurrences.
can only convert an array of size 1 to a Python scalar
can only convert an array of size 1 to a Python scalar
can only convert an array of size 1 to a Python scalar
can only convert an array of size 1 to a Python scalar
can only convert an array of size 1 to a Python scalar
Downloading complete for Polyploca ridens with 2 images.
Downloading for Sabra harpagula which has a total of 3544 image occurrences.
can only convert an array of size 1 to a Python scalar
can only convert an array of size 1 to a Python scalar
can only convert an array of size 1 to a Python scalar
can only convert an array of size 1 to a Python scalar
can only convert an array of size 1 to a Python scalar
can only convert an array of size 1 to a Python scalar
can only convert an array of size 1 to a Python scalar
Downloading complete for Sabra harpagula with 2 images.
Downloading for Tethea ocularis which has a total of 19079 image occurrences.
can only convert an array of size 1 to a Python scalar
can only convert an array of size 1 to a Python scalar
can only convert an array of size 1 to a Python scalar
can only convert an array of size 1 to a Python scalar
can only convert an array of size 1 to a Python scalar
can only convert an array of size 1 to a Python scalar
can only convert an array of size 1 to a Python scalar
can only convert an array of size 1 to a Python scalar
can only convert an array of size 1 to a Python scalar
can only convert an array of size 1 to a Python scalar
can only convert an array of size 1 to a Python scalar
can only convert an array of size 1 to a Python scalar
can only convert an array of size 1 to a Python scalar
can only convert an array of size 1 to a Python scalar
can only convert an array of size 1 to a Python scalar
can only convert an array of size 1 to a Python scalar
can only convert an array of size 1 to a Python scalar
can only convert an array of size 1 to a Python scalar
can only convert an array of size 1 to a Python scalar
can only convert an array of size 1 to a Python scalar
can only convert an array of size 1 to a Python scalar
can only convert an array of size 1 to a Python scalar
can only convert an array of size 1 to a Python scalar
can only convert an array of size 1 to a Python scalar
can only convert an array of size 1 to a Python scalar
can only convert an array of size 1 to a Python scalar
Downloading complete for Tethea ocularis with 2 images.
Downloading for Tethea or which has a total of 40903 image occurrences.
can only convert an array of size 1 to a Python scalar
can only convert an array of size 1 to a Python scalar
can only convert an array of size 1 to a Python scalar
can only convert an array of size 1 to a Python scalar
can only convert an array of size 1 to a Python scalar
can only convert an array of size 1 to a Python scalar
can only convert an array of size 1 to a Python scalar
can only convert an array of size 1 to a Python scalar
can only convert an array of size 1 to a Python scalar
can only convert an array of size 1 to a Python scalar
can only convert an array of size 1 to a Python scalar
can only convert an array of size 1 to a Python scalar
can only convert an array of size 1 to a Python scalar
can only convert an array of size 1 to a Python scalar
can only convert an array of size 1 to a Python scalar
can only convert an array of size 1 to a Python scalar
can only convert an array of size 1 to a Python scalar
can only convert an array of size 1 to a Python scalar
can only convert an array of size 1 to a Python scalar
can only convert an array of size 1 to a Python scalar
can only convert an array of size 1 to a Python scalar
can only convert an array of size 1 to a Python scalar
can only convert an array of size 1 to a Python scalar
can only convert an array of size 1 to a Python scalar
can only convert an array of size 1 to a Python scalar
can only convert an array of size 1 to a Python scalar
can only convert an array of size 1 to a Python scalar
can only convert an array of size 1 to a Python scalar
can only convert an array of size 1 to a Python scalar
can only convert an array of size 1 to a Python scalar
can only convert an array of size 1 to a Python scalar
can only convert an array of size 1 to a Python scalar
can only convert an array of size 1 to a Python scalar
can only convert an array of size 1 to a Python scalar
can only convert an array of size 1 to a Python scalar
can only convert an array of size 1 to a Python scalar
can only convert an array of size 1 to a Python scalar
Downloading complete for Tethea or with 2 images.
Downloading for Tetheella fluctuosa which has a total of 23268 image occurrences.
can only convert an array of size 1 to a Python scalar
can only convert an array of size 1 to a Python scalar
can only convert an array of size 1 to a Python scalar
can only convert an array of size 1 to a Python scalar
can only convert an array of size 1 to a Python scalar
can only convert an array of size 1 to a Python scalar
can only convert an array of size 1 to a Python scalar
can only convert an array of size 1 to a Python scalar
can only convert an array of size 1 to a Python scalar
can only convert an array of size 1 to a Python scalar
can only convert an array of size 1 to a Python scalar
can only convert an array of size 1 to a Python scalar
can only convert an array of size 1 to a Python scalar
can only convert an array of size 1 to a Python scalar
Downloading complete for Tetheella fluctuosa with 2 images.
Downloading for Thyatira batis which has a total of 78135 image occurrences.
can only convert an array of size 1 to a Python scalar
can only convert an array of size 1 to a Python scalar
can only convert an array of size 1 to a Python scalar
can only convert an array of size 1 to a Python scalar
can only convert an array of size 1 to a Python scalar
can only convert an array of size 1 to a Python scalar
can only convert an array of size 1 to a Python scalar
can only convert an array of size 1 to a Python scalar
can only convert an array of size 1 to a Python scalar
can only convert an array of size 1 to a Python scalar
can only convert an array of size 1 to a Python scalar
can only convert an array of size 1 to a Python scalar
can only convert an array of size 1 to a Python scalar
can only convert an array of size 1 to a Python scalar
can only convert an array of size 1 to a Python scalar
can only convert an array of size 1 to a Python scalar
can only convert an array of size 1 to a Python scalar
can only convert an array of size 1 to a Python scalar
can only convert an array of size 1 to a Python scalar
can only convert an array of size 1 to a Python scalar
can only convert an array of size 1 to a Python scalar
can only convert an array of size 1 to a Python scalar
can only convert an array of size 1 to a Python scalar
can only convert an array of size 1 to a Python scalar
can only convert an array of size 1 to a Python scalar
can only convert an array of size 1 to a Python scalar
can only convert an array of size 1 to a Python scalar
can only convert an array of size 1 to a Python scalar
can only convert an array of size 1 to a Python scalar
can only convert an array of size 1 to a Python scalar
can only convert an array of size 1 to a Python scalar
can only convert an array of size 1 to a Python scalar
can only convert an array of size 1 to a Python scalar
can only convert an array of size 1 to a Python scalar
can only convert an array of size 1 to a Python scalar
can only convert an array of size 1 to a Python scalar
can only convert an array of size 1 to a Python scalar
can only convert an array of size 1 to a Python scalar
can only convert an array of size 1 to a Python scalar
can only convert an array of size 1 to a Python scalar
can only convert an array of size 1 to a Python scalar
can only convert an array of size 1 to a Python scalar
can only convert an array of size 1 to a Python scalar
can only convert an array of size 1 to a Python scalar
can only convert an array of size 1 to a Python scalar
can only convert an array of size 1 to a Python scalar
can only convert an array of size 1 to a Python scalar
can only convert an array of size 1 to a Python scalar
can only convert an array of size 1 to a Python scalar
can only convert an array of size 1 to a Python scalar
can only convert an array of size 1 to a Python scalar
can only convert an array of size 1 to a Python scalar
can only convert an array of size 1 to a Python scalar
can only convert an array of size 1 to a Python scalar
can only convert an array of size 1 to a Python scalar
can only convert an array of size 1 to a Python scalar
can only convert an array of size 1 to a Python scalar
can only convert an array of size 1 to a Python scalar
can only convert an array of size 1 to a Python scalar
can only convert an array of size 1 to a Python scalar
can only convert an array of size 1 to a Python scalar
Downloading complete for Thyatira batis with 2 images.
Downloading for Watsonalla binaria which has a total of 63034 image occurrences.
can only convert an array of size 1 to a Python scalar
can only convert an array of size 1 to a Python scalar
can only convert an array of size 1 to a Python scalar
can only convert an array of size 1 to a Python scalar
can only convert an array of size 1 to a Python scalar
can only convert an array of size 1 to a Python scalar
can only convert an array of size 1 to a Python scalar
can only convert an array of size 1 to a Python scalar
can only convert an array of size 1 to a Python scalar
can only convert an array of size 1 to a Python scalar
can only convert an array of size 1 to a Python scalar
can only convert an array of size 1 to a Python scalar
can only convert an array of size 1 to a Python scalar
can only convert an array of size 1 to a Python scalar
can only convert an array of size 1 to a Python scalar
can only convert an array of size 1 to a Python scalar
can only convert an array of size 1 to a Python scalar
can only convert an array of size 1 to a Python scalar
can only convert an array of size 1 to a Python scalar
can only convert an array of size 1 to a Python scalar
can only convert an array of size 1 to a Python scalar
can only convert an array of size 1 to a Python scalar
Downloading complete for Watsonalla binaria with 2 images.
Downloading for Watsonalla cultraria which has a total of 19531 image occurrences.
can only convert an array of size 1 to a Python scalar
can only convert an array of size 1 to a Python scalar
can only convert an array of size 1 to a Python scalar
can only convert an array of size 1 to a Python scalar
can only convert an array of size 1 to a Python scalar
can only convert an array of size 1 to a Python scalar
can only convert an array of size 1 to a Python scalar
can only convert an array of size 1 to a Python scalar
can only convert an array of size 1 to a Python scalar
can only convert an array of size 1 to a Python scalar
can only convert an array of size 1 to a Python scalar
can only convert an array of size 1 to a Python scalar
can only convert an array of size 1 to a Python scalar
can only convert an array of size 1 to a Python scalar
can only convert an array of size 1 to a Python scalar
can only convert an array of size 1 to a Python scalar
can only convert an array of size 1 to a Python scalar
can only convert an array of size 1 to a Python scalar
can only convert an array of size 1 to a Python scalar
can only convert an array of size 1 to a Python scalar
can only convert an array of size 1 to a Python scalar
can only convert an array of size 1 to a Python scalar
can only convert an array of size 1 to a Python scalar
can only convert an array of size 1 to a Python scalar
can only convert an array of size 1 to a Python scalar
can only convert an array of size 1 to a Python scalar
can only convert an array of size 1 to a Python scalar
can only convert an array of size 1 to a Python scalar
can only convert an array of size 1 to a Python scalar
can only convert an array of size 1 to a Python scalar
can only convert an array of size 1 to a Python scalar
can only convert an array of size 1 to a Python scalar
Downloading complete for Watsonalla cultraria with 2 images.
Finished downloading for the given list!
Deleting the csv file
Saved the Sesiidae file.
Calling the download code
Starting reading the multimedia file...
Finished reading the multimedia...
Starting reading the occurrence file...
Finished reading the occurrence file...
Downloading for Bembecia ichneumoniformis which has a total of 4962 image occurrences.
can only convert an array of size 1 to a Python scalar
can only convert an array of size 1 to a Python scalar
can only convert an array of size 1 to a Python scalar
can only convert an array of size 1 to a Python scalar
can only convert an array of size 1 to a Python scalar
can only convert an array of size 1 to a Python scalar
can only convert an array of size 1 to a Python scalar
can only convert an array of size 1 to a Python scalar
can only convert an array of size 1 to a Python scalar
can only convert an array of size 1 to a Python scalar
Downloading complete for Bembecia ichneumoniformis with 2 images.
Downloading for Paranthrene tabaniformis which has a total of 4006 image occurrences.
can only convert an array of size 1 to a Python scalar
Downloading complete for Paranthrene tabaniformis with 2 images.
Downloading for Pennisetia hylaeiformis which has a total of 5834 image occurrences.
can only convert an array of size 1 to a Python scalar
can only convert an array of size 1 to a Python scalar
can only convert an array of size 1 to a Python scalar
can only convert an array of size 1 to a Python scalar
can only convert an array of size 1 to a Python scalar
can only convert an array of size 1 to a Python scalar
can only convert an array of size 1 to a Python scalar
can only convert an array of size 1 to a Python scalar
can only convert an array of size 1 to a Python scalar
Downloading complete for Pennisetia hylaeiformis with 2 images.
Downloading for Pyropteron chrysidiformis which has a total of 1264 image occurrences.
can only convert an array of size 1 to a Python scalar
can only convert an array of size 1 to a Python scalar
can only convert an array of size 1 to a Python scalar
can only convert an array of size 1 to a Python scalar
can only convert an array of size 1 to a Python scalar
can only convert an array of size 1 to a Python scalar
can only convert an array of size 1 to a Python scalar
can only convert an array of size 1 to a Python scalar
Downloading complete for Pyropteron chrysidiformis with 2 images.
Downloading for Synansphecia muscaeformis which has a total of 1155 image occurrences.
can only convert an array of size 1 to a Python scalar
can only convert an array of size 1 to a Python scalar
can only convert an array of size 1 to a Python scalar
can only convert an array of size 1 to a Python scalar
can only convert an array of size 1 to a Python scalar
can only convert an array of size 1 to a Python scalar
can only convert an array of size 1 to a Python scalar
can only convert an array of size 1 to a Python scalar
can only convert an array of size 1 to a Python scalar
can only convert an array of size 1 to a Python scalar
can only convert an array of size 1 to a Python scalar
can only convert an array of size 1 to a Python scalar
can only convert an array of size 1 to a Python scalar
can only convert an array of size 1 to a Python scalar
can only convert an array of size 1 to a Python scalar
can only convert an array of size 1 to a Python scalar
can only convert an array of size 1 to a Python scalar
can only convert an array of size 1 to a Python scalar
can only convert an array of size 1 to a Python scalar
can only convert an array of size 1 to a Python scalar
can only convert an array of size 1 to a Python scalar
Downloading complete for Synansphecia muscaeformis with 2 images.
Downloading for Sesia apiformis which has a total of 10225 image occurrences.
can only convert an array of size 1 to a Python scalar
can only convert an array of size 1 to a Python scalar
can only convert an array of size 1 to a Python scalar
can only convert an array of size 1 to a Python scalar
can only convert an array of size 1 to a Python scalar
can only convert an array of size 1 to a Python scalar
can only convert an array of size 1 to a Python scalar
Downloading complete for Sesia apiformis with 2 images.
Downloading for Sesia bembeciformis which has a total of 2976 image occurrences.
can only convert an array of size 1 to a Python scalar
can only convert an array of size 1 to a Python scalar
can only convert an array of size 1 to a Python scalar
can only convert an array of size 1 to a Python scalar
can only convert an array of size 1 to a Python scalar
Downloading complete for Sesia bembeciformis with 2 images.
Downloading for Synanthedon andrenaeformis which has a total of 2341 image occurrences.
can only convert an array of size 1 to a Python scalar
can only convert an array of size 1 to a Python scalar
can only convert an array of size 1 to a Python scalar
can only convert an array of size 1 to a Python scalar
Downloading complete for Synanthedon andrenaeformis with 2 images.
Downloading for Synanthedon culiciformis which has a total of 3958 image occurrences.
can only convert an array of size 1 to a Python scalar
Downloading complete for Synanthedon culiciformis with 2 images.
Downloading for Synanthedon flaviventris which has a total of 1112 image occurrences.
can only convert an array of size 1 to a Python scalar
can only convert an array of size 1 to a Python scalar
can only convert an array of size 1 to a Python scalar
can only convert an array of size 1 to a Python scalar
Downloading complete for Synanthedon flaviventris with 2 images.
Downloading for Synanthedon formicaeformis which has a total of 6271 image occurrences.
can only convert an array of size 1 to a Python scalar
can only convert an array of size 1 to a Python scalar
can only convert an array of size 1 to a Python scalar
Downloading complete for Synanthedon formicaeformis with 2 images.
Downloading for Synanthedon myopaeformis which has a total of 19440 image occurrences.
can only convert an array of size 1 to a Python scalar
can only convert an array of size 1 to a Python scalar
can only convert an array of size 1 to a Python scalar
can only convert an array of size 1 to a Python scalar
can only convert an array of size 1 to a Python scalar
can only convert an array of size 1 to a Python scalar
Downloading complete for Synanthedon myopaeformis with 2 images.
Downloading for Synanthedon scoliaeformis which has a total of 3489 image occurrences.
can only convert an array of size 1 to a Python scalar
can only convert an array of size 1 to a Python scalar
can only convert an array of size 1 to a Python scalar
can only convert an array of size 1 to a Python scalar
can only convert an array of size 1 to a Python scalar
Downloading complete for Synanthedon scoliaeformis with 2 images.
Downloading for Synanthedon spheciformis which has a total of 3195 image occurrences.
can only convert an array of size 1 to a Python scalar
can only convert an array of size 1 to a Python scalar
Downloading complete for Synanthedon spheciformis with 2 images.
Downloading for Synanthedon tipuliformis which has a total of 7039 image occurrences.
can only convert an array of size 1 to a Python scalar
can only convert an array of size 1 to a Python scalar
can only convert an array of size 1 to a Python scalar
can only convert an array of size 1 to a Python scalar
can only convert an array of size 1 to a Python scalar
Downloading complete for Synanthedon tipuliformis with 2 images.
Downloading for Synanthedon vespiformis which has a total of 4459 image occurrences.
can only convert an array of size 1 to a Python scalar
can only convert an array of size 1 to a Python scalar
Downloading complete for Synanthedon vespiformis with 2 images.
Finished downloading for the given list!
/bask/projects/v/vjgo8416-amber/conda_envs/gbif-species-trainer-AMI-fork/lib/python3.8/site-packages/dwca/read.py:203: DtypeWarning: Columns (7) have mixed types. Specify dtype option on import or set low_memory=False.
  df = read_csv(self.absolute_temporary_path(relative_path), **kwargs)
/bask/projects/v/vjgo8416-amber/conda_envs/gbif-species-trainer-AMI-fork/lib/python3.8/site-packages/dwca/read.py:203: DtypeWarning: Columns (2,9,26,35,39,42,46,47,54,56,57,58,59,60,61,62,64,65,66,67,68,69,70,71,74,75,76,77,78,79,82,84,85,86,87,88,89,90,91,92,93,96,97,98,99,100,101,102,103,109,110,111,113,114,115,116,117,118,119,121,122,123,125,126,127,128,129,130,132,135,136,142,143,144,145,147,148,149,150,151,161,170,171,172,173,174,175,176,178,179,180,181,183,185,186,187,189,190,191,192,193,195,207,210,211,212,214,215,227,243,247,249,250,251,252,253,254,255,256) have mixed types. Specify dtype option on import or set low_memory=False.
  df = read_csv(self.absolute_temporary_path(relative_path), **kwargs)
/bask/projects/v/vjgo8416-amber/conda_envs/gbif-species-trainer-AMI-fork/lib/python3.8/site-packages/dwca/read.py:203: DtypeWarning: Columns (2,9,26,35,39,42,46,47,54,56,57,58,61,62,64,65,66,67,68,69,71,74,75,76,77,78,79,81,82,84,85,86,87,88,89,90,91,92,93,94,96,97,98,99,100,101,103,109,110,111,113,115,116,117,118,119,121,122,123,125,126,127,128,129,130,132,135,136,142,143,144,145,147,148,149,150,151,152,153,154,155,156,157,158,159,160,167,170,171,172,173,175,176,177,178,179,180,181,183,185,186,187,189,190,191,192,193,195,205,207,210,211,212,214,215,227,243,247) have mixed types. Specify dtype option on import or set low_memory=False.
  df = read_csv(self.absolute_temporary_path(relative_path), **kwargs)
Deleting the csv file
