Miniconda3/4.10.3
Saved the Hepialidae file.
Calling the download code
Starting reading the multimedia file...
Finished reading the multimedia...
Starting reading the occurrence file...
Finished reading the occurrence file...
1828637
1828637
Already downloaded for Hepialus humuli.
7448174
7448174
Already downloaded for Korscheltellus fusconebulosus.
5879654
5879654
Already downloaded for Korscheltellus lupulina.
4525610
4525610
Already downloaded for Phymatopus hecta.
6097236
6097236
Already downloaded for Triodia sylvina.
Finished downloading for the given list!
/bask/projects/v/vjgo8416-amber/conda_envs/gbif-species-trainer-AMI-fork/lib/python3.8/site-packages/dwca/read.py:203: DtypeWarning: Columns (2,9,26,35,39,42,46,47,48,54,56,57,58,59,60,61,62,64,65,66,68,69,70,71,74,75,76,77,78,79,82,84,85,86,87,88,89,90,91,92,93,96,97,98,99,100,101,103,109,110,111,113,114,115,116,117,118,119,121,122,123,125,126,127,128,129,130,135,136,142,143,144,145,147,148,149,150,151,157,159,161,165,166,167,168,171,172,173,174,175,176,177,178,179,180,181,183,185,187,189,190,191,192,193,195,201,207,210,211,212,214,215,227,243,247,249,250,251,252,253,254,255,256) have mixed types. Specify dtype option on import or set low_memory=False.
  df = read_csv(self.absolute_temporary_path(relative_path), **kwargs)
