Miniconda3/4.10.3
shorten_occurrence.py:64: DtypeWarning: Columns (61,76,180) have mixed types. Specify dtype option on import or set low_memory=False.
  for chunk in pd.read_csv(occurrence_file_path, **kwargs):
shorten_occurrence.py:64: DtypeWarning: Columns (61,76,180) have mixed types. Specify dtype option on import or set low_memory=False.
  for chunk in pd.read_csv(occurrence_file_path, **kwargs):
shorten_occurrence.py:64: DtypeWarning: Columns (61,76,108,138,180) have mixed types. Specify dtype option on import or set low_memory=False.
  for chunk in pd.read_csv(occurrence_file_path, **kwargs):
shorten_occurrence.py:64: DtypeWarning: Columns (61,76,180) have mixed types. Specify dtype option on import or set low_memory=False.
  for chunk in pd.read_csv(occurrence_file_path, **kwargs):
shorten_occurrence.py:64: DtypeWarning: Columns (61,76,180) have mixed types. Specify dtype option on import or set low_memory=False.
  for chunk in pd.read_csv(occurrence_file_path, **kwargs):
shorten_occurrence.py:64: DtypeWarning: Columns (61,76,180) have mixed types. Specify dtype option on import or set low_memory=False.
  for chunk in pd.read_csv(occurrence_file_path, **kwargs):
shorten_occurrence.py:64: DtypeWarning: Columns (61,76,138,180) have mixed types. Specify dtype option on import or set low_memory=False.
  for chunk in pd.read_csv(occurrence_file_path, **kwargs):
shorten_occurrence.py:64: DtypeWarning: Columns (61,76,180) have mixed types. Specify dtype option on import or set low_memory=False.
  for chunk in pd.read_csv(occurrence_file_path, **kwargs):
shorten_occurrence.py:64: DtypeWarning: Columns (61,76,180) have mixed types. Specify dtype option on import or set low_memory=False.
  for chunk in pd.read_csv(occurrence_file_path, **kwargs):
shorten_occurrence.py:64: DtypeWarning: Columns (61,76,180) have mixed types. Specify dtype option on import or set low_memory=False.
  for chunk in pd.read_csv(occurrence_file_path, **kwargs):
shorten_occurrence.py:64: DtypeWarning: Columns (61,76,180) have mixed types. Specify dtype option on import or set low_memory=False.
  for chunk in pd.read_csv(occurrence_file_path, **kwargs):
shorten_occurrence.py:64: DtypeWarning: Columns (61,76,180) have mixed types. Specify dtype option on import or set low_memory=False.
  for chunk in pd.read_csv(occurrence_file_path, **kwargs):
shorten_occurrence.py:64: DtypeWarning: Columns (61,76,180) have mixed types. Specify dtype option on import or set low_memory=False.
  for chunk in pd.read_csv(occurrence_file_path, **kwargs):
shorten_occurrence.py:64: DtypeWarning: Columns (61,76,108,138,180) have mixed types. Specify dtype option on import or set low_memory=False.
  for chunk in pd.read_csv(occurrence_file_path, **kwargs):
shorten_occurrence.py:64: DtypeWarning: Columns (61,76,180) have mixed types. Specify dtype option on import or set low_memory=False.
  for chunk in pd.read_csv(occurrence_file_path, **kwargs):
shorten_occurrence.py:64: DtypeWarning: Columns (61,76,180) have mixed types. Specify dtype option on import or set low_memory=False.
  for chunk in pd.read_csv(occurrence_file_path, **kwargs):
shorten_occurrence.py:64: DtypeWarning: Columns (61,76,180) have mixed types. Specify dtype option on import or set low_memory=False.
  for chunk in pd.read_csv(occurrence_file_path, **kwargs):
shorten_occurrence.py:64: DtypeWarning: Columns (61,76,180) have mixed types. Specify dtype option on import or set low_memory=False.
  for chunk in pd.read_csv(occurrence_file_path, **kwargs):
shorten_occurrence.py:64: DtypeWarning: Columns (61,76,180) have mixed types. Specify dtype option on import or set low_memory=False.
  for chunk in pd.read_csv(occurrence_file_path, **kwargs):
shorten_occurrence.py:64: DtypeWarning: Columns (61,76,180) have mixed types. Specify dtype option on import or set low_memory=False.
  for chunk in pd.read_csv(occurrence_file_path, **kwargs):
shorten_occurrence.py:64: DtypeWarning: Columns (76,180) have mixed types. Specify dtype option on import or set low_memory=False.
  for chunk in pd.read_csv(occurrence_file_path, **kwargs):
shorten_occurrence.py:64: DtypeWarning: Columns (76,180) have mixed types. Specify dtype option on import or set low_memory=False.
  for chunk in pd.read_csv(occurrence_file_path, **kwargs):
shorten_occurrence.py:64: DtypeWarning: Columns (61,76,137,180) have mixed types. Specify dtype option on import or set low_memory=False.
  for chunk in pd.read_csv(occurrence_file_path, **kwargs):
shorten_occurrence.py:64: DtypeWarning: Columns (76,180) have mixed types. Specify dtype option on import or set low_memory=False.
  for chunk in pd.read_csv(occurrence_file_path, **kwargs):
shorten_occurrence.py:64: DtypeWarning: Columns (61,76,180) have mixed types. Specify dtype option on import or set low_memory=False.
  for chunk in pd.read_csv(occurrence_file_path, **kwargs):
shorten_occurrence.py:64: DtypeWarning: Columns (61,76,180) have mixed types. Specify dtype option on import or set low_memory=False.
  for chunk in pd.read_csv(occurrence_file_path, **kwargs):
shorten_occurrence.py:64: DtypeWarning: Columns (61,76,137,180) have mixed types. Specify dtype option on import or set low_memory=False.
  for chunk in pd.read_csv(occurrence_file_path, **kwargs):
shorten_occurrence.py:64: DtypeWarning: Columns (61,76,180) have mixed types. Specify dtype option on import or set low_memory=False.
  for chunk in pd.read_csv(occurrence_file_path, **kwargs):
shorten_occurrence.py:64: DtypeWarning: Columns (61,180) have mixed types. Specify dtype option on import or set low_memory=False.
  for chunk in pd.read_csv(occurrence_file_path, **kwargs):
shorten_occurrence.py:64: DtypeWarning: Columns (61,76,180) have mixed types. Specify dtype option on import or set low_memory=False.
  for chunk in pd.read_csv(occurrence_file_path, **kwargs):
shorten_occurrence.py:64: DtypeWarning: Columns (61,76,180) have mixed types. Specify dtype option on import or set low_memory=False.
  for chunk in pd.read_csv(occurrence_file_path, **kwargs):
shorten_occurrence.py:64: DtypeWarning: Columns (61,76,180) have mixed types. Specify dtype option on import or set low_memory=False.
  for chunk in pd.read_csv(occurrence_file_path, **kwargs):
shorten_occurrence.py:64: DtypeWarning: Columns (61,76,137,180) have mixed types. Specify dtype option on import or set low_memory=False.
  for chunk in pd.read_csv(occurrence_file_path, **kwargs):
shorten_occurrence.py:64: DtypeWarning: Columns (61,76,180,240) have mixed types. Specify dtype option on import or set low_memory=False.
  for chunk in pd.read_csv(occurrence_file_path, **kwargs):
shorten_occurrence.py:64: DtypeWarning: Columns (61,76,180) have mixed types. Specify dtype option on import or set low_memory=False.
  for chunk in pd.read_csv(occurrence_file_path, **kwargs):
shorten_occurrence.py:64: DtypeWarning: Columns (61,76,180) have mixed types. Specify dtype option on import or set low_memory=False.
  for chunk in pd.read_csv(occurrence_file_path, **kwargs):
shorten_occurrence.py:64: DtypeWarning: Columns (61,76,180) have mixed types. Specify dtype option on import or set low_memory=False.
  for chunk in pd.read_csv(occurrence_file_path, **kwargs):
shorten_occurrence.py:64: DtypeWarning: Columns (61,76,180) have mixed types. Specify dtype option on import or set low_memory=False.
  for chunk in pd.read_csv(occurrence_file_path, **kwargs):
shorten_occurrence.py:64: DtypeWarning: Columns (61,76,180) have mixed types. Specify dtype option on import or set low_memory=False.
  for chunk in pd.read_csv(occurrence_file_path, **kwargs):
shorten_occurrence.py:64: DtypeWarning: Columns (61,76,180) have mixed types. Specify dtype option on import or set low_memory=False.
  for chunk in pd.read_csv(occurrence_file_path, **kwargs):
shorten_occurrence.py:64: DtypeWarning: Columns (61,76,180) have mixed types. Specify dtype option on import or set low_memory=False.
  for chunk in pd.read_csv(occurrence_file_path, **kwargs):
shorten_occurrence.py:64: DtypeWarning: Columns (61,180) have mixed types. Specify dtype option on import or set low_memory=False.
  for chunk in pd.read_csv(occurrence_file_path, **kwargs):
shorten_occurrence.py:64: DtypeWarning: Columns (61,76,180) have mixed types. Specify dtype option on import or set low_memory=False.
  for chunk in pd.read_csv(occurrence_file_path, **kwargs):
shorten_occurrence.py:64: DtypeWarning: Columns (61,76,180) have mixed types. Specify dtype option on import or set low_memory=False.
  for chunk in pd.read_csv(occurrence_file_path, **kwargs):
shorten_occurrence.py:64: DtypeWarning: Columns (61,76,180,231) have mixed types. Specify dtype option on import or set low_memory=False.
  for chunk in pd.read_csv(occurrence_file_path, **kwargs):
shorten_occurrence.py:64: DtypeWarning: Columns (61,76,180) have mixed types. Specify dtype option on import or set low_memory=False.
  for chunk in pd.read_csv(occurrence_file_path, **kwargs):
shorten_occurrence.py:64: DtypeWarning: Columns (61,76,180) have mixed types. Specify dtype option on import or set low_memory=False.
  for chunk in pd.read_csv(occurrence_file_path, **kwargs):
shorten_occurrence.py:64: DtypeWarning: Columns (61,76,180) have mixed types. Specify dtype option on import or set low_memory=False.
  for chunk in pd.read_csv(occurrence_file_path, **kwargs):
shorten_occurrence.py:64: DtypeWarning: Columns (61,76,137,180) have mixed types. Specify dtype option on import or set low_memory=False.
  for chunk in pd.read_csv(occurrence_file_path, **kwargs):
shorten_occurrence.py:64: DtypeWarning: Columns (61,76,137,138,180) have mixed types. Specify dtype option on import or set low_memory=False.
  for chunk in pd.read_csv(occurrence_file_path, **kwargs):
shorten_occurrence.py:64: DtypeWarning: Columns (61,76,180) have mixed types. Specify dtype option on import or set low_memory=False.
  for chunk in pd.read_csv(occurrence_file_path, **kwargs):
shorten_occurrence.py:64: DtypeWarning: Columns (61,76,138,180) have mixed types. Specify dtype option on import or set low_memory=False.
  for chunk in pd.read_csv(occurrence_file_path, **kwargs):
shorten_occurrence.py:64: DtypeWarning: Columns (61,76,180) have mixed types. Specify dtype option on import or set low_memory=False.
  for chunk in pd.read_csv(occurrence_file_path, **kwargs):
shorten_occurrence.py:64: DtypeWarning: Columns (61,76,180) have mixed types. Specify dtype option on import or set low_memory=False.
  for chunk in pd.read_csv(occurrence_file_path, **kwargs):
shorten_occurrence.py:64: DtypeWarning: Columns (61,76,180) have mixed types. Specify dtype option on import or set low_memory=False.
  for chunk in pd.read_csv(occurrence_file_path, **kwargs):
shorten_occurrence.py:64: DtypeWarning: Columns (61,76,106,180) have mixed types. Specify dtype option on import or set low_memory=False.
  for chunk in pd.read_csv(occurrence_file_path, **kwargs):
shorten_occurrence.py:64: DtypeWarning: Columns (61,76,137,180) have mixed types. Specify dtype option on import or set low_memory=False.
  for chunk in pd.read_csv(occurrence_file_path, **kwargs):
shorten_occurrence.py:64: DtypeWarning: Columns (61,76,180) have mixed types. Specify dtype option on import or set low_memory=False.
  for chunk in pd.read_csv(occurrence_file_path, **kwargs):
shorten_occurrence.py:64: DtypeWarning: Columns (61,180) have mixed types. Specify dtype option on import or set low_memory=False.
  for chunk in pd.read_csv(occurrence_file_path, **kwargs):
shorten_occurrence.py:64: DtypeWarning: Columns (61,76,180) have mixed types. Specify dtype option on import or set low_memory=False.
  for chunk in pd.read_csv(occurrence_file_path, **kwargs):
shorten_occurrence.py:64: DtypeWarning: Columns (61,76,180) have mixed types. Specify dtype option on import or set low_memory=False.
  for chunk in pd.read_csv(occurrence_file_path, **kwargs):
shorten_occurrence.py:64: DtypeWarning: Columns (61,76,180) have mixed types. Specify dtype option on import or set low_memory=False.
  for chunk in pd.read_csv(occurrence_file_path, **kwargs):
shorten_occurrence.py:64: DtypeWarning: Columns (61,76,180) have mixed types. Specify dtype option on import or set low_memory=False.
  for chunk in pd.read_csv(occurrence_file_path, **kwargs):
shorten_occurrence.py:64: DtypeWarning: Columns (61,76,180) have mixed types. Specify dtype option on import or set low_memory=False.
  for chunk in pd.read_csv(occurrence_file_path, **kwargs):
shorten_occurrence.py:64: DtypeWarning: Columns (61,76,180) have mixed types. Specify dtype option on import or set low_memory=False.
  for chunk in pd.read_csv(occurrence_file_path, **kwargs):
shorten_occurrence.py:64: DtypeWarning: Columns (61,76,180) have mixed types. Specify dtype option on import or set low_memory=False.
  for chunk in pd.read_csv(occurrence_file_path, **kwargs):
shorten_occurrence.py:64: DtypeWarning: Columns (61,76,180) have mixed types. Specify dtype option on import or set low_memory=False.
  for chunk in pd.read_csv(occurrence_file_path, **kwargs):
shorten_occurrence.py:64: DtypeWarning: Columns (61,76,137,180) have mixed types. Specify dtype option on import or set low_memory=False.
  for chunk in pd.read_csv(occurrence_file_path, **kwargs):
shorten_occurrence.py:64: DtypeWarning: Columns (61,76,137,138,180) have mixed types. Specify dtype option on import or set low_memory=False.
  for chunk in pd.read_csv(occurrence_file_path, **kwargs):
shorten_occurrence.py:64: DtypeWarning: Columns (61,76,180) have mixed types. Specify dtype option on import or set low_memory=False.
  for chunk in pd.read_csv(occurrence_file_path, **kwargs):
shorten_occurrence.py:64: DtypeWarning: Columns (61,76,180) have mixed types. Specify dtype option on import or set low_memory=False.
  for chunk in pd.read_csv(occurrence_file_path, **kwargs):
shorten_occurrence.py:64: DtypeWarning: Columns (76,180) have mixed types. Specify dtype option on import or set low_memory=False.
  for chunk in pd.read_csv(occurrence_file_path, **kwargs):
shorten_occurrence.py:64: DtypeWarning: Columns (61,76,180) have mixed types. Specify dtype option on import or set low_memory=False.
  for chunk in pd.read_csv(occurrence_file_path, **kwargs):
shorten_occurrence.py:64: DtypeWarning: Columns (61,76,180) have mixed types. Specify dtype option on import or set low_memory=False.
  for chunk in pd.read_csv(occurrence_file_path, **kwargs):
shorten_occurrence.py:64: DtypeWarning: Columns (61,76,180) have mixed types. Specify dtype option on import or set low_memory=False.
  for chunk in pd.read_csv(occurrence_file_path, **kwargs):
shorten_occurrence.py:64: DtypeWarning: Columns (61,76) have mixed types. Specify dtype option on import or set low_memory=False.
  for chunk in pd.read_csv(occurrence_file_path, **kwargs):
shorten_occurrence.py:64: DtypeWarning: Columns (61,76,180) have mixed types. Specify dtype option on import or set low_memory=False.
  for chunk in pd.read_csv(occurrence_file_path, **kwargs):
shorten_occurrence.py:64: DtypeWarning: Columns (61,76,180) have mixed types. Specify dtype option on import or set low_memory=False.
  for chunk in pd.read_csv(occurrence_file_path, **kwargs):
shorten_occurrence.py:64: DtypeWarning: Columns (61,76,180) have mixed types. Specify dtype option on import or set low_memory=False.
  for chunk in pd.read_csv(occurrence_file_path, **kwargs):
shorten_occurrence.py:64: DtypeWarning: Columns (61,76,137,180) have mixed types. Specify dtype option on import or set low_memory=False.
  for chunk in pd.read_csv(occurrence_file_path, **kwargs):
shorten_occurrence.py:64: DtypeWarning: Columns (61,76,180) have mixed types. Specify dtype option on import or set low_memory=False.
  for chunk in pd.read_csv(occurrence_file_path, **kwargs):
shorten_occurrence.py:64: DtypeWarning: Columns (61,76,180) have mixed types. Specify dtype option on import or set low_memory=False.
  for chunk in pd.read_csv(occurrence_file_path, **kwargs):
shorten_occurrence.py:64: DtypeWarning: Columns (61,76,180) have mixed types. Specify dtype option on import or set low_memory=False.
  for chunk in pd.read_csv(occurrence_file_path, **kwargs):
shorten_occurrence.py:64: DtypeWarning: Columns (61,76,180) have mixed types. Specify dtype option on import or set low_memory=False.
  for chunk in pd.read_csv(occurrence_file_path, **kwargs):
shorten_occurrence.py:64: DtypeWarning: Columns (61,76,180) have mixed types. Specify dtype option on import or set low_memory=False.
  for chunk in pd.read_csv(occurrence_file_path, **kwargs):
shorten_occurrence.py:64: DtypeWarning: Columns (61,76,180) have mixed types. Specify dtype option on import or set low_memory=False.
  for chunk in pd.read_csv(occurrence_file_path, **kwargs):
shorten_occurrence.py:64: DtypeWarning: Columns (61,76,180) have mixed types. Specify dtype option on import or set low_memory=False.
  for chunk in pd.read_csv(occurrence_file_path, **kwargs):
shorten_occurrence.py:64: DtypeWarning: Columns (61,76,180) have mixed types. Specify dtype option on import or set low_memory=False.
  for chunk in pd.read_csv(occurrence_file_path, **kwargs):
shorten_occurrence.py:64: DtypeWarning: Columns (61,76,180) have mixed types. Specify dtype option on import or set low_memory=False.
  for chunk in pd.read_csv(occurrence_file_path, **kwargs):
shorten_occurrence.py:64: DtypeWarning: Columns (61,76,180) have mixed types. Specify dtype option on import or set low_memory=False.
  for chunk in pd.read_csv(occurrence_file_path, **kwargs):
shorten_occurrence.py:64: DtypeWarning: Columns (61,76,180) have mixed types. Specify dtype option on import or set low_memory=False.
  for chunk in pd.read_csv(occurrence_file_path, **kwargs):
shorten_occurrence.py:64: DtypeWarning: Columns (61,76,180) have mixed types. Specify dtype option on import or set low_memory=False.
  for chunk in pd.read_csv(occurrence_file_path, **kwargs):
shorten_occurrence.py:64: DtypeWarning: Columns (61,76,180) have mixed types. Specify dtype option on import or set low_memory=False.
  for chunk in pd.read_csv(occurrence_file_path, **kwargs):
shorten_occurrence.py:64: DtypeWarning: Columns (61,76,137,180) have mixed types. Specify dtype option on import or set low_memory=False.
  for chunk in pd.read_csv(occurrence_file_path, **kwargs):
shorten_occurrence.py:64: DtypeWarning: Columns (61,76,180) have mixed types. Specify dtype option on import or set low_memory=False.
  for chunk in pd.read_csv(occurrence_file_path, **kwargs):
shorten_occurrence.py:64: DtypeWarning: Columns (61,76,180) have mixed types. Specify dtype option on import or set low_memory=False.
  for chunk in pd.read_csv(occurrence_file_path, **kwargs):
shorten_occurrence.py:64: DtypeWarning: Columns (61,76,180) have mixed types. Specify dtype option on import or set low_memory=False.
  for chunk in pd.read_csv(occurrence_file_path, **kwargs):
shorten_occurrence.py:64: DtypeWarning: Columns (61) have mixed types. Specify dtype option on import or set low_memory=False.
  for chunk in pd.read_csv(occurrence_file_path, **kwargs):
shorten_occurrence.py:64: DtypeWarning: Columns (61,76) have mixed types. Specify dtype option on import or set low_memory=False.
  for chunk in pd.read_csv(occurrence_file_path, **kwargs):
shorten_occurrence.py:64: DtypeWarning: Columns (61,76,180) have mixed types. Specify dtype option on import or set low_memory=False.
  for chunk in pd.read_csv(occurrence_file_path, **kwargs):
shorten_occurrence.py:64: DtypeWarning: Columns (61,76,180) have mixed types. Specify dtype option on import or set low_memory=False.
  for chunk in pd.read_csv(occurrence_file_path, **kwargs):
shorten_occurrence.py:64: DtypeWarning: Columns (61,76,180,231) have mixed types. Specify dtype option on import or set low_memory=False.
  for chunk in pd.read_csv(occurrence_file_path, **kwargs):
shorten_occurrence.py:64: DtypeWarning: Columns (61,76,180) have mixed types. Specify dtype option on import or set low_memory=False.
  for chunk in pd.read_csv(occurrence_file_path, **kwargs):
shorten_occurrence.py:64: DtypeWarning: Columns (61,76,180) have mixed types. Specify dtype option on import or set low_memory=False.
  for chunk in pd.read_csv(occurrence_file_path, **kwargs):
shorten_occurrence.py:64: DtypeWarning: Columns (61,76,137,180) have mixed types. Specify dtype option on import or set low_memory=False.
  for chunk in pd.read_csv(occurrence_file_path, **kwargs):
shorten_occurrence.py:64: DtypeWarning: Columns (76,180) have mixed types. Specify dtype option on import or set low_memory=False.
  for chunk in pd.read_csv(occurrence_file_path, **kwargs):
shorten_occurrence.py:64: DtypeWarning: Columns (61,76,138,180) have mixed types. Specify dtype option on import or set low_memory=False.
  for chunk in pd.read_csv(occurrence_file_path, **kwargs):
shorten_occurrence.py:64: DtypeWarning: Columns (61,76,107,137,180,231) have mixed types. Specify dtype option on import or set low_memory=False.
  for chunk in pd.read_csv(occurrence_file_path, **kwargs):
shorten_occurrence.py:64: DtypeWarning: Columns (61,76,180) have mixed types. Specify dtype option on import or set low_memory=False.
  for chunk in pd.read_csv(occurrence_file_path, **kwargs):
shorten_occurrence.py:64: DtypeWarning: Columns (61,76,180) have mixed types. Specify dtype option on import or set low_memory=False.
  for chunk in pd.read_csv(occurrence_file_path, **kwargs):
shorten_occurrence.py:64: DtypeWarning: Columns (61,76,180) have mixed types. Specify dtype option on import or set low_memory=False.
  for chunk in pd.read_csv(occurrence_file_path, **kwargs):
shorten_occurrence.py:64: DtypeWarning: Columns (61,76,180) have mixed types. Specify dtype option on import or set low_memory=False.
  for chunk in pd.read_csv(occurrence_file_path, **kwargs):
shorten_occurrence.py:64: DtypeWarning: Columns (61,76,180) have mixed types. Specify dtype option on import or set low_memory=False.
  for chunk in pd.read_csv(occurrence_file_path, **kwargs):
shorten_occurrence.py:64: DtypeWarning: Columns (61,76,180) have mixed types. Specify dtype option on import or set low_memory=False.
  for chunk in pd.read_csv(occurrence_file_path, **kwargs):
shorten_occurrence.py:64: DtypeWarning: Columns (61,76,180) have mixed types. Specify dtype option on import or set low_memory=False.
  for chunk in pd.read_csv(occurrence_file_path, **kwargs):
shorten_occurrence.py:64: DtypeWarning: Columns (76,180) have mixed types. Specify dtype option on import or set low_memory=False.
  for chunk in pd.read_csv(occurrence_file_path, **kwargs):
shorten_occurrence.py:64: DtypeWarning: Columns (61,76,137,180) have mixed types. Specify dtype option on import or set low_memory=False.
  for chunk in pd.read_csv(occurrence_file_path, **kwargs):
shorten_occurrence.py:64: DtypeWarning: Columns (61,76,180) have mixed types. Specify dtype option on import or set low_memory=False.
  for chunk in pd.read_csv(occurrence_file_path, **kwargs):
shorten_occurrence.py:64: DtypeWarning: Columns (61,76,137,180) have mixed types. Specify dtype option on import or set low_memory=False.
  for chunk in pd.read_csv(occurrence_file_path, **kwargs):
shorten_occurrence.py:64: DtypeWarning: Columns (61,76,180) have mixed types. Specify dtype option on import or set low_memory=False.
  for chunk in pd.read_csv(occurrence_file_path, **kwargs):
shorten_occurrence.py:64: DtypeWarning: Columns (61,76,180) have mixed types. Specify dtype option on import or set low_memory=False.
  for chunk in pd.read_csv(occurrence_file_path, **kwargs):
shorten_occurrence.py:64: DtypeWarning: Columns (61,76,138,180) have mixed types. Specify dtype option on import or set low_memory=False.
  for chunk in pd.read_csv(occurrence_file_path, **kwargs):
shorten_occurrence.py:64: DtypeWarning: Columns (61,76,180) have mixed types. Specify dtype option on import or set low_memory=False.
  for chunk in pd.read_csv(occurrence_file_path, **kwargs):
shorten_occurrence.py:64: DtypeWarning: Columns (61,76,180) have mixed types. Specify dtype option on import or set low_memory=False.
  for chunk in pd.read_csv(occurrence_file_path, **kwargs):
shorten_occurrence.py:64: DtypeWarning: Columns (61,76,180) have mixed types. Specify dtype option on import or set low_memory=False.
  for chunk in pd.read_csv(occurrence_file_path, **kwargs):
shorten_occurrence.py:64: DtypeWarning: Columns (61,76,180,231) have mixed types. Specify dtype option on import or set low_memory=False.
  for chunk in pd.read_csv(occurrence_file_path, **kwargs):
shorten_occurrence.py:64: DtypeWarning: Columns (61,76,180) have mixed types. Specify dtype option on import or set low_memory=False.
  for chunk in pd.read_csv(occurrence_file_path, **kwargs):
shorten_occurrence.py:64: DtypeWarning: Columns (61,76,180) have mixed types. Specify dtype option on import or set low_memory=False.
  for chunk in pd.read_csv(occurrence_file_path, **kwargs):
shorten_occurrence.py:64: DtypeWarning: Columns (76,180) have mixed types. Specify dtype option on import or set low_memory=False.
  for chunk in pd.read_csv(occurrence_file_path, **kwargs):
shorten_occurrence.py:64: DtypeWarning: Columns (61,76,180) have mixed types. Specify dtype option on import or set low_memory=False.
  for chunk in pd.read_csv(occurrence_file_path, **kwargs):
shorten_occurrence.py:64: DtypeWarning: Columns (61,76,180) have mixed types. Specify dtype option on import or set low_memory=False.
  for chunk in pd.read_csv(occurrence_file_path, **kwargs):
shorten_occurrence.py:64: DtypeWarning: Columns (61,76,180) have mixed types. Specify dtype option on import or set low_memory=False.
  for chunk in pd.read_csv(occurrence_file_path, **kwargs):
shorten_occurrence.py:64: DtypeWarning: Columns (61,76,180) have mixed types. Specify dtype option on import or set low_memory=False.
  for chunk in pd.read_csv(occurrence_file_path, **kwargs):
shorten_occurrence.py:64: DtypeWarning: Columns (61,76,180) have mixed types. Specify dtype option on import or set low_memory=False.
  for chunk in pd.read_csv(occurrence_file_path, **kwargs):
shorten_occurrence.py:64: DtypeWarning: Columns (61,76,180) have mixed types. Specify dtype option on import or set low_memory=False.
  for chunk in pd.read_csv(occurrence_file_path, **kwargs):
shorten_occurrence.py:64: DtypeWarning: Columns (61,76,180) have mixed types. Specify dtype option on import or set low_memory=False.
  for chunk in pd.read_csv(occurrence_file_path, **kwargs):
shorten_occurrence.py:64: DtypeWarning: Columns (61,76,180) have mixed types. Specify dtype option on import or set low_memory=False.
  for chunk in pd.read_csv(occurrence_file_path, **kwargs):
shorten_occurrence.py:64: DtypeWarning: Columns (61,76,180) have mixed types. Specify dtype option on import or set low_memory=False.
  for chunk in pd.read_csv(occurrence_file_path, **kwargs):
shorten_occurrence.py:64: DtypeWarning: Columns (61,76,180) have mixed types. Specify dtype option on import or set low_memory=False.
  for chunk in pd.read_csv(occurrence_file_path, **kwargs):
shorten_occurrence.py:64: DtypeWarning: Columns (180) have mixed types. Specify dtype option on import or set low_memory=False.
  for chunk in pd.read_csv(occurrence_file_path, **kwargs):
shorten_occurrence.py:64: DtypeWarning: Columns (61,76,180) have mixed types. Specify dtype option on import or set low_memory=False.
  for chunk in pd.read_csv(occurrence_file_path, **kwargs):
shorten_occurrence.py:64: DtypeWarning: Columns (61,76,180) have mixed types. Specify dtype option on import or set low_memory=False.
  for chunk in pd.read_csv(occurrence_file_path, **kwargs):
shorten_occurrence.py:64: DtypeWarning: Columns (61,76,180) have mixed types. Specify dtype option on import or set low_memory=False.
  for chunk in pd.read_csv(occurrence_file_path, **kwargs):
shorten_occurrence.py:64: DtypeWarning: Columns (61,76,137,138,180) have mixed types. Specify dtype option on import or set low_memory=False.
  for chunk in pd.read_csv(occurrence_file_path, **kwargs):
shorten_occurrence.py:64: DtypeWarning: Columns (61,76,180) have mixed types. Specify dtype option on import or set low_memory=False.
  for chunk in pd.read_csv(occurrence_file_path, **kwargs):
shorten_occurrence.py:64: DtypeWarning: Columns (61,76,180) have mixed types. Specify dtype option on import or set low_memory=False.
  for chunk in pd.read_csv(occurrence_file_path, **kwargs):
shorten_occurrence.py:64: DtypeWarning: Columns (61) have mixed types. Specify dtype option on import or set low_memory=False.
  for chunk in pd.read_csv(occurrence_file_path, **kwargs):
shorten_occurrence.py:64: DtypeWarning: Columns (61,76,180) have mixed types. Specify dtype option on import or set low_memory=False.
  for chunk in pd.read_csv(occurrence_file_path, **kwargs):
shorten_occurrence.py:64: DtypeWarning: Columns (61,76,137,180) have mixed types. Specify dtype option on import or set low_memory=False.
  for chunk in pd.read_csv(occurrence_file_path, **kwargs):
shorten_occurrence.py:64: DtypeWarning: Columns (61,76,180) have mixed types. Specify dtype option on import or set low_memory=False.
  for chunk in pd.read_csv(occurrence_file_path, **kwargs):
shorten_occurrence.py:64: DtypeWarning: Columns (61,76,180) have mixed types. Specify dtype option on import or set low_memory=False.
  for chunk in pd.read_csv(occurrence_file_path, **kwargs):
shorten_occurrence.py:64: DtypeWarning: Columns (61,76,180) have mixed types. Specify dtype option on import or set low_memory=False.
  for chunk in pd.read_csv(occurrence_file_path, **kwargs):
shorten_occurrence.py:64: DtypeWarning: Columns (61,76,180) have mixed types. Specify dtype option on import or set low_memory=False.
  for chunk in pd.read_csv(occurrence_file_path, **kwargs):
shorten_occurrence.py:64: DtypeWarning: Columns (61,76,180) have mixed types. Specify dtype option on import or set low_memory=False.
  for chunk in pd.read_csv(occurrence_file_path, **kwargs):
shorten_occurrence.py:64: DtypeWarning: Columns (61,76) have mixed types. Specify dtype option on import or set low_memory=False.
  for chunk in pd.read_csv(occurrence_file_path, **kwargs):
shorten_occurrence.py:64: DtypeWarning: Columns (61,76,180) have mixed types. Specify dtype option on import or set low_memory=False.
  for chunk in pd.read_csv(occurrence_file_path, **kwargs):
shorten_occurrence.py:64: DtypeWarning: Columns (61,76,180) have mixed types. Specify dtype option on import or set low_memory=False.
  for chunk in pd.read_csv(occurrence_file_path, **kwargs):
shorten_occurrence.py:64: DtypeWarning: Columns (61,137,138,180) have mixed types. Specify dtype option on import or set low_memory=False.
  for chunk in pd.read_csv(occurrence_file_path, **kwargs):
shorten_occurrence.py:64: DtypeWarning: Columns (61,180) have mixed types. Specify dtype option on import or set low_memory=False.
  for chunk in pd.read_csv(occurrence_file_path, **kwargs):
shorten_occurrence.py:64: DtypeWarning: Columns (61,76,180) have mixed types. Specify dtype option on import or set low_memory=False.
  for chunk in pd.read_csv(occurrence_file_path, **kwargs):
shorten_occurrence.py:64: DtypeWarning: Columns (61) have mixed types. Specify dtype option on import or set low_memory=False.
  for chunk in pd.read_csv(occurrence_file_path, **kwargs):
shorten_occurrence.py:64: DtypeWarning: Columns (61,76,180) have mixed types. Specify dtype option on import or set low_memory=False.
  for chunk in pd.read_csv(occurrence_file_path, **kwargs):
shorten_occurrence.py:64: DtypeWarning: Columns (61,76,180) have mixed types. Specify dtype option on import or set low_memory=False.
  for chunk in pd.read_csv(occurrence_file_path, **kwargs):
Starting to read...
Finished reading!
70233.4895620346
