Miniconda3/4.10.3
shorten_occurrence.py:64: DtypeWarning: Columns (61,76,180) have mixed types. Specify dtype option on import or set low_memory=False.
  for chunk in pd.read_csv(occurrence_file_path, **kwargs):
shorten_occurrence.py:64: DtypeWarning: Columns (61,76,180) have mixed types. Specify dtype option on import or set low_memory=False.
  for chunk in pd.read_csv(occurrence_file_path, **kwargs):
shorten_occurrence.py:64: DtypeWarning: Columns (61,76) have mixed types. Specify dtype option on import or set low_memory=False.
  for chunk in pd.read_csv(occurrence_file_path, **kwargs):
shorten_occurrence.py:64: DtypeWarning: Columns (61,76,180) have mixed types. Specify dtype option on import or set low_memory=False.
  for chunk in pd.read_csv(occurrence_file_path, **kwargs):
shorten_occurrence.py:64: DtypeWarning: Columns (61,76,180) have mixed types. Specify dtype option on import or set low_memory=False.
  for chunk in pd.read_csv(occurrence_file_path, **kwargs):
shorten_occurrence.py:64: DtypeWarning: Columns (61,76,180) have mixed types. Specify dtype option on import or set low_memory=False.
  for chunk in pd.read_csv(occurrence_file_path, **kwargs):
shorten_occurrence.py:64: DtypeWarning: Columns (61,76,180) have mixed types. Specify dtype option on import or set low_memory=False.
  for chunk in pd.read_csv(occurrence_file_path, **kwargs):
shorten_occurrence.py:64: DtypeWarning: Columns (61,76,180) have mixed types. Specify dtype option on import or set low_memory=False.
  for chunk in pd.read_csv(occurrence_file_path, **kwargs):
shorten_occurrence.py:64: DtypeWarning: Columns (61,76,180) have mixed types. Specify dtype option on import or set low_memory=False.
  for chunk in pd.read_csv(occurrence_file_path, **kwargs):
shorten_occurrence.py:64: DtypeWarning: Columns (61,76,180) have mixed types. Specify dtype option on import or set low_memory=False.
  for chunk in pd.read_csv(occurrence_file_path, **kwargs):
shorten_occurrence.py:64: DtypeWarning: Columns (61,76,180) have mixed types. Specify dtype option on import or set low_memory=False.
  for chunk in pd.read_csv(occurrence_file_path, **kwargs):
shorten_occurrence.py:64: DtypeWarning: Columns (61,76,180) have mixed types. Specify dtype option on import or set low_memory=False.
  for chunk in pd.read_csv(occurrence_file_path, **kwargs):
shorten_occurrence.py:64: DtypeWarning: Columns (61,76,180) have mixed types. Specify dtype option on import or set low_memory=False.
  for chunk in pd.read_csv(occurrence_file_path, **kwargs):
shorten_occurrence.py:64: DtypeWarning: Columns (61,76,180) have mixed types. Specify dtype option on import or set low_memory=False.
  for chunk in pd.read_csv(occurrence_file_path, **kwargs):
Starting to read...
Finished reading!
442.33306312561035
