Miniconda3/4.10.3
Saved the Noctuidae file.
Calling the download code
Starting reading the multimedia file...
Finished reading the multimedia...
Starting reading the occurrence file...
Finished reading the occurrence file...
4532253
4532253
Already downloaded for Eublemma minutata.
4532203
4532203
Already downloaded for Eublemma ostrina.
4532206
4532206
Already downloaded for Eublemma parva.
4532253
4532253
Already downloaded for Eublemma minutata.
4532239
4532239
Already downloaded for Eublemma purpurina.
1765751
1765751
Already downloaded for Tathorhynchus exsiccata.
1767625
1767625
Already downloaded for Abrostola tripartita.
1767597
1767597
Already downloaded for Abrostola triplasia.
5109299
5109299
Already downloaded for Acontia aprica.
1763072
1763072
Already downloaded for Acontia lucida.
5109455
5109455
Already downloaded for Acontia nitidula.
5772063
5772063
Already downloaded for Acontia trabealis.
8150836
8150836
Already downloaded for Acosmetia caliginosa.
1782763
1782763
Already downloaded for Acronicta aceris.
1782726
1782726
Already downloaded for Acronicta alni.
1782927
1782927
Already downloaded for Acronicta auricoma.
1783045
1783045
Already downloaded for Acronicta cinerea.
7825213
7825213
Already downloaded for Acronicta cuspis.
1783043
1783043
Already downloaded for Acronicta leporina.
1783037
1783037
Already downloaded for Acronicta menyanthidis.
1782948
1782948
Already downloaded for Acronicta psi.
1782672
1782672
Already downloaded for Acronicta rumicis.
1782841
1782841
Already downloaded for Acronicta strigosa.
1783016
1783016
Already downloaded for Acronicta tridens.
1787506
1787506
Already downloaded for Actebia fennica.
1787504
1787504
Already downloaded for Actebia praecox.
1792292
1792292
Already downloaded for Actinotia polyodon.
5113847
5113847
Already downloaded for Aedia funesta.
5113853
5113853
Already downloaded for Aedia leucomelas.
4533115
4533115
Already downloaded for Agrochola lychnidis.
4533714
4533714
Already downloaded for Agrotis bigramma.
4533720
4533720
Already downloaded for Agrotis catalaunensis.
1770869
1770869
Already downloaded for Agrotis cinerea.
7940536
7940536
Already downloaded for Agrotis clavis.
1770920
1770920
Already downloaded for Agrotis deprivata.
1771214
1771214
Already downloaded for Agrotis exclamationis.
1770776
1770776
Already downloaded for Agrotis graslini.
1771163
1771163
Already downloaded for Agrotis herzogi.
1771245
1771245
Already downloaded for Agrotis ipsilon.
1770772
1770772
Already downloaded for Agrotis puta.
1771204
1771204
Already downloaded for Agrotis ripae.
1771040
1771040
Already downloaded for Agrotis segetum.
-1
4533720
4533720
Already downloaded for Agrotis catalaunensis.
1770821
1770821
Already downloaded for Agrotis trux.
1770880
Downloading for Agrotis vestigialis which has a total of 24024 image occurrences.
can only convert an array of size 1 to a Python scalar
can only convert an array of size 1 to a Python scalar
can only convert an array of size 1 to a Python scalar
can only convert an array of size 1 to a Python scalar
can only convert an array of size 1 to a Python scalar
can only convert an array of size 1 to a Python scalar
can only convert an array of size 1 to a Python scalar
can only convert an array of size 1 to a Python scalar
can only convert an array of size 1 to a Python scalar
can only convert an array of size 1 to a Python scalar
can only convert an array of size 1 to a Python scalar
can only convert an array of size 1 to a Python scalar
can only convert an array of size 1 to a Python scalar
can only convert an array of size 1 to a Python scalar
can only convert an array of size 1 to a Python scalar
can only convert an array of size 1 to a Python scalar
can only convert an array of size 1 to a Python scalar
can only convert an array of size 1 to a Python scalar
can only convert an array of size 1 to a Python scalar
can only convert an array of size 1 to a Python scalar
can only convert an array of size 1 to a Python scalar
can only convert an array of size 1 to a Python scalar
can only convert an array of size 1 to a Python scalar
can only convert an array of size 1 to a Python scalar
can only convert an array of size 1 to a Python scalar
can only convert an array of size 1 to a Python scalar
can only convert an array of size 1 to a Python scalar
can only convert an array of size 1 to a Python scalar
can only convert an array of size 1 to a Python scalar
can only convert an array of size 1 to a Python scalar
can only convert an array of size 1 to a Python scalar
can only convert an array of size 1 to a Python scalar
can only convert an array of size 1 to a Python scalar
can only convert an array of size 1 to a Python scalar
can only convert an array of size 1 to a Python scalar
can only convert an array of size 1 to a Python scalar
can only convert an array of size 1 to a Python scalar
can only convert an array of size 1 to a Python scalar
can only convert an array of size 1 to a Python scalar
can only convert an array of size 1 to a Python scalar
can only convert an array of size 1 to a Python scalar
can only convert an array of size 1 to a Python scalar
can only convert an array of size 1 to a Python scalar
can only convert an array of size 1 to a Python scalar
can only convert an array of size 1 to a Python scalar
can only convert an array of size 1 to a Python scalar
can only convert an array of size 1 to a Python scalar
can only convert an array of size 1 to a Python scalar
can only convert an array of size 1 to a Python scalar
can only convert an array of size 1 to a Python scalar
can only convert an array of size 1 to a Python scalar
can only convert an array of size 1 to a Python scalar
can only convert an array of size 1 to a Python scalar
can only convert an array of size 1 to a Python scalar
can only convert an array of size 1 to a Python scalar
can only convert an array of size 1 to a Python scalar
can only convert an array of size 1 to a Python scalar
can only convert an array of size 1 to a Python scalar
can only convert an array of size 1 to a Python scalar
can only convert an array of size 1 to a Python scalar
can only convert an array of size 1 to a Python scalar
can only convert an array of size 1 to a Python scalar
can only convert an array of size 1 to a Python scalar
can only convert an array of size 1 to a Python scalar
can only convert an array of size 1 to a Python scalar
can only convert an array of size 1 to a Python scalar
can only convert an array of size 1 to a Python scalar
can only convert an array of size 1 to a Python scalar
can only convert an array of size 1 to a Python scalar
can only convert an array of size 1 to a Python scalar
can only convert an array of size 1 to a Python scalar
can only convert an array of size 1 to a Python scalar
can only convert an array of size 1 to a Python scalar
can only convert an array of size 1 to a Python scalar
can only convert an array of size 1 to a Python scalar
can only convert an array of size 1 to a Python scalar
can only convert an array of size 1 to a Python scalar
can only convert an array of size 1 to a Python scalar
can only convert an array of size 1 to a Python scalar
can only convert an array of size 1 to a Python scalar
can only convert an array of size 1 to a Python scalar
can only convert an array of size 1 to a Python scalar
can only convert an array of size 1 to a Python scalar
can only convert an array of size 1 to a Python scalar
can only convert an array of size 1 to a Python scalar
can only convert an array of size 1 to a Python scalar
can only convert an array of size 1 to a Python scalar
can only convert an array of size 1 to a Python scalar
can only convert an array of size 1 to a Python scalar
can only convert an array of size 1 to a Python scalar
can only convert an array of size 1 to a Python scalar
can only convert an array of size 1 to a Python scalar
can only convert an array of size 1 to a Python scalar
can only convert an array of size 1 to a Python scalar
can only convert an array of size 1 to a Python scalar
can only convert an array of size 1 to a Python scalar
can only convert an array of size 1 to a Python scalar
can only convert an array of size 1 to a Python scalar
can only convert an array of size 1 to a Python scalar
can only convert an array of size 1 to a Python scalar
can only convert an array of size 1 to a Python scalar
can only convert an array of size 1 to a Python scalar
can only convert an array of size 1 to a Python scalar
can only convert an array of size 1 to a Python scalar
can only convert an array of size 1 to a Python scalar
can only convert an array of size 1 to a Python scalar
can only convert an array of size 1 to a Python scalar
can only convert an array of size 1 to a Python scalar
can only convert an array of size 1 to a Python scalar
can only convert an array of size 1 to a Python scalar
can only convert an array of size 1 to a Python scalar
can only convert an array of size 1 to a Python scalar
can only convert an array of size 1 to a Python scalar
can only convert an array of size 1 to a Python scalar
can only convert an array of size 1 to a Python scalar
can only convert an array of size 1 to a Python scalar
can only convert an array of size 1 to a Python scalar
can only convert an array of size 1 to a Python scalar
can only convert an array of size 1 to a Python scalar
can only convert an array of size 1 to a Python scalar
can only convert an array of size 1 to a Python scalar
can only convert an array of size 1 to a Python scalar
can only convert an array of size 1 to a Python scalar
can only convert an array of size 1 to a Python scalar
can only convert an array of size 1 to a Python scalar
can only convert an array of size 1 to a Python scalar
can only convert an array of size 1 to a Python scalar
can only convert an array of size 1 to a Python scalar
can only convert an array of size 1 to a Python scalar
can only convert an array of size 1 to a Python scalar
can only convert an array of size 1 to a Python scalar
can only convert an array of size 1 to a Python scalar
can only convert an array of size 1 to a Python scalar
can only convert an array of size 1 to a Python scalar
can only convert an array of size 1 to a Python scalar
can only convert an array of size 1 to a Python scalar
can only convert an array of size 1 to a Python scalar
can only convert an array of size 1 to a Python scalar
can only convert an array of size 1 to a Python scalar
can only convert an array of size 1 to a Python scalar
can only convert an array of size 1 to a Python scalar
can only convert an array of size 1 to a Python scalar
can only convert an array of size 1 to a Python scalar
can only convert an array of size 1 to a Python scalar
can only convert an array of size 1 to a Python scalar
can only convert an array of size 1 to a Python scalar
can only convert an array of size 1 to a Python scalar
can only convert an array of size 1 to a Python scalar
can only convert an array of size 1 to a Python scalar
can only convert an array of size 1 to a Python scalar
can only convert an array of size 1 to a Python scalar
can only convert an array of size 1 to a Python scalar
can only convert an array of size 1 to a Python scalar
can only convert an array of size 1 to a Python scalar
can only convert an array of size 1 to a Python scalar
can only convert an array of size 1 to a Python scalar
can only convert an array of size 1 to a Python scalar
can only convert an array of size 1 to a Python scalar
can only convert an array of size 1 to a Python scalar
can only convert an array of size 1 to a Python scalar
can only convert an array of size 1 to a Python scalar
can only convert an array of size 1 to a Python scalar
can only convert an array of size 1 to a Python scalar
can only convert an array of size 1 to a Python scalar
can only convert an array of size 1 to a Python scalar
can only convert an array of size 1 to a Python scalar
can only convert an array of size 1 to a Python scalar
can only convert an array of size 1 to a Python scalar
can only convert an array of size 1 to a Python scalar
can only convert an array of size 1 to a Python scalar
can only convert an array of size 1 to a Python scalar
can only convert an array of size 1 to a Python scalar
can only convert an array of size 1 to a Python scalar
can only convert an array of size 1 to a Python scalar
can only convert an array of size 1 to a Python scalar
can only convert an array of size 1 to a Python scalar
can only convert an array of size 1 to a Python scalar
can only convert an array of size 1 to a Python scalar
can only convert an array of size 1 to a Python scalar
can only convert an array of size 1 to a Python scalar
can only convert an array of size 1 to a Python scalar
can only convert an array of size 1 to a Python scalar
can only convert an array of size 1 to a Python scalar
can only convert an array of size 1 to a Python scalar
can only convert an array of size 1 to a Python scalar
can only convert an array of size 1 to a Python scalar
can only convert an array of size 1 to a Python scalar
can only convert an array of size 1 to a Python scalar
can only convert an array of size 1 to a Python scalar
can only convert an array of size 1 to a Python scalar
can only convert an array of size 1 to a Python scalar
can only convert an array of size 1 to a Python scalar
can only convert an array of size 1 to a Python scalar
can only convert an array of size 1 to a Python scalar
can only convert an array of size 1 to a Python scalar
can only convert an array of size 1 to a Python scalar
can only convert an array of size 1 to a Python scalar
can only convert an array of size 1 to a Python scalar
can only convert an array of size 1 to a Python scalar
can only convert an array of size 1 to a Python scalar
can only convert an array of size 1 to a Python scalar
can only convert an array of size 1 to a Python scalar
can only convert an array of size 1 to a Python scalar
can only convert an array of size 1 to a Python scalar
can only convert an array of size 1 to a Python scalar
can only convert an array of size 1 to a Python scalar
can only convert an array of size 1 to a Python scalar
can only convert an array of size 1 to a Python scalar
can only convert an array of size 1 to a Python scalar
can only convert an array of size 1 to a Python scalar
can only convert an array of size 1 to a Python scalar
can only convert an array of size 1 to a Python scalar
can only convert an array of size 1 to a Python scalar
can only convert an array of size 1 to a Python scalar
can only convert an array of size 1 to a Python scalar
can only convert an array of size 1 to a Python scalar
can only convert an array of size 1 to a Python scalar
can only convert an array of size 1 to a Python scalar
can only convert an array of size 1 to a Python scalar
can only convert an array of size 1 to a Python scalar
can only convert an array of size 1 to a Python scalar
can only convert an array of size 1 to a Python scalar
can only convert an array of size 1 to a Python scalar
can only convert an array of size 1 to a Python scalar
can only convert an array of size 1 to a Python scalar
can only convert an array of size 1 to a Python scalar
can only convert an array of size 1 to a Python scalar
can only convert an array of size 1 to a Python scalar
can only convert an array of size 1 to a Python scalar
can only convert an array of size 1 to a Python scalar
can only convert an array of size 1 to a Python scalar
can only convert an array of size 1 to a Python scalar
can only convert an array of size 1 to a Python scalar
can only convert an array of size 1 to a Python scalar
can only convert an array of size 1 to a Python scalar
can only convert an array of size 1 to a Python scalar
can only convert an array of size 1 to a Python scalar
can only convert an array of size 1 to a Python scalar
can only convert an array of size 1 to a Python scalar
can only convert an array of size 1 to a Python scalar
can only convert an array of size 1 to a Python scalar
can only convert an array of size 1 to a Python scalar
can only convert an array of size 1 to a Python scalar
can only convert an array of size 1 to a Python scalar
can only convert an array of size 1 to a Python scalar
can only convert an array of size 1 to a Python scalar
can only convert an array of size 1 to a Python scalar
can only convert an array of size 1 to a Python scalar
can only convert an array of size 1 to a Python scalar
can only convert an array of size 1 to a Python scalar
can only convert an array of size 1 to a Python scalar
can only convert an array of size 1 to a Python scalar
can only convert an array of size 1 to a Python scalar
can only convert an array of size 1 to a Python scalar
can only convert an array of size 1 to a Python scalar
can only convert an array of size 1 to a Python scalar
can only convert an array of size 1 to a Python scalar
can only convert an array of size 1 to a Python scalar
can only convert an array of size 1 to a Python scalar
can only convert an array of size 1 to a Python scalar
can only convert an array of size 1 to a Python scalar
can only convert an array of size 1 to a Python scalar
can only convert an array of size 1 to a Python scalar
can only convert an array of size 1 to a Python scalar
can only convert an array of size 1 to a Python scalar
can only convert an array of size 1 to a Python scalar
can only convert an array of size 1 to a Python scalar
can only convert an array of size 1 to a Python scalar
can only convert an array of size 1 to a Python scalar
can only convert an array of size 1 to a Python scalar
can only convert an array of size 1 to a Python scalar
can only convert an array of size 1 to a Python scalar
can only convert an array of size 1 to a Python scalar
can only convert an array of size 1 to a Python scalar
can only convert an array of size 1 to a Python scalar
can only convert an array of size 1 to a Python scalar
can only convert an array of size 1 to a Python scalar
can only convert an array of size 1 to a Python scalar
can only convert an array of size 1 to a Python scalar
can only convert an array of size 1 to a Python scalar
can only convert an array of size 1 to a Python scalar
can only convert an array of size 1 to a Python scalar
can only convert an array of size 1 to a Python scalar
can only convert an array of size 1 to a Python scalar
can only convert an array of size 1 to a Python scalar
can only convert an array of size 1 to a Python scalar
can only convert an array of size 1 to a Python scalar
can only convert an array of size 1 to a Python scalar
can only convert an array of size 1 to a Python scalar
can only convert an array of size 1 to a Python scalar
can only convert an array of size 1 to a Python scalar
can only convert an array of size 1 to a Python scalar
can only convert an array of size 1 to a Python scalar
can only convert an array of size 1 to a Python scalar
can only convert an array of size 1 to a Python scalar
can only convert an array of size 1 to a Python scalar
can only convert an array of size 1 to a Python scalar
can only convert an array of size 1 to a Python scalar
can only convert an array of size 1 to a Python scalar
can only convert an array of size 1 to a Python scalar
can only convert an array of size 1 to a Python scalar
can only convert an array of size 1 to a Python scalar
can only convert an array of size 1 to a Python scalar
can only convert an array of size 1 to a Python scalar
can only convert an array of size 1 to a Python scalar
can only convert an array of size 1 to a Python scalar
can only convert an array of size 1 to a Python scalar
can only convert an array of size 1 to a Python scalar
can only convert an array of size 1 to a Python scalar
can only convert an array of size 1 to a Python scalar
can only convert an array of size 1 to a Python scalar
can only convert an array of size 1 to a Python scalar
can only convert an array of size 1 to a Python scalar
can only convert an array of size 1 to a Python scalar
can only convert an array of size 1 to a Python scalar
can only convert an array of size 1 to a Python scalar
can only convert an array of size 1 to a Python scalar
can only convert an array of size 1 to a Python scalar
can only convert an array of size 1 to a Python scalar
can only convert an array of size 1 to a Python scalar
can only convert an array of size 1 to a Python scalar
can only convert an array of size 1 to a Python scalar
can only convert an array of size 1 to a Python scalar
can only convert an array of size 1 to a Python scalar
can only convert an array of size 1 to a Python scalar
can only convert an array of size 1 to a Python scalar
can only convert an array of size 1 to a Python scalar
can only convert an array of size 1 to a Python scalar
can only convert an array of size 1 to a Python scalar
can only convert an array of size 1 to a Python scalar
can only convert an array of size 1 to a Python scalar
can only convert an array of size 1 to a Python scalar
can only convert an array of size 1 to a Python scalar
can only convert an array of size 1 to a Python scalar
can only convert an array of size 1 to a Python scalar
can only convert an array of size 1 to a Python scalar
can only convert an array of size 1 to a Python scalar
can only convert an array of size 1 to a Python scalar
can only convert an array of size 1 to a Python scalar
can only convert an array of size 1 to a Python scalar
can only convert an array of size 1 to a Python scalar
can only convert an array of size 1 to a Python scalar
can only convert an array of size 1 to a Python scalar
can only convert an array of size 1 to a Python scalar
can only convert an array of size 1 to a Python scalar
can only convert an array of size 1 to a Python scalar
can only convert an array of size 1 to a Python scalar
can only convert an array of size 1 to a Python scalar
can only convert an array of size 1 to a Python scalar
can only convert an array of size 1 to a Python scalar
can only convert an array of size 1 to a Python scalar
can only convert an array of size 1 to a Python scalar
can only convert an array of size 1 to a Python scalar
can only convert an array of size 1 to a Python scalar
can only convert an array of size 1 to a Python scalar
can only convert an array of size 1 to a Python scalar
can only convert an array of size 1 to a Python scalar
can only convert an array of size 1 to a Python scalar
can only convert an array of size 1 to a Python scalar
can only convert an array of size 1 to a Python scalar
can only convert an array of size 1 to a Python scalar
can only convert an array of size 1 to a Python scalar
can only convert an array of size 1 to a Python scalar
can only convert an array of size 1 to a Python scalar
can only convert an array of size 1 to a Python scalar
can only convert an array of size 1 to a Python scalar
can only convert an array of size 1 to a Python scalar
can only convert an array of size 1 to a Python scalar
can only convert an array of size 1 to a Python scalar
can only convert an array of size 1 to a Python scalar
can only convert an array of size 1 to a Python scalar
can only convert an array of size 1 to a Python scalar
can only convert an array of size 1 to a Python scalar
can only convert an array of size 1 to a Python scalar
can only convert an array of size 1 to a Python scalar
can only convert an array of size 1 to a Python scalar
can only convert an array of size 1 to a Python scalar
can only convert an array of size 1 to a Python scalar
can only convert an array of size 1 to a Python scalar
can only convert an array of size 1 to a Python scalar
can only convert an array of size 1 to a Python scalar
can only convert an array of size 1 to a Python scalar
can only convert an array of size 1 to a Python scalar
can only convert an array of size 1 to a Python scalar
can only convert an array of size 1 to a Python scalar
can only convert an array of size 1 to a Python scalar
can only convert an array of size 1 to a Python scalar
can only convert an array of size 1 to a Python scalar
can only convert an array of size 1 to a Python scalar
can only convert an array of size 1 to a Python scalar
can only convert an array of size 1 to a Python scalar
can only convert an array of size 1 to a Python scalar
can only convert an array of size 1 to a Python scalar
can only convert an array of size 1 to a Python scalar
can only convert an array of size 1 to a Python scalar
can only convert an array of size 1 to a Python scalar
can only convert an array of size 1 to a Python scalar
can only convert an array of size 1 to a Python scalar
can only convert an array of size 1 to a Python scalar
can only convert an array of size 1 to a Python scalar
can only convert an array of size 1 to a Python scalar
can only convert an array of size 1 to a Python scalar
can only convert an array of size 1 to a Python scalar
can only convert an array of size 1 to a Python scalar
can only convert an array of size 1 to a Python scalar
can only convert an array of size 1 to a Python scalar
can only convert an array of size 1 to a Python scalar
can only convert an array of size 1 to a Python scalar
can only convert an array of size 1 to a Python scalar
can only convert an array of size 1 to a Python scalar
can only convert an array of size 1 to a Python scalar
can only convert an array of size 1 to a Python scalar
can only convert an array of size 1 to a Python scalar
can only convert an array of size 1 to a Python scalar
can only convert an array of size 1 to a Python scalar
can only convert an array of size 1 to a Python scalar
can only convert an array of size 1 to a Python scalar
can only convert an array of size 1 to a Python scalar
can only convert an array of size 1 to a Python scalar
can only convert an array of size 1 to a Python scalar
can only convert an array of size 1 to a Python scalar
can only convert an array of size 1 to a Python scalar
can only convert an array of size 1 to a Python scalar
can only convert an array of size 1 to a Python scalar
can only convert an array of size 1 to a Python scalar
can only convert an array of size 1 to a Python scalar
can only convert an array of size 1 to a Python scalar
can only convert an array of size 1 to a Python scalar
can only convert an array of size 1 to a Python scalar
can only convert an array of size 1 to a Python scalar
can only convert an array of size 1 to a Python scalar
can only convert an array of size 1 to a Python scalar
can only convert an array of size 1 to a Python scalar
can only convert an array of size 1 to a Python scalar
can only convert an array of size 1 to a Python scalar
can only convert an array of size 1 to a Python scalar
can only convert an array of size 1 to a Python scalar
can only convert an array of size 1 to a Python scalar
can only convert an array of size 1 to a Python scalar
can only convert an array of size 1 to a Python scalar
can only convert an array of size 1 to a Python scalar
can only convert an array of size 1 to a Python scalar
can only convert an array of size 1 to a Python scalar
can only convert an array of size 1 to a Python scalar
can only convert an array of size 1 to a Python scalar
can only convert an array of size 1 to a Python scalar
can only convert an array of size 1 to a Python scalar
can only convert an array of size 1 to a Python scalar
can only convert an array of size 1 to a Python scalar
can only convert an array of size 1 to a Python scalar
can only convert an array of size 1 to a Python scalar
can only convert an array of size 1 to a Python scalar
can only convert an array of size 1 to a Python scalar
can only convert an array of size 1 to a Python scalar
can only convert an array of size 1 to a Python scalar
can only convert an array of size 1 to a Python scalar
can only convert an array of size 1 to a Python scalar
can only convert an array of size 1 to a Python scalar
can only convert an array of size 1 to a Python scalar
can only convert an array of size 1 to a Python scalar
can only convert an array of size 1 to a Python scalar
can only convert an array of size 1 to a Python scalar
can only convert an array of size 1 to a Python scalar
can only convert an array of size 1 to a Python scalar
can only convert an array of size 1 to a Python scalar
can only convert an array of size 1 to a Python scalar
can only convert an array of size 1 to a Python scalar
can only convert an array of size 1 to a Python scalar
can only convert an array of size 1 to a Python scalar
can only convert an array of size 1 to a Python scalar
can only convert an array of size 1 to a Python scalar
can only convert an array of size 1 to a Python scalar
can only convert an array of size 1 to a Python scalar
can only convert an array of size 1 to a Python scalar
can only convert an array of size 1 to a Python scalar
can only convert an array of size 1 to a Python scalar
can only convert an array of size 1 to a Python scalar
can only convert an array of size 1 to a Python scalar
can only convert an array of size 1 to a Python scalar
can only convert an array of size 1 to a Python scalar
can only convert an array of size 1 to a Python scalar
can only convert an array of size 1 to a Python scalar
can only convert an array of size 1 to a Python scalar
can only convert an array of size 1 to a Python scalar
can only convert an array of size 1 to a Python scalar
can only convert an array of size 1 to a Python scalar
can only convert an array of size 1 to a Python scalar
can only convert an array of size 1 to a Python scalar
can only convert an array of size 1 to a Python scalar
can only convert an array of size 1 to a Python scalar
can only convert an array of size 1 to a Python scalar
can only convert an array of size 1 to a Python scalar
can only convert an array of size 1 to a Python scalar
can only convert an array of size 1 to a Python scalar
can only convert an array of size 1 to a Python scalar
can only convert an array of size 1 to a Python scalar
can only convert an array of size 1 to a Python scalar
can only convert an array of size 1 to a Python scalar
can only convert an array of size 1 to a Python scalar
can only convert an array of size 1 to a Python scalar
can only convert an array of size 1 to a Python scalar
can only convert an array of size 1 to a Python scalar
can only convert an array of size 1 to a Python scalar
can only convert an array of size 1 to a Python scalar
can only convert an array of size 1 to a Python scalar
can only convert an array of size 1 to a Python scalar
can only convert an array of size 1 to a Python scalar
can only convert an array of size 1 to a Python scalar
can only convert an array of size 1 to a Python scalar
can only convert an array of size 1 to a Python scalar
can only convert an array of size 1 to a Python scalar
can only convert an array of size 1 to a Python scalar
can only convert an array of size 1 to a Python scalar
can only convert an array of size 1 to a Python scalar
can only convert an array of size 1 to a Python scalar
can only convert an array of size 1 to a Python scalar
can only convert an array of size 1 to a Python scalar
can only convert an array of size 1 to a Python scalar
can only convert an array of size 1 to a Python scalar
can only convert an array of size 1 to a Python scalar
can only convert an array of size 1 to a Python scalar
can only convert an array of size 1 to a Python scalar
can only convert an array of size 1 to a Python scalar
can only convert an array of size 1 to a Python scalar
can only convert an array of size 1 to a Python scalar
can only convert an array of size 1 to a Python scalar
can only convert an array of size 1 to a Python scalar
can only convert an array of size 1 to a Python scalar
can only convert an array of size 1 to a Python scalar
can only convert an array of size 1 to a Python scalar
can only convert an array of size 1 to a Python scalar
can only convert an array of size 1 to a Python scalar
can only convert an array of size 1 to a Python scalar
can only convert an array of size 1 to a Python scalar
can only convert an array of size 1 to a Python scalar
can only convert an array of size 1 to a Python scalar
can only convert an array of size 1 to a Python scalar
can only convert an array of size 1 to a Python scalar
can only convert an array of size 1 to a Python scalar
can only convert an array of size 1 to a Python scalar
can only convert an array of size 1 to a Python scalar
can only convert an array of size 1 to a Python scalar
can only convert an array of size 1 to a Python scalar
can only convert an array of size 1 to a Python scalar
can only convert an array of size 1 to a Python scalar
can only convert an array of size 1 to a Python scalar
can only convert an array of size 1 to a Python scalar
can only convert an array of size 1 to a Python scalar
can only convert an array of size 1 to a Python scalar
can only convert an array of size 1 to a Python scalar
can only convert an array of size 1 to a Python scalar
can only convert an array of size 1 to a Python scalar
can only convert an array of size 1 to a Python scalar
can only convert an array of size 1 to a Python scalar
can only convert an array of size 1 to a Python scalar
can only convert an array of size 1 to a Python scalar
can only convert an array of size 1 to a Python scalar
can only convert an array of size 1 to a Python scalar
can only convert an array of size 1 to a Python scalar
can only convert an array of size 1 to a Python scalar
can only convert an array of size 1 to a Python scalar
can only convert an array of size 1 to a Python scalar
can only convert an array of size 1 to a Python scalar
can only convert an array of size 1 to a Python scalar
can only convert an array of size 1 to a Python scalar
can only convert an array of size 1 to a Python scalar
can only convert an array of size 1 to a Python scalar
can only convert an array of size 1 to a Python scalar
can only convert an array of size 1 to a Python scalar
can only convert an array of size 1 to a Python scalar
can only convert an array of size 1 to a Python scalar
can only convert an array of size 1 to a Python scalar
can only convert an array of size 1 to a Python scalar
can only convert an array of size 1 to a Python scalar
can only convert an array of size 1 to a Python scalar
can only convert an array of size 1 to a Python scalar
can only convert an array of size 1 to a Python scalar
can only convert an array of size 1 to a Python scalar
can only convert an array of size 1 to a Python scalar
can only convert an array of size 1 to a Python scalar
can only convert an array of size 1 to a Python scalar
can only convert an array of size 1 to a Python scalar
can only convert an array of size 1 to a Python scalar
can only convert an array of size 1 to a Python scalar
can only convert an array of size 1 to a Python scalar
can only convert an array of size 1 to a Python scalar
can only convert an array of size 1 to a Python scalar
can only convert an array of size 1 to a Python scalar
can only convert an array of size 1 to a Python scalar
can only convert an array of size 1 to a Python scalar
can only convert an array of size 1 to a Python scalar
can only convert an array of size 1 to a Python scalar
can only convert an array of size 1 to a Python scalar
can only convert an array of size 1 to a Python scalar
can only convert an array of size 1 to a Python scalar
can only convert an array of size 1 to a Python scalar
can only convert an array of size 1 to a Python scalar
can only convert an array of size 1 to a Python scalar
can only convert an array of size 1 to a Python scalar
can only convert an array of size 1 to a Python scalar
can only convert an array of size 1 to a Python scalar
can only convert an array of size 1 to a Python scalar
can only convert an array of size 1 to a Python scalar
can only convert an array of size 1 to a Python scalar
can only convert an array of size 1 to a Python scalar
can only convert an array of size 1 to a Python scalar
can only convert an array of size 1 to a Python scalar
can only convert an array of size 1 to a Python scalar
can only convert an array of size 1 to a Python scalar
can only convert an array of size 1 to a Python scalar
can only convert an array of size 1 to a Python scalar
can only convert an array of size 1 to a Python scalar
can only convert an array of size 1 to a Python scalar
can only convert an array of size 1 to a Python scalar
can only convert an array of size 1 to a Python scalar
can only convert an array of size 1 to a Python scalar
can only convert an array of size 1 to a Python scalar
can only convert an array of size 1 to a Python scalar
can only convert an array of size 1 to a Python scalar
can only convert an array of size 1 to a Python scalar
can only convert an array of size 1 to a Python scalar
can only convert an array of size 1 to a Python scalar
can only convert an array of size 1 to a Python scalar
can only convert an array of size 1 to a Python scalar
can only convert an array of size 1 to a Python scalar
can only convert an array of size 1 to a Python scalar
can only convert an array of size 1 to a Python scalar
can only convert an array of size 1 to a Python scalar
can only convert an array of size 1 to a Python scalar
can only convert an array of size 1 to a Python scalar
can only convert an array of size 1 to a Python scalar
can only convert an array of size 1 to a Python scalar
can only convert an array of size 1 to a Python scalar
can only convert an array of size 1 to a Python scalar
can only convert an array of size 1 to a Python scalar
can only convert an array of size 1 to a Python scalar
can only convert an array of size 1 to a Python scalar
can only convert an array of size 1 to a Python scalar
can only convert an array of size 1 to a Python scalar
can only convert an array of size 1 to a Python scalar
can only convert an array of size 1 to a Python scalar
can only convert an array of size 1 to a Python scalar
can only convert an array of size 1 to a Python scalar
can only convert an array of size 1 to a Python scalar
can only convert an array of size 1 to a Python scalar
can only convert an array of size 1 to a Python scalar
can only convert an array of size 1 to a Python scalar
can only convert an array of size 1 to a Python scalar
can only convert an array of size 1 to a Python scalar
can only convert an array of size 1 to a Python scalar
can only convert an array of size 1 to a Python scalar
can only convert an array of size 1 to a Python scalar
can only convert an array of size 1 to a Python scalar
can only convert an array of size 1 to a Python scalar
can only convert an array of size 1 to a Python scalar
can only convert an array of size 1 to a Python scalar
can only convert an array of size 1 to a Python scalar
can only convert an array of size 1 to a Python scalar
can only convert an array of size 1 to a Python scalar
can only convert an array of size 1 to a Python scalar
can only convert an array of size 1 to a Python scalar
can only convert an array of size 1 to a Python scalar
can only convert an array of size 1 to a Python scalar
can only convert an array of size 1 to a Python scalar
can only convert an array of size 1 to a Python scalar
can only convert an array of size 1 to a Python scalar
can only convert an array of size 1 to a Python scalar
can only convert an array of size 1 to a Python scalar
can only convert an array of size 1 to a Python scalar
can only convert an array of size 1 to a Python scalar
can only convert an array of size 1 to a Python scalar
can only convert an array of size 1 to a Python scalar
can only convert an array of size 1 to a Python scalar
can only convert an array of size 1 to a Python scalar
can only convert an array of size 1 to a Python scalar
can only convert an array of size 1 to a Python scalar
can only convert an array of size 1 to a Python scalar
can only convert an array of size 1 to a Python scalar
can only convert an array of size 1 to a Python scalar
can only convert an array of size 1 to a Python scalar
can only convert an array of size 1 to a Python scalar
can only convert an array of size 1 to a Python scalar
can only convert an array of size 1 to a Python scalar
can only convert an array of size 1 to a Python scalar
can only convert an array of size 1 to a Python scalar
can only convert an array of size 1 to a Python scalar
can only convert an array of size 1 to a Python scalar
can only convert an array of size 1 to a Python scalar
can only convert an array of size 1 to a Python scalar
can only convert an array of size 1 to a Python scalar
can only convert an array of size 1 to a Python scalar
can only convert an array of size 1 to a Python scalar
can only convert an array of size 1 to a Python scalar
can only convert an array of size 1 to a Python scalar
can only convert an array of size 1 to a Python scalar
can only convert an array of size 1 to a Python scalar
can only convert an array of size 1 to a Python scalar
can only convert an array of size 1 to a Python scalar
can only convert an array of size 1 to a Python scalar
can only convert an array of size 1 to a Python scalar
can only convert an array of size 1 to a Python scalar
can only convert an array of size 1 to a Python scalar
can only convert an array of size 1 to a Python scalar
can only convert an array of size 1 to a Python scalar
can only convert an array of size 1 to a Python scalar
can only convert an array of size 1 to a Python scalar
can only convert an array of size 1 to a Python scalar
can only convert an array of size 1 to a Python scalar
can only convert an array of size 1 to a Python scalar
can only convert an array of size 1 to a Python scalar
can only convert an array of size 1 to a Python scalar
can only convert an array of size 1 to a Python scalar
can only convert an array of size 1 to a Python scalar
can only convert an array of size 1 to a Python scalar
can only convert an array of size 1 to a Python scalar
can only convert an array of size 1 to a Python scalar
can only convert an array of size 1 to a Python scalar
can only convert an array of size 1 to a Python scalar
can only convert an array of size 1 to a Python scalar
can only convert an array of size 1 to a Python scalar
can only convert an array of size 1 to a Python scalar
can only convert an array of size 1 to a Python scalar
can only convert an array of size 1 to a Python scalar
can only convert an array of size 1 to a Python scalar
can only convert an array of size 1 to a Python scalar
can only convert an array of size 1 to a Python scalar
can only convert an array of size 1 to a Python scalar
can only convert an array of size 1 to a Python scalar
can only convert an array of size 1 to a Python scalar
can only convert an array of size 1 to a Python scalar
can only convert an array of size 1 to a Python scalar
can only convert an array of size 1 to a Python scalar
can only convert an array of size 1 to a Python scalar
can only convert an array of size 1 to a Python scalar
can only convert an array of size 1 to a Python scalar
can only convert an array of size 1 to a Python scalar
can only convert an array of size 1 to a Python scalar
can only convert an array of size 1 to a Python scalar
can only convert an array of size 1 to a Python scalar
can only convert an array of size 1 to a Python scalar
can only convert an array of size 1 to a Python scalar
can only convert an array of size 1 to a Python scalar
can only convert an array of size 1 to a Python scalar
can only convert an array of size 1 to a Python scalar
can only convert an array of size 1 to a Python scalar
can only convert an array of size 1 to a Python scalar
can only convert an array of size 1 to a Python scalar
can only convert an array of size 1 to a Python scalar
can only convert an array of size 1 to a Python scalar
can only convert an array of size 1 to a Python scalar
can only convert an array of size 1 to a Python scalar
can only convert an array of size 1 to a Python scalar
can only convert an array of size 1 to a Python scalar
can only convert an array of size 1 to a Python scalar
can only convert an array of size 1 to a Python scalar
can only convert an array of size 1 to a Python scalar
can only convert an array of size 1 to a Python scalar
can only convert an array of size 1 to a Python scalar
can only convert an array of size 1 to a Python scalar
can only convert an array of size 1 to a Python scalar
can only convert an array of size 1 to a Python scalar
can only convert an array of size 1 to a Python scalar
can only convert an array of size 1 to a Python scalar
can only convert an array of size 1 to a Python scalar
can only convert an array of size 1 to a Python scalar
can only convert an array of size 1 to a Python scalar
can only convert an array of size 1 to a Python scalar
can only convert an array of size 1 to a Python scalar
can only convert an array of size 1 to a Python scalar
can only convert an array of size 1 to a Python scalar
can only convert an array of size 1 to a Python scalar
can only convert an array of size 1 to a Python scalar
can only convert an array of size 1 to a Python scalar
can only convert an array of size 1 to a Python scalar
can only convert an array of size 1 to a Python scalar
can only convert an array of size 1 to a Python scalar
can only convert an array of size 1 to a Python scalar
can only convert an array of size 1 to a Python scalar
can only convert an array of size 1 to a Python scalar
can only convert an array of size 1 to a Python scalar
can only convert an array of size 1 to a Python scalar
can only convert an array of size 1 to a Python scalar
can only convert an array of size 1 to a Python scalar
can only convert an array of size 1 to a Python scalar
can only convert an array of size 1 to a Python scalar
can only convert an array of size 1 to a Python scalar
can only convert an array of size 1 to a Python scalar
can only convert an array of size 1 to a Python scalar
can only convert an array of size 1 to a Python scalar
can only convert an array of size 1 to a Python scalar
can only convert an array of size 1 to a Python scalar
can only convert an array of size 1 to a Python scalar
can only convert an array of size 1 to a Python scalar
can only convert an array of size 1 to a Python scalar
can only convert an array of size 1 to a Python scalar
can only convert an array of size 1 to a Python scalar
can only convert an array of size 1 to a Python scalar
can only convert an array of size 1 to a Python scalar
can only convert an array of size 1 to a Python scalar
can only convert an array of size 1 to a Python scalar
can only convert an array of size 1 to a Python scalar
can only convert an array of size 1 to a Python scalar
can only convert an array of size 1 to a Python scalar
can only convert an array of size 1 to a Python scalar
can only convert an array of size 1 to a Python scalar
can only convert an array of size 1 to a Python scalar
can only convert an array of size 1 to a Python scalar
can only convert an array of size 1 to a Python scalar
can only convert an array of size 1 to a Python scalar
can only convert an array of size 1 to a Python scalar
can only convert an array of size 1 to a Python scalar
can only convert an array of size 1 to a Python scalar
can only convert an array of size 1 to a Python scalar
can only convert an array of size 1 to a Python scalar
can only convert an array of size 1 to a Python scalar
can only convert an array of size 1 to a Python scalar
can only convert an array of size 1 to a Python scalar
can only convert an array of size 1 to a Python scalar
can only convert an array of size 1 to a Python scalar
can only convert an array of size 1 to a Python scalar
can only convert an array of size 1 to a Python scalar
can only convert an array of size 1 to a Python scalar
can only convert an array of size 1 to a Python scalar
can only convert an array of size 1 to a Python scalar
can only convert an array of size 1 to a Python scalar
can only convert an array of size 1 to a Python scalar
can only convert an array of size 1 to a Python scalar
can only convert an array of size 1 to a Python scalar
can only convert an array of size 1 to a Python scalar
can only convert an array of size 1 to a Python scalar
can only convert an array of size 1 to a Python scalar
can only convert an array of size 1 to a Python scalar
can only convert an array of size 1 to a Python scalar
can only convert an array of size 1 to a Python scalar
can only convert an array of size 1 to a Python scalar
can only convert an array of size 1 to a Python scalar
can only convert an array of size 1 to a Python scalar
can only convert an array of size 1 to a Python scalar
can only convert an array of size 1 to a Python scalar
can only convert an array of size 1 to a Python scalar
can only convert an array of size 1 to a Python scalar
can only convert an array of size 1 to a Python scalar
can only convert an array of size 1 to a Python scalar
can only convert an array of size 1 to a Python scalar
can only convert an array of size 1 to a Python scalar
can only convert an array of size 1 to a Python scalar
can only convert an array of size 1 to a Python scalar
can only convert an array of size 1 to a Python scalar
can only convert an array of size 1 to a Python scalar
can only convert an array of size 1 to a Python scalar
can only convert an array of size 1 to a Python scalar
can only convert an array of size 1 to a Python scalar
can only convert an array of size 1 to a Python scalar
can only convert an array of size 1 to a Python scalar
can only convert an array of size 1 to a Python scalar
can only convert an array of size 1 to a Python scalar
can only convert an array of size 1 to a Python scalar
can only convert an array of size 1 to a Python scalar
can only convert an array of size 1 to a Python scalar
can only convert an array of size 1 to a Python scalar
can only convert an array of size 1 to a Python scalar
can only convert an array of size 1 to a Python scalar
can only convert an array of size 1 to a Python scalar
can only convert an array of size 1 to a Python scalar
can only convert an array of size 1 to a Python scalar
can only convert an array of size 1 to a Python scalar
can only convert an array of size 1 to a Python scalar
can only convert an array of size 1 to a Python scalar
can only convert an array of size 1 to a Python scalar
can only convert an array of size 1 to a Python scalar
can only convert an array of size 1 to a Python scalar
can only convert an array of size 1 to a Python scalar
can only convert an array of size 1 to a Python scalar
can only convert an array of size 1 to a Python scalar
can only convert an array of size 1 to a Python scalar
can only convert an array of size 1 to a Python scalar
can only convert an array of size 1 to a Python scalar
can only convert an array of size 1 to a Python scalar
can only convert an array of size 1 to a Python scalar
can only convert an array of size 1 to a Python scalar
can only convert an array of size 1 to a Python scalar
can only convert an array of size 1 to a Python scalar
can only convert an array of size 1 to a Python scalar
can only convert an array of size 1 to a Python scalar
can only convert an array of size 1 to a Python scalar
can only convert an array of size 1 to a Python scalar
can only convert an array of size 1 to a Python scalar
can only convert an array of size 1 to a Python scalar
can only convert an array of size 1 to a Python scalar
can only convert an array of size 1 to a Python scalar
can only convert an array of size 1 to a Python scalar
can only convert an array of size 1 to a Python scalar
can only convert an array of size 1 to a Python scalar
can only convert an array of size 1 to a Python scalar
can only convert an array of size 1 to a Python scalar
can only convert an array of size 1 to a Python scalar
can only convert an array of size 1 to a Python scalar
can only convert an array of size 1 to a Python scalar
can only convert an array of size 1 to a Python scalar
can only convert an array of size 1 to a Python scalar
can only convert an array of size 1 to a Python scalar
can only convert an array of size 1 to a Python scalar
can only convert an array of size 1 to a Python scalar
can only convert an array of size 1 to a Python scalar
can only convert an array of size 1 to a Python scalar
can only convert an array of size 1 to a Python scalar
can only convert an array of size 1 to a Python scalar
can only convert an array of size 1 to a Python scalar
can only convert an array of size 1 to a Python scalar
can only convert an array of size 1 to a Python scalar
can only convert an array of size 1 to a Python scalar
can only convert an array of size 1 to a Python scalar
can only convert an array of size 1 to a Python scalar
can only convert an array of size 1 to a Python scalar
can only convert an array of size 1 to a Python scalar
can only convert an array of size 1 to a Python scalar
can only convert an array of size 1 to a Python scalar
can only convert an array of size 1 to a Python scalar
can only convert an array of size 1 to a Python scalar
can only convert an array of size 1 to a Python scalar
can only convert an array of size 1 to a Python scalar
can only convert an array of size 1 to a Python scalar
can only convert an array of size 1 to a Python scalar
can only convert an array of size 1 to a Python scalar
can only convert an array of size 1 to a Python scalar
can only convert an array of size 1 to a Python scalar
can only convert an array of size 1 to a Python scalar
can only convert an array of size 1 to a Python scalar
can only convert an array of size 1 to a Python scalar
can only convert an array of size 1 to a Python scalar
can only convert an array of size 1 to a Python scalar
can only convert an array of size 1 to a Python scalar
can only convert an array of size 1 to a Python scalar
can only convert an array of size 1 to a Python scalar
can only convert an array of size 1 to a Python scalar
can only convert an array of size 1 to a Python scalar
can only convert an array of size 1 to a Python scalar
can only convert an array of size 1 to a Python scalar
can only convert an array of size 1 to a Python scalar
can only convert an array of size 1 to a Python scalar
can only convert an array of size 1 to a Python scalar
can only convert an array of size 1 to a Python scalar
can only convert an array of size 1 to a Python scalar
can only convert an array of size 1 to a Python scalar
can only convert an array of size 1 to a Python scalar
can only convert an array of size 1 to a Python scalar
can only convert an array of size 1 to a Python scalar
can only convert an array of size 1 to a Python scalar
can only convert an array of size 1 to a Python scalar
can only convert an array of size 1 to a Python scalar
can only convert an array of size 1 to a Python scalar
can only convert an array of size 1 to a Python scalar
can only convert an array of size 1 to a Python scalar
can only convert an array of size 1 to a Python scalar
can only convert an array of size 1 to a Python scalar
can only convert an array of size 1 to a Python scalar
can only convert an array of size 1 to a Python scalar
can only convert an array of size 1 to a Python scalar
can only convert an array of size 1 to a Python scalar
can only convert an array of size 1 to a Python scalar
can only convert an array of size 1 to a Python scalar
can only convert an array of size 1 to a Python scalar
can only convert an array of size 1 to a Python scalar
can only convert an array of size 1 to a Python scalar
can only convert an array of size 1 to a Python scalar
can only convert an array of size 1 to a Python scalar
can only convert an array of size 1 to a Python scalar
can only convert an array of size 1 to a Python scalar
can only convert an array of size 1 to a Python scalar
can only convert an array of size 1 to a Python scalar
can only convert an array of size 1 to a Python scalar
can only convert an array of size 1 to a Python scalar
can only convert an array of size 1 to a Python scalar
can only convert an array of size 1 to a Python scalar
can only convert an array of size 1 to a Python scalar
can only convert an array of size 1 to a Python scalar
can only convert an array of size 1 to a Python scalar
can only convert an array of size 1 to a Python scalar
can only convert an array of size 1 to a Python scalar
can only convert an array of size 1 to a Python scalar
can only convert an array of size 1 to a Python scalar
can only convert an array of size 1 to a Python scalar
can only convert an array of size 1 to a Python scalar
can only convert an array of size 1 to a Python scalar
can only convert an array of size 1 to a Python scalar
can only convert an array of size 1 to a Python scalar
can only convert an array of size 1 to a Python scalar
can only convert an array of size 1 to a Python scalar
can only convert an array of size 1 to a Python scalar
can only convert an array of size 1 to a Python scalar
can only convert an array of size 1 to a Python scalar
can only convert an array of size 1 to a Python scalar
can only convert an array of size 1 to a Python scalar
can only convert an array of size 1 to a Python scalar
can only convert an array of size 1 to a Python scalar
can only convert an array of size 1 to a Python scalar
can only convert an array of size 1 to a Python scalar
can only convert an array of size 1 to a Python scalar
can only convert an array of size 1 to a Python scalar
can only convert an array of size 1 to a Python scalar
can only convert an array of size 1 to a Python scalar
can only convert an array of size 1 to a Python scalar
can only convert an array of size 1 to a Python scalar
can only convert an array of size 1 to a Python scalar
can only convert an array of size 1 to a Python scalar
can only convert an array of size 1 to a Python scalar
can only convert an array of size 1 to a Python scalar
can only convert an array of size 1 to a Python scalar
can only convert an array of size 1 to a Python scalar
can only convert an array of size 1 to a Python scalar
can only convert an array of size 1 to a Python scalar
can only convert an array of size 1 to a Python scalar
can only convert an array of size 1 to a Python scalar
can only convert an array of size 1 to a Python scalar
can only convert an array of size 1 to a Python scalar
can only convert an array of size 1 to a Python scalar
can only convert an array of size 1 to a Python scalar
can only convert an array of size 1 to a Python scalar
can only convert an array of size 1 to a Python scalar
can only convert an array of size 1 to a Python scalar
can only convert an array of size 1 to a Python scalar
can only convert an array of size 1 to a Python scalar
can only convert an array of size 1 to a Python scalar
can only convert an array of size 1 to a Python scalar
can only convert an array of size 1 to a Python scalar
can only convert an array of size 1 to a Python scalar
can only convert an array of size 1 to a Python scalar
can only convert an array of size 1 to a Python scalar
can only convert an array of size 1 to a Python scalar
can only convert an array of size 1 to a Python scalar
can only convert an array of size 1 to a Python scalar
can only convert an array of size 1 to a Python scalar
can only convert an array of size 1 to a Python scalar
can only convert an array of size 1 to a Python scalar
can only convert an array of size 1 to a Python scalar
can only convert an array of size 1 to a Python scalar
can only convert an array of size 1 to a Python scalar
can only convert an array of size 1 to a Python scalar
can only convert an array of size 1 to a Python scalar
can only convert an array of size 1 to a Python scalar
can only convert an array of size 1 to a Python scalar
can only convert an array of size 1 to a Python scalar
can only convert an array of size 1 to a Python scalar
can only convert an array of size 1 to a Python scalar
can only convert an array of size 1 to a Python scalar
can only convert an array of size 1 to a Python scalar
can only convert an array of size 1 to a Python scalar
can only convert an array of size 1 to a Python scalar
can only convert an array of size 1 to a Python scalar
can only convert an array of size 1 to a Python scalar
can only convert an array of size 1 to a Python scalar
can only convert an array of size 1 to a Python scalar
can only convert an array of size 1 to a Python scalar
can only convert an array of size 1 to a Python scalar
can only convert an array of size 1 to a Python scalar
can only convert an array of size 1 to a Python scalar
can only convert an array of size 1 to a Python scalar
can only convert an array of size 1 to a Python scalar
can only convert an array of size 1 to a Python scalar
can only convert an array of size 1 to a Python scalar
can only convert an array of size 1 to a Python scalar
can only convert an array of size 1 to a Python scalar
can only convert an array of size 1 to a Python scalar
can only convert an array of size 1 to a Python scalar
can only convert an array of size 1 to a Python scalar
can only convert an array of size 1 to a Python scalar
can only convert an array of size 1 to a Python scalar
can only convert an array of size 1 to a Python scalar
can only convert an array of size 1 to a Python scalar
can only convert an array of size 1 to a Python scalar
can only convert an array of size 1 to a Python scalar
can only convert an array of size 1 to a Python scalar
can only convert an array of size 1 to a Python scalar
can only convert an array of size 1 to a Python scalar
can only convert an array of size 1 to a Python scalar
can only convert an array of size 1 to a Python scalar
can only convert an array of size 1 to a Python scalar
can only convert an array of size 1 to a Python scalar
can only convert an array of size 1 to a Python scalar
can only convert an array of size 1 to a Python scalar
can only convert an array of size 1 to a Python scalar
can only convert an array of size 1 to a Python scalar
can only convert an array of size 1 to a Python scalar
can only convert an array of size 1 to a Python scalar
can only convert an array of size 1 to a Python scalar
can only convert an array of size 1 to a Python scalar
can only convert an array of size 1 to a Python scalar
can only convert an array of size 1 to a Python scalar
can only convert an array of size 1 to a Python scalar
can only convert an array of size 1 to a Python scalar
can only convert an array of size 1 to a Python scalar
can only convert an array of size 1 to a Python scalar
can only convert an array of size 1 to a Python scalar
can only convert an array of size 1 to a Python scalar
can only convert an array of size 1 to a Python scalar
can only convert an array of size 1 to a Python scalar
can only convert an array of size 1 to a Python scalar
can only convert an array of size 1 to a Python scalar
can only convert an array of size 1 to a Python scalar
can only convert an array of size 1 to a Python scalar
can only convert an array of size 1 to a Python scalar
can only convert an array of size 1 to a Python scalar
can only convert an array of size 1 to a Python scalar
can only convert an array of size 1 to a Python scalar
can only convert an array of size 1 to a Python scalar
can only convert an array of size 1 to a Python scalar
can only convert an array of size 1 to a Python scalar
can only convert an array of size 1 to a Python scalar
can only convert an array of size 1 to a Python scalar
can only convert an array of size 1 to a Python scalar
can only convert an array of size 1 to a Python scalar
can only convert an array of size 1 to a Python scalar
can only convert an array of size 1 to a Python scalar
can only convert an array of size 1 to a Python scalar
can only convert an array of size 1 to a Python scalar
can only convert an array of size 1 to a Python scalar
can only convert an array of size 1 to a Python scalar
can only convert an array of size 1 to a Python scalar
can only convert an array of size 1 to a Python scalar
can only convert an array of size 1 to a Python scalar
can only convert an array of size 1 to a Python scalar
can only convert an array of size 1 to a Python scalar
can only convert an array of size 1 to a Python scalar
can only convert an array of size 1 to a Python scalar
can only convert an array of size 1 to a Python scalar
can only convert an array of size 1 to a Python scalar
can only convert an array of size 1 to a Python scalar
can only convert an array of size 1 to a Python scalar
can only convert an array of size 1 to a Python scalar
can only convert an array of size 1 to a Python scalar
can only convert an array of size 1 to a Python scalar
can only convert an array of size 1 to a Python scalar
can only convert an array of size 1 to a Python scalar
can only convert an array of size 1 to a Python scalar
can only convert an array of size 1 to a Python scalar
can only convert an array of size 1 to a Python scalar
can only convert an array of size 1 to a Python scalar
can only convert an array of size 1 to a Python scalar
can only convert an array of size 1 to a Python scalar
can only convert an array of size 1 to a Python scalar
can only convert an array of size 1 to a Python scalar
can only convert an array of size 1 to a Python scalar
can only convert an array of size 1 to a Python scalar
can only convert an array of size 1 to a Python scalar
can only convert an array of size 1 to a Python scalar
can only convert an array of size 1 to a Python scalar
can only convert an array of size 1 to a Python scalar
can only convert an array of size 1 to a Python scalar
can only convert an array of size 1 to a Python scalar
can only convert an array of size 1 to a Python scalar
can only convert an array of size 1 to a Python scalar
can only convert an array of size 1 to a Python scalar
can only convert an array of size 1 to a Python scalar
can only convert an array of size 1 to a Python scalar
can only convert an array of size 1 to a Python scalar
can only convert an array of size 1 to a Python scalar
can only convert an array of size 1 to a Python scalar
can only convert an array of size 1 to a Python scalar
can only convert an array of size 1 to a Python scalar
can only convert an array of size 1 to a Python scalar
can only convert an array of size 1 to a Python scalar
can only convert an array of size 1 to a Python scalar
can only convert an array of size 1 to a Python scalar
can only convert an array of size 1 to a Python scalar
can only convert an array of size 1 to a Python scalar
can only convert an array of size 1 to a Python scalar
can only convert an array of size 1 to a Python scalar
can only convert an array of size 1 to a Python scalar
can only convert an array of size 1 to a Python scalar
can only convert an array of size 1 to a Python scalar
can only convert an array of size 1 to a Python scalar
can only convert an array of size 1 to a Python scalar
can only convert an array of size 1 to a Python scalar
can only convert an array of size 1 to a Python scalar
can only convert an array of size 1 to a Python scalar
can only convert an array of size 1 to a Python scalar
can only convert an array of size 1 to a Python scalar
can only convert an array of size 1 to a Python scalar
can only convert an array of size 1 to a Python scalar
can only convert an array of size 1 to a Python scalar
can only convert an array of size 1 to a Python scalar
can only convert an array of size 1 to a Python scalar
can only convert an array of size 1 to a Python scalar
can only convert an array of size 1 to a Python scalar
can only convert an array of size 1 to a Python scalar
can only convert an array of size 1 to a Python scalar
can only convert an array of size 1 to a Python scalar
can only convert an array of size 1 to a Python scalar
can only convert an array of size 1 to a Python scalar
can only convert an array of size 1 to a Python scalar
can only convert an array of size 1 to a Python scalar
can only convert an array of size 1 to a Python scalar
can only convert an array of size 1 to a Python scalar
can only convert an array of size 1 to a Python scalar
can only convert an array of size 1 to a Python scalar
can only convert an array of size 1 to a Python scalar
can only convert an array of size 1 to a Python scalar
can only convert an array of size 1 to a Python scalar
can only convert an array of size 1 to a Python scalar
can only convert an array of size 1 to a Python scalar
can only convert an array of size 1 to a Python scalar
can only convert an array of size 1 to a Python scalar
can only convert an array of size 1 to a Python scalar
can only convert an array of size 1 to a Python scalar
can only convert an array of size 1 to a Python scalar
can only convert an array of size 1 to a Python scalar
can only convert an array of size 1 to a Python scalar
can only convert an array of size 1 to a Python scalar
can only convert an array of size 1 to a Python scalar
can only convert an array of size 1 to a Python scalar
can only convert an array of size 1 to a Python scalar
can only convert an array of size 1 to a Python scalar
can only convert an array of size 1 to a Python scalar
can only convert an array of size 1 to a Python scalar
can only convert an array of size 1 to a Python scalar
can only convert an array of size 1 to a Python scalar
can only convert an array of size 1 to a Python scalar
can only convert an array of size 1 to a Python scalar
can only convert an array of size 1 to a Python scalar
can only convert an array of size 1 to a Python scalar
can only convert an array of size 1 to a Python scalar
can only convert an array of size 1 to a Python scalar
can only convert an array of size 1 to a Python scalar
can only convert an array of size 1 to a Python scalar
can only convert an array of size 1 to a Python scalar
can only convert an array of size 1 to a Python scalar
can only convert an array of size 1 to a Python scalar
can only convert an array of size 1 to a Python scalar
can only convert an array of size 1 to a Python scalar
can only convert an array of size 1 to a Python scalar
can only convert an array of size 1 to a Python scalar
can only convert an array of size 1 to a Python scalar
can only convert an array of size 1 to a Python scalar
can only convert an array of size 1 to a Python scalar
can only convert an array of size 1 to a Python scalar
can only convert an array of size 1 to a Python scalar
can only convert an array of size 1 to a Python scalar
can only convert an array of size 1 to a Python scalar
can only convert an array of size 1 to a Python scalar
can only convert an array of size 1 to a Python scalar
can only convert an array of size 1 to a Python scalar
can only convert an array of size 1 to a Python scalar
can only convert an array of size 1 to a Python scalar
can only convert an array of size 1 to a Python scalar
can only convert an array of size 1 to a Python scalar
can only convert an array of size 1 to a Python scalar
can only convert an array of size 1 to a Python scalar
can only convert an array of size 1 to a Python scalar
can only convert an array of size 1 to a Python scalar
can only convert an array of size 1 to a Python scalar
can only convert an array of size 1 to a Python scalar
can only convert an array of size 1 to a Python scalar
can only convert an array of size 1 to a Python scalar
can only convert an array of size 1 to a Python scalar
can only convert an array of size 1 to a Python scalar
can only convert an array of size 1 to a Python scalar
can only convert an array of size 1 to a Python scalar
can only convert an array of size 1 to a Python scalar
can only convert an array of size 1 to a Python scalar
can only convert an array of size 1 to a Python scalar
can only convert an array of size 1 to a Python scalar
can only convert an array of size 1 to a Python scalar
can only convert an array of size 1 to a Python scalar
can only convert an array of size 1 to a Python scalar
can only convert an array of size 1 to a Python scalar
can only convert an array of size 1 to a Python scalar
can only convert an array of size 1 to a Python scalar
can only convert an array of size 1 to a Python scalar
can only convert an array of size 1 to a Python scalar
can only convert an array of size 1 to a Python scalar
can only convert an array of size 1 to a Python scalar
can only convert an array of size 1 to a Python scalar
can only convert an array of size 1 to a Python scalar
can only convert an array of size 1 to a Python scalar
can only convert an array of size 1 to a Python scalar
can only convert an array of size 1 to a Python scalar
can only convert an array of size 1 to a Python scalar
can only convert an array of size 1 to a Python scalar
can only convert an array of size 1 to a Python scalar
can only convert an array of size 1 to a Python scalar
can only convert an array of size 1 to a Python scalar
can only convert an array of size 1 to a Python scalar
can only convert an array of size 1 to a Python scalar
can only convert an array of size 1 to a Python scalar
can only convert an array of size 1 to a Python scalar
can only convert an array of size 1 to a Python scalar
can only convert an array of size 1 to a Python scalar
can only convert an array of size 1 to a Python scalar
can only convert an array of size 1 to a Python scalar
can only convert an array of size 1 to a Python scalar
can only convert an array of size 1 to a Python scalar
can only convert an array of size 1 to a Python scalar
can only convert an array of size 1 to a Python scalar
can only convert an array of size 1 to a Python scalar
can only convert an array of size 1 to a Python scalar
can only convert an array of size 1 to a Python scalar
can only convert an array of size 1 to a Python scalar
can only convert an array of size 1 to a Python scalar
can only convert an array of size 1 to a Python scalar
can only convert an array of size 1 to a Python scalar
can only convert an array of size 1 to a Python scalar
can only convert an array of size 1 to a Python scalar
can only convert an array of size 1 to a Python scalar
can only convert an array of size 1 to a Python scalar
can only convert an array of size 1 to a Python scalar
can only convert an array of size 1 to a Python scalar
can only convert an array of size 1 to a Python scalar
can only convert an array of size 1 to a Python scalar
can only convert an array of size 1 to a Python scalar
can only convert an array of size 1 to a Python scalar
can only convert an array of size 1 to a Python scalar
can only convert an array of size 1 to a Python scalar
can only convert an array of size 1 to a Python scalar
can only convert an array of size 1 to a Python scalar
can only convert an array of size 1 to a Python scalar
can only convert an array of size 1 to a Python scalar
can only convert an array of size 1 to a Python scalar
can only convert an array of size 1 to a Python scalar
can only convert an array of size 1 to a Python scalar
can only convert an array of size 1 to a Python scalar
can only convert an array of size 1 to a Python scalar
can only convert an array of size 1 to a Python scalar
can only convert an array of size 1 to a Python scalar
can only convert an array of size 1 to a Python scalar
can only convert an array of size 1 to a Python scalar
can only convert an array of size 1 to a Python scalar
can only convert an array of size 1 to a Python scalar
can only convert an array of size 1 to a Python scalar
can only convert an array of size 1 to a Python scalar
can only convert an array of size 1 to a Python scalar
can only convert an array of size 1 to a Python scalar
can only convert an array of size 1 to a Python scalar
can only convert an array of size 1 to a Python scalar
can only convert an array of size 1 to a Python scalar
can only convert an array of size 1 to a Python scalar
can only convert an array of size 1 to a Python scalar
can only convert an array of size 1 to a Python scalar
can only convert an array of size 1 to a Python scalar
can only convert an array of size 1 to a Python scalar
can only convert an array of size 1 to a Python scalar
can only convert an array of size 1 to a Python scalar
can only convert an array of size 1 to a Python scalar
can only convert an array of size 1 to a Python scalar
can only convert an array of size 1 to a Python scalar
can only convert an array of size 1 to a Python scalar
can only convert an array of size 1 to a Python scalar
can only convert an array of size 1 to a Python scalar
can only convert an array of size 1 to a Python scalar
can only convert an array of size 1 to a Python scalar
can only convert an array of size 1 to a Python scalar
can only convert an array of size 1 to a Python scalar
can only convert an array of size 1 to a Python scalar
can only convert an array of size 1 to a Python scalar
can only convert an array of size 1 to a Python scalar
can only convert an array of size 1 to a Python scalar
can only convert an array of size 1 to a Python scalar
can only convert an array of size 1 to a Python scalar
can only convert an array of size 1 to a Python scalar
can only convert an array of size 1 to a Python scalar
can only convert an array of size 1 to a Python scalar
can only convert an array of size 1 to a Python scalar
can only convert an array of size 1 to a Python scalar
can only convert an array of size 1 to a Python scalar
can only convert an array of size 1 to a Python scalar
can only convert an array of size 1 to a Python scalar
can only convert an array of size 1 to a Python scalar
can only convert an array of size 1 to a Python scalar
can only convert an array of size 1 to a Python scalar
can only convert an array of size 1 to a Python scalar
can only convert an array of size 1 to a Python scalar
can only convert an array of size 1 to a Python scalar
can only convert an array of size 1 to a Python scalar
can only convert an array of size 1 to a Python scalar
can only convert an array of size 1 to a Python scalar
can only convert an array of size 1 to a Python scalar
can only convert an array of size 1 to a Python scalar
can only convert an array of size 1 to a Python scalar
can only convert an array of size 1 to a Python scalar
can only convert an array of size 1 to a Python scalar
can only convert an array of size 1 to a Python scalar
can only convert an array of size 1 to a Python scalar
can only convert an array of size 1 to a Python scalar
can only convert an array of size 1 to a Python scalar
can only convert an array of size 1 to a Python scalar
can only convert an array of size 1 to a Python scalar
can only convert an array of size 1 to a Python scalar
can only convert an array of size 1 to a Python scalar
can only convert an array of size 1 to a Python scalar
can only convert an array of size 1 to a Python scalar
can only convert an array of size 1 to a Python scalar
can only convert an array of size 1 to a Python scalar
can only convert an array of size 1 to a Python scalar
can only convert an array of size 1 to a Python scalar
can only convert an array of size 1 to a Python scalar
can only convert an array of size 1 to a Python scalar
can only convert an array of size 1 to a Python scalar
can only convert an array of size 1 to a Python scalar
can only convert an array of size 1 to a Python scalar
can only convert an array of size 1 to a Python scalar
can only convert an array of size 1 to a Python scalar
can only convert an array of size 1 to a Python scalar
can only convert an array of size 1 to a Python scalar
can only convert an array of size 1 to a Python scalar
can only convert an array of size 1 to a Python scalar
can only convert an array of size 1 to a Python scalar
can only convert an array of size 1 to a Python scalar
can only convert an array of size 1 to a Python scalar
can only convert an array of size 1 to a Python scalar
can only convert an array of size 1 to a Python scalar
can only convert an array of size 1 to a Python scalar
can only convert an array of size 1 to a Python scalar
can only convert an array of size 1 to a Python scalar
can only convert an array of size 1 to a Python scalar
can only convert an array of size 1 to a Python scalar
can only convert an array of size 1 to a Python scalar
can only convert an array of size 1 to a Python scalar
can only convert an array of size 1 to a Python scalar
can only convert an array of size 1 to a Python scalar
can only convert an array of size 1 to a Python scalar
can only convert an array of size 1 to a Python scalar
can only convert an array of size 1 to a Python scalar
can only convert an array of size 1 to a Python scalar
can only convert an array of size 1 to a Python scalar
can only convert an array of size 1 to a Python scalar
can only convert an array of size 1 to a Python scalar
can only convert an array of size 1 to a Python scalar
can only convert an array of size 1 to a Python scalar
can only convert an array of size 1 to a Python scalar
can only convert an array of size 1 to a Python scalar
can only convert an array of size 1 to a Python scalar
can only convert an array of size 1 to a Python scalar
can only convert an array of size 1 to a Python scalar
can only convert an array of size 1 to a Python scalar
can only convert an array of size 1 to a Python scalar
can only convert an array of size 1 to a Python scalar
can only convert an array of size 1 to a Python scalar
can only convert an array of size 1 to a Python scalar
can only convert an array of size 1 to a Python scalar
can only convert an array of size 1 to a Python scalar
can only convert an array of size 1 to a Python scalar
can only convert an array of size 1 to a Python scalar
can only convert an array of size 1 to a Python scalar
can only convert an array of size 1 to a Python scalar
can only convert an array of size 1 to a Python scalar
can only convert an array of size 1 to a Python scalar
can only convert an array of size 1 to a Python scalar
can only convert an array of size 1 to a Python scalar
can only convert an array of size 1 to a Python scalar
can only convert an array of size 1 to a Python scalar
can only convert an array of size 1 to a Python scalar
can only convert an array of size 1 to a Python scalar
can only convert an array of size 1 to a Python scalar
can only convert an array of size 1 to a Python scalar
can only convert an array of size 1 to a Python scalar
can only convert an array of size 1 to a Python scalar
can only convert an array of size 1 to a Python scalar
can only convert an array of size 1 to a Python scalar
can only convert an array of size 1 to a Python scalar
can only convert an array of size 1 to a Python scalar
can only convert an array of size 1 to a Python scalar
can only convert an array of size 1 to a Python scalar
can only convert an array of size 1 to a Python scalar
can only convert an array of size 1 to a Python scalar
can only convert an array of size 1 to a Python scalar
can only convert an array of size 1 to a Python scalar
can only convert an array of size 1 to a Python scalar
can only convert an array of size 1 to a Python scalar
can only convert an array of size 1 to a Python scalar
can only convert an array of size 1 to a Python scalar
can only convert an array of size 1 to a Python scalar
can only convert an array of size 1 to a Python scalar
can only convert an array of size 1 to a Python scalar
can only convert an array of size 1 to a Python scalar
can only convert an array of size 1 to a Python scalar
can only convert an array of size 1 to a Python scalar
can only convert an array of size 1 to a Python scalar
can only convert an array of size 1 to a Python scalar
can only convert an array of size 1 to a Python scalar
can only convert an array of size 1 to a Python scalar
can only convert an array of size 1 to a Python scalar
can only convert an array of size 1 to a Python scalar
can only convert an array of size 1 to a Python scalar
can only convert an array of size 1 to a Python scalar
can only convert an array of size 1 to a Python scalar
can only convert an array of size 1 to a Python scalar
can only convert an array of size 1 to a Python scalar
can only convert an array of size 1 to a Python scalar
can only convert an array of size 1 to a Python scalar
can only convert an array of size 1 to a Python scalar
can only convert an array of size 1 to a Python scalar
can only convert an array of size 1 to a Python scalar
can only convert an array of size 1 to a Python scalar
can only convert an array of size 1 to a Python scalar
can only convert an array of size 1 to a Python scalar
can only convert an array of size 1 to a Python scalar
can only convert an array of size 1 to a Python scalar
can only convert an array of size 1 to a Python scalar
can only convert an array of size 1 to a Python scalar
can only convert an array of size 1 to a Python scalar
can only convert an array of size 1 to a Python scalar
can only convert an array of size 1 to a Python scalar
can only convert an array of size 1 to a Python scalar
can only convert an array of size 1 to a Python scalar
can only convert an array of size 1 to a Python scalar
can only convert an array of size 1 to a Python scalar
can only convert an array of size 1 to a Python scalar
can only convert an array of size 1 to a Python scalar
can only convert an array of size 1 to a Python scalar
can only convert an array of size 1 to a Python scalar
can only convert an array of size 1 to a Python scalar
can only convert an array of size 1 to a Python scalar
can only convert an array of size 1 to a Python scalar
can only convert an array of size 1 to a Python scalar
can only convert an array of size 1 to a Python scalar
can only convert an array of size 1 to a Python scalar
can only convert an array of size 1 to a Python scalar
can only convert an array of size 1 to a Python scalar
can only convert an array of size 1 to a Python scalar
can only convert an array of size 1 to a Python scalar
can only convert an array of size 1 to a Python scalar
can only convert an array of size 1 to a Python scalar
can only convert an array of size 1 to a Python scalar
can only convert an array of size 1 to a Python scalar
can only convert an array of size 1 to a Python scalar
can only convert an array of size 1 to a Python scalar
can only convert an array of size 1 to a Python scalar
can only convert an array of size 1 to a Python scalar
can only convert an array of size 1 to a Python scalar
can only convert an array of size 1 to a Python scalar
can only convert an array of size 1 to a Python scalar
can only convert an array of size 1 to a Python scalar
can only convert an array of size 1 to a Python scalar
can only convert an array of size 1 to a Python scalar
can only convert an array of size 1 to a Python scalar
can only convert an array of size 1 to a Python scalar
can only convert an array of size 1 to a Python scalar
can only convert an array of size 1 to a Python scalar
can only convert an array of size 1 to a Python scalar
can only convert an array of size 1 to a Python scalar
can only convert an array of size 1 to a Python scalar
can only convert an array of size 1 to a Python scalar
can only convert an array of size 1 to a Python scalar
can only convert an array of size 1 to a Python scalar
can only convert an array of size 1 to a Python scalar
can only convert an array of size 1 to a Python scalar
can only convert an array of size 1 to a Python scalar
can only convert an array of size 1 to a Python scalar
can only convert an array of size 1 to a Python scalar
can only convert an array of size 1 to a Python scalar
can only convert an array of size 1 to a Python scalar
can only convert an array of size 1 to a Python scalar
can only convert an array of size 1 to a Python scalar
can only convert an array of size 1 to a Python scalar
can only convert an array of size 1 to a Python scalar
can only convert an array of size 1 to a Python scalar
can only convert an array of size 1 to a Python scalar
can only convert an array of size 1 to a Python scalar
can only convert an array of size 1 to a Python scalar
can only convert an array of size 1 to a Python scalar
can only convert an array of size 1 to a Python scalar
can only convert an array of size 1 to a Python scalar
can only convert an array of size 1 to a Python scalar
can only convert an array of size 1 to a Python scalar
can only convert an array of size 1 to a Python scalar
can only convert an array of size 1 to a Python scalar
can only convert an array of size 1 to a Python scalar
can only convert an array of size 1 to a Python scalar
can only convert an array of size 1 to a Python scalar
can only convert an array of size 1 to a Python scalar
can only convert an array of size 1 to a Python scalar
can only convert an array of size 1 to a Python scalar
can only convert an array of size 1 to a Python scalar
can only convert an array of size 1 to a Python scalar
can only convert an array of size 1 to a Python scalar
can only convert an array of size 1 to a Python scalar
can only convert an array of size 1 to a Python scalar
can only convert an array of size 1 to a Python scalar
can only convert an array of size 1 to a Python scalar
can only convert an array of size 1 to a Python scalar
can only convert an array of size 1 to a Python scalar
can only convert an array of size 1 to a Python scalar
can only convert an array of size 1 to a Python scalar
can only convert an array of size 1 to a Python scalar
can only convert an array of size 1 to a Python scalar
can only convert an array of size 1 to a Python scalar
can only convert an array of size 1 to a Python scalar
can only convert an array of size 1 to a Python scalar
can only convert an array of size 1 to a Python scalar
can only convert an array of size 1 to a Python scalar
can only convert an array of size 1 to a Python scalar
can only convert an array of size 1 to a Python scalar
can only convert an array of size 1 to a Python scalar
can only convert an array of size 1 to a Python scalar
can only convert an array of size 1 to a Python scalar
can only convert an array of size 1 to a Python scalar
can only convert an array of size 1 to a Python scalar
can only convert an array of size 1 to a Python scalar
can only convert an array of size 1 to a Python scalar
can only convert an array of size 1 to a Python scalar
can only convert an array of size 1 to a Python scalar
can only convert an array of size 1 to a Python scalar
can only convert an array of size 1 to a Python scalar
can only convert an array of size 1 to a Python scalar
can only convert an array of size 1 to a Python scalar
can only convert an array of size 1 to a Python scalar
can only convert an array of size 1 to a Python scalar
can only convert an array of size 1 to a Python scalar
can only convert an array of size 1 to a Python scalar
can only convert an array of size 1 to a Python scalar
can only convert an array of size 1 to a Python scalar
can only convert an array of size 1 to a Python scalar
can only convert an array of size 1 to a Python scalar
can only convert an array of size 1 to a Python scalar
can only convert an array of size 1 to a Python scalar
can only convert an array of size 1 to a Python scalar
can only convert an array of size 1 to a Python scalar
can only convert an array of size 1 to a Python scalar
can only convert an array of size 1 to a Python scalar
can only convert an array of size 1 to a Python scalar
can only convert an array of size 1 to a Python scalar
can only convert an array of size 1 to a Python scalar
can only convert an array of size 1 to a Python scalar
can only convert an array of size 1 to a Python scalar
can only convert an array of size 1 to a Python scalar
can only convert an array of size 1 to a Python scalar
can only convert an array of size 1 to a Python scalar
can only convert an array of size 1 to a Python scalar
can only convert an array of size 1 to a Python scalar
can only convert an array of size 1 to a Python scalar
can only convert an array of size 1 to a Python scalar
can only convert an array of size 1 to a Python scalar
can only convert an array of size 1 to a Python scalar
can only convert an array of size 1 to a Python scalar
can only convert an array of size 1 to a Python scalar
can only convert an array of size 1 to a Python scalar
can only convert an array of size 1 to a Python scalar
can only convert an array of size 1 to a Python scalar
can only convert an array of size 1 to a Python scalar
can only convert an array of size 1 to a Python scalar
slurmstepd: error: *** JOB 487344 ON bask-pg0308u36a CANCELLED AT 2023-08-18T12:00:18 ***
