Miniconda3/4.10.3
Starting reading the multimedia file...
Finished reading the multimedia...
Starting reading the occurrence file...
Finished reading the occurrence file...
Starting for 
0 5101394
Downloading for Cossus cossus which has a total of 0 image occurrences.
Downloading complete for Cossus cossus with 0 images.
Finished
Starting for 
1 1731598
Downloading for Phragmataecia castaneae which has a total of 0 image occurrences.
Downloading complete for Phragmataecia castaneae with 0 images.
Finished
Starting for 
2 1730978
Downloading for Zeuzera pyrina which has a total of 0 image occurrences.
Downloading complete for Zeuzera pyrina with 0 images.
Finished
Starting for 
3 1952229
Downloading for Achlya flavicornis which has a total of 0 image occurrences.
Downloading complete for Achlya flavicornis with 0 images.
Finished
Starting for 
4 1951557
Downloading for Cilix glaucata which has a total of 0 image occurrences.
Downloading complete for Cilix glaucata with 0 images.
Finished
Starting for 
5 1952130
Downloading for Cymatophorina diluta which has a total of 0 image occurrences.
Downloading complete for Cymatophorina diluta with 0 images.
Finished
Starting for 
6 5143147
Downloading for Drepana curvatula which has a total of 0 image occurrences.
Downloading complete for Drepana curvatula with 0 images.
Finished
Starting for 
7 5143129
Downloading for Drepana falcataria which has a total of 0 image occurrences.
Downloading complete for Drepana falcataria with 0 images.
Finished
Starting for 
8 1952014
Downloading for Falcaria lacertinaria which has a total of 0 image occurrences.
Downloading complete for Falcaria lacertinaria with 0 images.
Finished
Starting for 
9 1952062
Downloading for Habrosyne pyritoides which has a total of 0 image occurrences.
Downloading complete for Habrosyne pyritoides with 0 images.
Finished
Starting for 
10 1952532
Downloading for Ochropacha duplaris which has a total of 0 image occurrences.
Downloading complete for Ochropacha duplaris with 0 images.
Finished
Starting for 
11 1951713
Downloading for Polyploca ridens which has a total of 0 image occurrences.
Downloading complete for Polyploca ridens with 0 images.
Finished
Starting for 
12 1952449
Downloading for Sabra harpagula which has a total of 0 image occurrences.
Downloading complete for Sabra harpagula with 0 images.
Finished
Starting for 
13 5143048
Downloading for Tethea ocularis which has a total of 0 image occurrences.
Downloading complete for Tethea ocularis with 0 images.
Finished
Starting for 
14 5142971
Downloading for Tethea or which has a total of 0 image occurrences.
Downloading complete for Tethea or with 0 images.
Finished
Starting for 
15 1951649
Downloading for Tetheella fluctuosa which has a total of 0 image occurrences.
Downloading complete for Tetheella fluctuosa with 0 images.
Finished
Starting for 
16 5142870
Downloading for Thyatira batis which has a total of 0 image occurrences.
Downloading complete for Thyatira batis with 0 images.
Finished
Starting for 
17 1952806
Downloading for Watsonalla binaria which has a total of 0 image occurrences.
Downloading complete for Watsonalla binaria with 0 images.
Finished
Starting for 
18 1952812
Downloading for Watsonalla cultraria which has a total of 0 image occurrences.
Downloading complete for Watsonalla cultraria with 0 images.
Finished
Starting for 
19 1861395
Downloading for Endromis versicolora which has a total of 0 image occurrences.
Downloading complete for Endromis versicolora with 0 images.
Finished
Starting for 
20 1808450
Downloading for Amata phegea which has a total of 0 image occurrences.
Downloading complete for Amata phegea with 0 images.
Finished
Starting for 
21 1785105
Downloading for Anomis sabulifera which has a total of 0 image occurrences.
Downloading complete for Anomis sabulifera with 0 images.
Finished
Starting for 
22 1803273
Downloading for Antichloris caca which has a total of 0 image occurrences.
Downloading complete for Antichloris caca with 0 images.
Finished
Starting for 
23 1803266
Downloading for Antichloris eriphia which has a total of 0 image occurrences.
Downloading complete for Antichloris eriphia with 0 images.
Finished
Starting for 
24 1803261
Downloading for Antichloris viridis which has a total of 0 image occurrences.
Downloading complete for Antichloris viridis with 0 images.
Finished
Starting for 
25 5115874
Downloading for Arctia caja which has a total of 0 image occurrences.
Downloading complete for Arctia caja with 0 images.
Finished
Starting for 
26 5115818
Downloading for Arctia villica which has a total of 0 image occurrences.
Downloading complete for Arctia villica with 0 images.
Finished
Starting for 
27 8407461
Downloading for Arctornis l-nigrum which has a total of 0 image occurrences.
Downloading complete for Arctornis l-nigrum with 0 images.
Finished
Starting for 
28 1810099
Downloading for Atolmis rubricollis which has a total of 0 image occurrences.
Downloading complete for Atolmis rubricollis with 0 images.
Finished
Starting for 
29 4532534
Downloading for Callimorpha dominula which has a total of 0 image occurrences.
Downloading complete for Callimorpha dominula with 0 images.
Finished
Starting for 
30 1761111
Downloading for Callistege mi which has a total of 0 image occurrences.
Downloading complete for Callistege mi with 0 images.
Finished
Starting for 
31 1819145
Downloading for Calliteara pudibunda which has a total of 0 image occurrences.
Downloading complete for Calliteara pudibunda with 0 images.
Finished
Starting for 
32 1788635
Downloading for Catephia alchymista which has a total of 0 image occurrences.
Downloading complete for Catephia alchymista with 0 images.
Finished
Starting for 
33 1797527
Downloading for Catocala coniuncta which has a total of 0 image occurrences.
Downloading complete for Catocala coniuncta with 0 images.
Finished
Starting for 
34 8756768
Downloading for Catocala electa which has a total of 0 image occurrences.
Downloading complete for Catocala electa with 0 images.
Finished
Starting for 
35 1797276
Downloading for Catocala elocata which has a total of 0 image occurrences.
Downloading complete for Catocala elocata with 0 images.
Finished
Starting for 
36 1797479
Downloading for Catocala fraxini which has a total of 0 image occurrences.
Downloading complete for Catocala fraxini with 0 images.
Finished
Starting for 
37 1797258
Downloading for Catocala nupta which has a total of 0 image occurrences.
Downloading complete for Catocala nupta with 0 images.
Finished
Starting for 
38 1797333
Downloading for Catocala nymphagoga which has a total of 0 image occurrences.
Downloading complete for Catocala nymphagoga with 0 images.
Finished
Starting for 
39 1797178
Downloading for Catocala promissa which has a total of 0 image occurrences.
Downloading complete for Catocala promissa with 0 images.
Finished
Starting for 
40 1797367
Downloading for Catocala sponsa which has a total of 0 image occurrences.
Downloading complete for Catocala sponsa with 0 images.
Finished
Starting for 
41 8193562
Downloading for Clytie illunaris which has a total of 0 image occurrences.
Downloading complete for Clytie illunaris with 0 images.
Finished
Starting for 
42 1764531
Downloading for Colobochyla salicalis which has a total of 0 image occurrences.
Downloading complete for Colobochyla salicalis with 0 images.
Finished
Starting for 
43 5117189
Downloading for Coscinia cribraria which has a total of 0 image occurrences.
Downloading complete for Coscinia cribraria with 0 images.
Finished
Starting for 
44 5117200
Downloading for Coscinia striata which has a total of 0 image occurrences.
Downloading complete for Coscinia striata with 0 images.
Finished
Starting for 
45 1804906
Downloading for Cybosia mesomella which has a total of 0 image occurrences.
Downloading complete for Cybosia mesomella with 0 images.
Finished
Starting for 
46 4532544
Downloading for Diacrisia sannio which has a total of 0 image occurrences.
Downloading complete for Diacrisia sannio with 0 images.
Finished
Starting for 
47 6097214
Downloading for Diaphora mendica which has a total of 0 image occurrences.
Downloading complete for Diaphora mendica with 0 images.
Finished
Starting for 
48 4532297
Downloading for Dicallomera fascelina which has a total of 0 image occurrences.
Downloading complete for Dicallomera fascelina with 0 images.
Finished
Starting for 
49 1814630
Downloading for Dysauxes ancilla which has a total of 0 image occurrences.
Downloading complete for Dysauxes ancilla with 0 images.
Finished
Starting for 
50 1798504
Downloading for Dysgonia algira which has a total of 0 image occurrences.
Downloading complete for Dysgonia algira with 0 images.
Finished
Starting for 
51 8041200
Downloading for Eilema caniola which has a total of 0 image occurrences.
Downloading complete for Eilema caniola with 0 images.
Finished
Starting for 
52 5116609
Downloading for Eilema complana which has a total of 0 image occurrences.
Downloading complete for Eilema complana with 0 images.
Finished
Starting for 
53 5116850
Downloading for Eilema depressa which has a total of 0 image occurrences.
Downloading complete for Eilema depressa with 0 images.
Finished
Starting for 
54 5116941
Downloading for Eilema griseola which has a total of 0 image occurrences.
Downloading complete for Eilema griseola with 0 images.
Finished
Starting for 
55 7730078
Downloading for Eilema lurideola which has a total of 0 image occurrences.
Downloading complete for Eilema lurideola with 0 images.
Finished
Starting for 
56 5116669
Downloading for Eilema pygmaeola which has a total of 0 image occurrences.
Downloading complete for Eilema pygmaeola with 0 images.
Finished
Starting for 
57 5117089
Downloading for Eilema sororcula which has a total of 0 image occurrences.
Downloading complete for Eilema sororcula with 0 images.
Finished
Starting for 
58 4532253
Downloading for Eublemma minutata which has a total of 1590 image occurrences.
can only convert an array of size 1 to a Python scalar
can only convert an array of size 1 to a Python scalar
can only convert an array of size 1 to a Python scalar
can only convert an array of size 1 to a Python scalar
can only convert an array of size 1 to a Python scalar
can only convert an array of size 1 to a Python scalar
can only convert an array of size 1 to a Python scalar
can only convert an array of size 1 to a Python scalar
can only convert an array of size 1 to a Python scalar
can only convert an array of size 1 to a Python scalar
can only convert an array of size 1 to a Python scalar
can only convert an array of size 1 to a Python scalar
can only convert an array of size 1 to a Python scalar
can only convert an array of size 1 to a Python scalar
can only convert an array of size 1 to a Python scalar
can only convert an array of size 1 to a Python scalar
can only convert an array of size 1 to a Python scalar
can only convert an array of size 1 to a Python scalar
can only convert an array of size 1 to a Python scalar
can only convert an array of size 1 to a Python scalar
can only convert an array of size 1 to a Python scalar
can only convert an array of size 1 to a Python scalar
can only convert an array of size 1 to a Python scalar
can only convert an array of size 1 to a Python scalar
can only convert an array of size 1 to a Python scalar
Downloading complete for Eublemma minutata with 2 images.
Finished
Starting for 
59 4532203
Downloading for Eublemma ostrina which has a total of 1397 image occurrences.
can only convert an array of size 1 to a Python scalar
can only convert an array of size 1 to a Python scalar
can only convert an array of size 1 to a Python scalar
can only convert an array of size 1 to a Python scalar
can only convert an array of size 1 to a Python scalar
can only convert an array of size 1 to a Python scalar
can only convert an array of size 1 to a Python scalar
Downloading complete for Eublemma ostrina with 2 images.
Finished
Starting for 
60 4532206
Downloading for Eublemma parva which has a total of 1328 image occurrences.
can only convert an array of size 1 to a Python scalar
can only convert an array of size 1 to a Python scalar
Downloading complete for Eublemma parva with 2 images.
Finished
Starting for 
61 4532239
Downloading for Eublemma purpurina which has a total of 1795 image occurrences.
can only convert an array of size 1 to a Python scalar
can only convert an array of size 1 to a Python scalar
can only convert an array of size 1 to a Python scalar
can only convert an array of size 1 to a Python scalar
can only convert an array of size 1 to a Python scalar
can only convert an array of size 1 to a Python scalar
can only convert an array of size 1 to a Python scalar
can only convert an array of size 1 to a Python scalar
can only convert an array of size 1 to a Python scalar
can only convert an array of size 1 to a Python scalar
can only convert an array of size 1 to a Python scalar
can only convert an array of size 1 to a Python scalar
can only convert an array of size 1 to a Python scalar
can only convert an array of size 1 to a Python scalar
Downloading complete for Eublemma purpurina with 2 images.
Finished
Starting for 
62 5117791
Downloading for Euchromia lethe which has a total of 0 image occurrences.
Downloading complete for Euchromia lethe with 0 images.
Finished
Starting for 
63 1798408
Downloading for Euclidia glyphica which has a total of 0 image occurrences.
Downloading complete for Euclidia glyphica with 0 images.
Finished
Starting for 
64 4532532
Downloading for Euplagia quadripunctaria which has a total of 0 image occurrences.
Downloading complete for Euplagia quadripunctaria with 0 images.
Finished
Starting for 
65 1821856
Downloading for Euproctis chrysorrhoea which has a total of 0 image occurrences.
Downloading complete for Euproctis chrysorrhoea with 0 images.
Finished
Starting for 
66 1821911
Downloading for Euproctis similis which has a total of 0 image occurrences.
Downloading complete for Euproctis similis with 0 images.
Finished
Starting for 
67 1786985
Downloading for Grammodes bifasciata which has a total of 0 image occurrences.
Downloading complete for Grammodes bifasciata with 0 images.
Finished
Starting for 
68 1786980
Downloading for Grammodes stolida which has a total of 0 image occurrences.
Downloading complete for Grammodes stolida with 0 images.
Finished
Starting for 
69 11125040
Downloading for Halysidota moeschleri which has a total of 0 image occurrences.
Downloading complete for Halysidota moeschleri with 0 images.
Finished
Starting for 
70 5113078
Downloading for Herminia grisealis which has a total of 0 image occurrences.
Downloading complete for Herminia grisealis with 0 images.
Finished
Starting for 
71 5113084
Downloading for Herminia tarsicrinalis which has a total of 0 image occurrences.
Downloading complete for Herminia tarsicrinalis with 0 images.
Finished
Starting for 
72 5113234
Downloading for Herminia tarsipennalis which has a total of 0 image occurrences.
Downloading complete for Herminia tarsipennalis with 0 images.
Finished
Starting for 
73 4532357
Downloading for Hypena crassalis which has a total of 0 image occurrences.
Downloading complete for Hypena crassalis with 0 images.
Finished
Starting for 
74 4532352
Downloading for Hypena lividalis which has a total of 0 image occurrences.
Downloading complete for Hypena lividalis with 0 images.
Finished
Starting for 
75 4532351
Downloading for Hypena obesalis which has a total of 0 image occurrences.
Downloading complete for Hypena obesalis with 0 images.
Finished
Starting for 
76 1798802
Downloading for Hypena obsitalis which has a total of 0 image occurrences.
Downloading complete for Hypena obsitalis with 0 images.
Finished
Starting for 
77 1798807
Downloading for Hypena proboscidalis which has a total of 0 image occurrences.
Downloading complete for Hypena proboscidalis with 0 images.
Finished
Starting for 
78 1798594
Downloading for Hypena rostralis which has a total of 0 image occurrences.
Downloading complete for Hypena rostralis with 0 images.
Finished
Starting for 
79 1799708
Downloading for Hypenodes humidalis which has a total of 0 image occurrences.
Downloading complete for Hypenodes humidalis with 0 images.
Finished
Starting for 
80 1811079
Downloading for Hypercompe scribonia which has a total of 0 image occurrences.
Downloading complete for Hypercompe scribonia with 0 images.
Finished
Starting for 
81 1817797
Downloading for Hyphantria cunea which has a total of 0 image occurrences.
Downloading complete for Hyphantria cunea with 0 images.
Finished
Starting for 
82 1816889
Downloading for Hyphoraia testudinaria which has a total of 0 image occurrences.
Downloading complete for Hyphoraia testudinaria with 0 images.
Finished
Starting for 
83 9407200
Downloading for Idia aemula which has a total of 0 image occurrences.
Downloading complete for Idia aemula with 0 images.
Finished
Starting for 
84 9627917
Downloading for Idia lubricalis which has a total of 0 image occurrences.
Downloading complete for Idia lubricalis with 0 images.
Finished
Starting for 
85 8326103
Downloading for Laelia coenosa which has a total of 0 image occurrences.
Downloading complete for Laelia coenosa with 0 images.
Finished
Starting for 
86 1769103
Downloading for Laspeyria flexula which has a total of 0 image occurrences.
Downloading complete for Laspeyria flexula with 0 images.
Finished
Starting for 
87 1820039
Downloading for Leucoma salicis which has a total of 0 image occurrences.
Downloading complete for Leucoma salicis with 0 images.
Finished
Starting for 
88 5115771
Downloading for Lithosia quadra which has a total of 0 image occurrences.
Downloading complete for Lithosia quadra with 0 images.
Finished
Starting for 
89 4532412
Downloading for Lygephila craccae which has a total of 0 image occurrences.
Downloading complete for Lygephila craccae with 0 images.
Finished
Starting for 
90 4532405
Downloading for Lygephila pastinum which has a total of 0 image occurrences.
Downloading complete for Lygephila pastinum with 0 images.
Finished
Starting for 
91 1820406
Downloading for Lymantria dispar which has a total of 0 image occurrences.
Downloading complete for Lymantria dispar with 0 images.
Finished
Starting for 
92 1820372
Downloading for Lymantria monacha which has a total of 0 image occurrences.
Downloading complete for Lymantria monacha with 0 images.
Finished
Starting for 
93 5771982
Downloading for Macrochilo cribrumalis which has a total of 0 image occurrences.
Downloading complete for Macrochilo cribrumalis with 0 images.
Finished
Starting for 
94 1813114
Downloading for Miltochrista miniata which has a total of 0 image occurrences.
Downloading complete for Miltochrista miniata with 0 images.
Finished
Starting for 
95 1790816
Downloading for Minucia lunaris which has a total of 0 image occurrences.
Downloading complete for Minucia lunaris with 0 images.
Finished
Starting for 
96 5116416
Downloading for Nudaria mundana which has a total of 0 image occurrences.
Downloading complete for Nudaria mundana with 0 images.
Finished
Starting for 
97 1788553
Downloading for Ophiusa tirhaca which has a total of 0 image occurrences.
Downloading complete for Ophiusa tirhaca with 0 images.
Finished
Starting for 
98 1819873
Downloading for Orgyia antiqua which has a total of 0 image occurrences.
Downloading complete for Orgyia antiqua with 0 images.
Finished
Starting for 
99 7657803
Downloading for Orgyia recens which has a total of 0 image occurrences.
Downloading complete for Orgyia recens with 0 images.
Finished
Starting for 
100 4532453
Downloading for Pandesma robusta which has a total of 0 image occurrences.
Downloading complete for Pandesma robusta with 0 images.
Finished
Starting for 
101 4532516
Downloading for Paracolax tristalis which has a total of 0 image occurrences.
Downloading complete for Paracolax tristalis with 0 images.
Finished
Starting for 
102 1780150
Downloading for Parascotia fuliginaria which has a total of 0 image occurrences.
Downloading complete for Parascotia fuliginaria with 0 images.
Finished
Starting for 
103 1808752
Downloading for Parasemia plantaginis which has a total of 0 image occurrences.
Downloading complete for Parasemia plantaginis with 0 images.
Finished
Starting for 
104 4532500
Downloading for Pechipogo plumigeralis which has a total of 0 image occurrences.
Downloading complete for Pechipogo plumigeralis with 0 images.
Finished
Starting for 
105 1772793
Downloading for Pechipogo strigilata which has a total of 0 image occurrences.
Downloading complete for Pechipogo strigilata with 0 images.
Finished
Starting for 
106 5117400
Downloading for Pelosia muscerda which has a total of 0 image occurrences.
Downloading complete for Pelosia muscerda with 0 images.
Finished
Starting for 
107 5117399
Downloading for Pelosia obtusa which has a total of 0 image occurrences.
Downloading complete for Pelosia obtusa with 0 images.
Finished
Starting for 
108 1804071
Downloading for Phragmatobia fuliginosa which has a total of 0 image occurrences.
Downloading complete for Phragmatobia fuliginosa with 0 images.
Finished
Starting for 
109 1760246
Downloading for Phytometra viridaria which has a total of 0 image occurrences.
Downloading complete for Phytometra viridaria with 0 images.
Finished
Starting for 
110 1807881
Downloading for Pyrrharctia isabella which has a total of 0 image occurrences.
Downloading complete for Pyrrharctia isabella with 0 images.
Finished
Starting for 
111 1769897
Downloading for Rivula sericealis which has a total of 0 image occurrences.
Downloading complete for Rivula sericealis with 0 images.
Finished
Starting for 
112 5113036
Downloading for Schrankia costaestrigalis which has a total of 0 image occurrences.
Downloading complete for Schrankia costaestrigalis with 0 images.
Finished
Starting for 
113 5113002
Downloading for Schrankia intermedialis which has a total of 0 image occurrences.
Downloading complete for Schrankia intermedialis with 0 images.
Finished
Starting for 
114 5113030
Downloading for Schrankia taenialis which has a total of 0 image occurrences.
Downloading complete for Schrankia taenialis with 0 images.
Finished
Starting for 
115 1798449
Downloading for Scoliopteryx libatrix which has a total of 0 image occurrences.
Downloading complete for Scoliopteryx libatrix with 0 images.
Finished
Starting for 
116 5116475
Downloading for Setina irrorella which has a total of 0 image occurrences.
Downloading complete for Setina irrorella with 0 images.
Finished
Starting for 
117 1811896
Downloading for Spilosoma lubricipeda which has a total of 0 image occurrences.
Downloading complete for Spilosoma lubricipeda with 0 images.
Finished
Starting for 
118 1811789
Downloading for Spilosoma lutea which has a total of 0 image occurrences.
Downloading complete for Spilosoma lutea with 0 images.
Finished
Starting for 
119 1812394
Downloading for Spilosoma urticae which has a total of 0 image occurrences.
Downloading complete for Spilosoma urticae with 0 images.
Finished
Starting for 
120 1765751
Downloading for Tathorhynchus exsiccata which has a total of 597 image occurrences.
can only convert an array of size 1 to a Python scalar
Downloading complete for Tathorhynchus exsiccata with 2 images.
Finished
Starting for 
121 1807206
Downloading for Thumatha senex which has a total of 0 image occurrences.
Downloading complete for Thumatha senex with 0 images.
Finished
Starting for 
122 1798346
Downloading for Trisateles emortualis which has a total of 0 image occurrences.
Downloading complete for Trisateles emortualis with 0 images.
Finished
Starting for 
123 5115777
Downloading for Tyria jacobaeae which has a total of 0 image occurrences.
Downloading complete for Tyria jacobaeae with 0 images.
/bask/projects/v/vjgo8416-amber/conda_envs/gbif-species-trainer-AMI-fork/lib/python3.8/site-packages/dwca/read.py:203: DtypeWarning: Columns (6,7) have mixed types. Specify dtype option on import or set low_memory=False.
  df = read_csv(self.absolute_temporary_path(relative_path), **kwargs)
/bask/projects/v/vjgo8416-amber/conda_envs/gbif-species-trainer-AMI-fork/lib/python3.8/site-packages/dwca/read.py:203: DtypeWarning: Columns (2,9,26,35,39,42,46,47,48,54,56,57,58,59,60,61,62,64,65,66,67,68,69,70,71,74,75,76,77,78,79,81,82,84,85,86,87,88,89,90,91,92,93,94,96,97,98,99,100,101,102,103,109,110,111,113,114,115,116,117,118,119,120,121,122,123,124,125,126,127,128,129,130,132,135,136,142,143,144,145,147,148,149,150,151,155,156,157,158,159,160,161,165,166,167,170,171,172,173,174,175,176,177,178,179,180,181,183,185,186,187,189,190,191,192,193,194,195,201,205,207,208,210,211,212,214,215,217,225,226,227,229,242,243,247,249,250,251,252,253,254,255,256) have mixed types. Specify dtype option on import or set low_memory=False.
  df = read_csv(self.absolute_temporary_path(relative_path), **kwargs)
Finished
Starting for 
124 1803218
Traceback (most recent call last):
  File "02-fetch_gbif_moth_data_serial.py", line 232, in <module>
    download_data(args)
  File "02-fetch_gbif_moth_data_serial.py", line 199, in download_data
    fetch_image_data(i_taxon_key)
  File "02-fetch_gbif_moth_data_serial.py", line 77, in fetch_image_data
    family_name = taxon_data["family_name"].item()
  File "/bask/projects/v/vjgo8416-amber/conda_envs/gbif-species-trainer-AMI-fork/lib/python3.8/site-packages/pandas/core/base.py", line 350, in item
    raise ValueError("can only convert an array of size 1 to a Python scalar")
ValueError: can only convert an array of size 1 to a Python scalar
