Miniconda3/4.10.3
/bask/projects/v/vjgo8416-amber/conda_envs/gbif-species-trainer-AMI-fork/lib/python3.8/site-packages/dwca/read.py:203: DtypeWarning: Columns (7) have mixed types. Specify dtype option on import or set low_memory=False.
  df = read_csv(self.absolute_temporary_path(relative_path), **kwargs)
/bask/projects/v/vjgo8416-amber/conda_envs/gbif-species-trainer-AMI-fork/lib/python3.8/site-packages/dwca/read.py:203: DtypeWarning: Columns (2,9,26,35,39,42,46,47,48,54,56,57,58,59,60,61,62,64,65,66,67,68,69,70,71,74,75,76,77,78,79,81,82,84,85,86,87,88,89,90,91,92,93,94,95,96,97,98,99,100,101,102,103,109,110,111,113,114,115,116,117,118,119,120,121,122,123,124,125,126,127,128,129,130,132,135,136,142,143,144,145,147,148,149,150,151,153,155,156,157,158,159,160,161,162,163,165,167,170,171,172,173,174,175,176,177,178,179,180,181,183,184,185,186,187,189,190,191,192,193,195,201,204,205,207,210,211,212,214,215,217,219,220,221,222,224,225,227,228,229,230,231,232,242,243,247,249,250,251,252,253,254,255,256) have mixed types. Specify dtype option on import or set low_memory=False.
  df = read_csv(self.absolute_temporary_path(relative_path), **kwargs)
Downloading for Cilix glaucata which has a total of 0 image occurrences.
Downloading complete for Cilix glaucata with 0 images.
Downloading for Falcaria lacertinaria which has a total of 0 image occurrences.
Downloading complete for Falcaria lacertinaria with 0 images.
Downloading for Sabra harpagula which has a total of 0 image occurrences.
Downloading complete for Sabra harpagula with 0 images.
Downloading for Zeuzera pyrina which has a total of 0 image occurrences.
Downloading complete for Zeuzera pyrina with 0 images.
Downloading for Eublemma parva which has a total of 0 image occurrences.
Downloading complete for Eublemma parva with 0 images.
Downloading for Tethea or which has a total of 0 image occurrences.
Downloading complete for Tethea or with 0 images.
Downloading for Drepana curvatula which has a total of 0 image occurrences.
Downloading complete for Drepana curvatula with 0 images.
Downloading for Tethea ocularis which has a total of 0 image occurrences.
Downloading complete for Tethea ocularis with 0 images.
Downloading for Eublemma purpurina which has a total of 0 image occurrences.
Downloading complete for Eublemma purpurina with 0 images.
Downloading for Cossus cossus which has a total of 0 image occurrences.
Downloading complete for Cossus cossus with 0 images.
Downloading for Grammodes bifasciata which has a total of 538 image occurrences.
Downloading for Watsonalla cultraria which has a total of 0 image occurrences.
Downloading complete for Watsonalla cultraria with 0 images.
can only convert an array of size 1 to a Python scalar
can only convert an array of size 1 to a Python scalar
Downloading for Ochropacha duplaris which has a total of 0 image occurrences.
Downloading complete for Ochropacha duplaris with 0 images.
can only convert an array of size 1 to a Python scalar
Downloading for Tetheella fluctuosa which has a total of 0 image occurrences.
Downloading complete for Tetheella fluctuosa with 0 images.
Downloading for Cymatophorina diluta which has a total of 0 image occurrences.
Downloading complete for Cymatophorina diluta with 0 images.
Downloading for Catocala electa which has a total of 1861 image occurrences.
can only convert an array of size 1 to a Python scalar
can only convert an array of size 1 to a Python scalar
can only convert an array of size 1 to a Python scalar
can only convert an array of size 1 to a Python scalar
Downloading for Ematurga atomaria which has a total of 0 image occurrences.
Downloading complete for Ematurga atomaria with 0 images.
Downloading for Endromis versicolora which has a total of 0 image occurrences.
Downloading complete for Endromis versicolora with 0 images.
Downloading for Asthena albulata which has a total of 0 image occurrences.
Downloading complete for Asthena albulata with 0 images.
Downloading for Chiasmia clathrata which has a total of 0 image occurrences.
Downloading complete for Chiasmia clathrata with 0 images.
Downloading for Thyatira batis which has a total of 0 image occurrences.
Downloading complete for Thyatira batis with 0 images.
Downloading for Epirrita dilutata which has a total of 0 image occurrences.
Downloading complete for Epirrita dilutata with 0 images.
Downloading for Colostygia multistrigaria which has a total of 0 image occurrences.
Downloading complete for Colostygia multistrigaria with 0 images.
Downloading for Phragmataecia castaneae which has a total of 0 image occurrences.
Downloading for Crocallis dardoinaria which has a total of 0 image occurrences.
Downloading complete for Crocallis dardoinaria with 0 images.
Downloading complete for Phragmataecia castaneae with 0 images.
Downloading for Colostygia pectinataria which has a total of 0 image occurrences.
Downloading complete for Colostygia pectinataria with 0 images.
Downloading for Achlya flavicornis which has a total of 0 image occurrences.
Downloading complete for Achlya flavicornis with 0 images.
Downloading for Eulithis mellinata which has a total of 0 image occurrences.
Downloading complete for Eulithis mellinata with 0 images.
Downloading for Drepana falcataria which has a total of 0 image occurrences.
Downloading complete for Drepana falcataria with 0 images.
Downloading for Cyclophora porata which has a total of 0 image occurrences.
Downloading complete for Cyclophora porata with 0 images.
Downloading for Anticlea derivata which has a total of 0 image occurrences.
Downloading complete for Anticlea derivata with 0 images.
Downloading for Habrosyne pyritoides which has a total of 0 image occurrences.
Downloading complete for Habrosyne pyritoides with 0 images.
Downloading for Horisme radicaria which has a total of 0 image occurrences.
Downloading complete for Horisme radicaria with 0 images.
can only convert an array of size 1 to a Python scalar
Downloading for Alcis repandata which has a total of 0 image occurrences.
Downloading complete for Alcis repandata with 0 images.
can only convert an array of size 1 to a Python scalar
can only convert an array of size 1 to a Python scalar
Downloading for Agriopis marginaria which has a total of 0 image occurrences.
Downloading complete for Agriopis marginaria with 0 images.
Downloading for Eupithecia nanata which has a total of 0 image occurrences.
Downloading complete for Eupithecia nanata with 0 images.
Downloading for Polyploca ridens which has a total of 0 image occurrences.
Downloading complete for Polyploca ridens with 0 images.
Downloading for Horisme vitalbata which has a total of 0 image occurrences.
Downloading for Ennomos alniaria which has a total of 0 image occurrences.
Downloading complete for Horisme vitalbata with 0 images.
Downloading complete for Ennomos alniaria with 0 images.
Downloading for Chlorissa viridata which has a total of 0 image occurrences.
Downloading complete for Chlorissa viridata with 0 images.
Downloading for Eupithecia subfuscata which has a total of 0 image occurrences.
Downloading complete for Eupithecia subfuscata with 0 images.
Downloading for Campaea margaritaria which has a total of 0 image occurrences.
Downloading complete for Campaea margaritaria with 0 images.
Downloading for Eupithecia tenuiata which has a total of 0 image occurrences.
Downloading complete for Eupithecia tenuiata with 0 images.
Downloading for Hydrelia sylvata which has a total of 0 image occurrences.
Downloading complete for Hydrelia sylvata with 0 images.
Downloading for Apeira syringaria which has a total of 0 image occurrences.
Downloading complete for Apeira syringaria with 0 images.
Downloading for Antichloris caca which has a total of 4 image occurrences.
Downloading for Coscinia striata which has a total of 1332 image occurrences.
Downloading for Colostygia olivata which has a total of 0 image occurrences.
Downloading complete for Colostygia olivata with 0 images.
can only convert an array of size 1 to a Python scalar
Downloading for Minucia lunaris which has a total of 3882 image occurrences.
can only convert an array of size 1 to a Python scalar
can only convert an array of size 1 to a Python scalar
can only convert an array of size 1 to a Python scalar
Downloading complete for Antichloris caca with 0 images.
Downloading for Charissa obscurata which has a total of 0 image occurrences.
Downloading complete for Charissa obscurata with 0 images.
Downloading for Hydriomena impluviata which has a total of 0 image occurrences.
Downloading complete for Hydriomena impluviata with 0 images.
Downloading for Eupithecia egenaria which has a total of 0 image occurrences.
Downloading complete for Eupithecia egenaria with 0 images.
Downloading for Chlorissa cloraria which has a total of 0 image occurrences.
Downloading complete for Chlorissa cloraria with 0 images.
Downloading for Eulithis populata which has a total of 0 image occurrences.
Downloading complete for Eulithis populata with 0 images.
Downloading for Adactylotis contaminaria which has a total of 0 image occurrences.
Downloading complete for Adactylotis contaminaria with 0 images.
Downloading for Euchromia lethe which has a total of 163 image occurrences.
Downloading for Idaea aversata which has a total of 0 image occurrences.
Downloading complete for Idaea aversata with 0 images.
can only convert an array of size 1 to a Python scalar
Downloading for Eupithecia indigata which has a total of 0 image occurrences.
Downloading complete for Eupithecia indigata with 0 images.
can only convert an array of size 1 to a Python scalar
Downloading for Cyclophora punctaria which has a total of 0 image occurrences.
Downloading complete for Cyclophora punctaria with 0 images.
can only convert an array of size 1 to a Python scalar
can only convert an array of size 1 to a Python scalar
can only convert an array of size 1 to a Python scalar
can only convert an array of size 1 to a Python scalar
Downloading for Eupithecia expallidata which has a total of 0 image occurrences.
Downloading complete for Eupithecia expallidata with 0 images.
Downloading for Biston betularia which has a total of 0 image occurrences.
Downloading complete for Biston betularia with 0 images.
Downloading for Archiearis notha which has a total of 0 image occurrences.
Downloading complete for Archiearis notha with 0 images.
Downloading for Alcis jubata which has a total of 0 image occurrences.
Downloading complete for Alcis jubata with 0 images.
can only convert an array of size 1 to a Python scalar
can only convert an array of size 1 to a Python scalar
can only convert an array of size 1 to a Python scalar
Downloading for Catephia alchymista which has a total of 2069 image occurrences.
can only convert an array of size 1 to a Python scalar
can only convert an array of size 1 to a Python scalar
can only convert an array of size 1 to a Python scalar
can only convert an array of size 1 to a Python scalar
can only convert an array of size 1 to a Python scalar
Downloading for Idaea emarginata which has a total of 0 image occurrences.
Downloading complete for Idaea emarginata with 0 images.
Downloading for Horisme tersata which has a total of 0 image occurrences.
Downloading complete for Horisme tersata with 0 images.
Downloading for Hypomecis punctinalis which has a total of 0 image occurrences.
Downloading for Eupithecia centaureata which has a total of 0 image occurrences.
Downloading for Aleucis distinctata which has a total of 0 image occurrences.
Downloading complete for Aleucis distinctata with 0 images.
Downloading complete for Hypomecis punctinalis with 0 images.
Downloading for Antichloris eriphia which has a total of 92 image occurrences.
Downloading complete for Eupithecia centaureata with 0 images.
Downloading for Hylaea fasciaria which has a total of 0 image occurrences.
Downloading complete for Hylaea fasciaria with 0 images.
Downloading for Epione repandaria which has a total of 0 image occurrences.
can only convert an array of size 1 to a Python scalar
Downloading complete for Epione repandaria with 0 images.
Downloading for Antichloris viridis which has a total of 91 image occurrences.
can only convert an array of size 1 to a Python scalar
Downloading for Idaea biselata which has a total of 0 image occurrences.
Downloading complete for Idaea biselata with 0 images.
Downloading for Idaea contiguaria which has a total of 0 image occurrences.
Downloading complete for Idaea contiguaria with 0 images.
Downloading for Eupithecia abbreviata which has a total of 0 image occurrences.
Downloading complete for Eupithecia abbreviata with 0 images.
can only convert an array of size 1 to a Python scalar
can only convert an array of size 1 to a Python scalar
can only convert an array of size 1 to a Python scalar
can only convert an array of size 1 to a Python scalar
Downloading for Idaea laevigata which has a total of 0 image occurrences.
Downloading complete for Idaea laevigata with 0 images.
can only convert an array of size 1 to a Python scalar
can only convert an array of size 1 to a Python scalar
Downloading for Camptogramma bilineata which has a total of 0 image occurrences.
Downloading complete for Camptogramma bilineata with 0 images.
can only convert an array of size 1 to a Python scalar
can only convert an array of size 1 to a Python scalar
can only convert an array of size 1 to a Python scalar
can only convert an array of size 1 to a Python scalar
can only convert an array of size 1 to a Python scalar
can only convert an array of size 1 to a Python scalar
can only convert an array of size 1 to a Python scalar
can only convert an array of size 1 to a Python scalar
can only convert an array of size 1 to a Python scalar
can only convert an array of size 1 to a Python scalar
Downloading for Aplasta ononaria which has a total of 0 image occurrences.
can only convert an array of size 1 to a Python scalar
Downloading for Anticollix sparsata which has a total of 0 image occurrences.
Downloading complete for Aplasta ononaria with 0 images.
can only convert an array of size 1 to a Python scalar
Downloading for Archiearis parthenias which has a total of 0 image occurrences.
can only convert an array of size 1 to a Python scalar
Downloading complete for Archiearis parthenias with 0 images.
can only convert an array of size 1 to a Python scalar
can only convert an array of size 1 to a Python scalar
Downloading for Hydrelia flammeolaria which has a total of 0 image occurrences.
Downloading complete for Hydrelia flammeolaria with 0 images.
Downloading for Eupithecia subumbrata which has a total of 0 image occurrences.
Downloading complete for Eupithecia subumbrata with 0 images.
Downloading for Idaea dilutaria which has a total of 0 image occurrences.
Downloading complete for Idaea dilutaria with 0 images.
Downloading complete for Anticollix sparsata with 0 images.
Downloading for Idaea straminata which has a total of 0 image occurrences.
Downloading complete for Idaea straminata with 0 images.
Downloading for Idaea ochrata which has a total of 0 image occurrences.
Downloading complete for Idaea ochrata with 0 images.
Downloading for Hydriomena ruberata which has a total of 0 image occurrences.
Downloading complete for Hydriomena ruberata with 0 images.
Downloading for Chloroclysta miata which has a total of 0 image occurrences.
Downloading complete for Chloroclysta miata with 0 images.
Downloading for Agriopis aurantiaria which has a total of 0 image occurrences.
Downloading complete for Agriopis aurantiaria with 0 images.
Downloading for Idaea humiliata which has a total of 0 image occurrences.
Downloading complete for Idaea humiliata with 0 images.
Downloading for Hemithea aestivaria which has a total of 0 image occurrences.
Downloading complete for Hemithea aestivaria with 0 images.
Downloading for Hydriomena furcata which has a total of 0 image occurrences.
Downloading complete for Hydriomena furcata with 0 images.
Downloading for Chesias rufata which has a total of 0 image occurrences.
Downloading complete for Chesias rufata with 0 images.
Downloading for Abraxas sylvata which has a total of 0 image occurrences.
Downloading for Ophiusa tirhaca which has a total of 1241 image occurrences.
Downloading complete for Abraxas sylvata with 0 images.
Downloading for Alsophila aescularia which has a total of 0 image occurrences.
Downloading complete for Alsophila aescularia with 0 images.
Downloading for Eupithecia pimpinellata which has a total of 0 image occurrences.
Downloading complete for Eupithecia pimpinellata with 0 images.
Downloading for Abraxas grossulariata which has a total of 0 image occurrences.
Downloading complete for Abraxas grossulariata with 0 images.
Downloading for Euphyia biangulata which has a total of 0 image occurrences.
Downloading for Eupithecia virgaureata which has a total of 0 image occurrences.
Downloading for Isturgia limbaria which has a total of 0 image occurrences.
Downloading complete for Euphyia biangulata with 0 images.
Downloading complete for Eupithecia virgaureata with 0 images.
Downloading complete for Isturgia limbaria with 0 images.
Downloading for Eupithecia tripunctaria which has a total of 0 image occurrences.
Downloading complete for Eupithecia tripunctaria with 0 images.
Downloading for Cabera exanthemata which has a total of 0 image occurrences.
Downloading complete for Cabera exanthemata with 0 images.
Downloading for Idaea seriata which has a total of 0 image occurrences.
Downloading complete for Idaea seriata with 0 images.
Downloading for Hypagyrtis unipunctata which has a total of 0 image occurrences.
Downloading complete for Hypagyrtis unipunctata with 0 images.
Downloading for Lampropteryx otregiata which has a total of 0 image occurrences.
Downloading complete for Lampropteryx otregiata with 0 images.
Downloading for Carsia sororiata which has a total of 0 image occurrences.
Downloading for Idaea fuscovenosa which has a total of 0 image occurrences.
Downloading complete for Idaea fuscovenosa with 0 images.
can only convert an array of size 1 to a Python scalar
can only convert an array of size 1 to a Python scalar
can only convert an array of size 1 to a Python scalar
Downloading complete for Carsia sororiata with 0 images.
can only convert an array of size 1 to a Python scalar
can only convert an array of size 1 to a Python scalar
can only convert an array of size 1 to a Python scalar
can only convert an array of size 1 to a Python scalar
Downloading for Biston strataria which has a total of 0 image occurrences.
Downloading complete for Biston strataria with 0 images.
can only convert an array of size 1 to a Python scalar
can only convert an array of size 1 to a Python scalar
can only convert an array of size 1 to a Python scalar
Downloading for Coenocalpe lapidata which has a total of 0 image occurrences.
Downloading complete for Coenocalpe lapidata with 0 images.
Downloading for Eupithecia simpliciata which has a total of 0 image occurrences.
Downloading complete for Eupithecia simpliciata with 0 images.
can only convert an array of size 1 to a Python scalar
can only convert an array of size 1 to a Python scalar
can only convert an array of size 1 to a Python scalar
can only convert an array of size 1 to a Python scalar
can only convert an array of size 1 to a Python scalar
Downloading for Eupithecia distinctaria which has a total of 0 image occurrences.
Downloading for Idaea sylvestraria which has a total of 0 image occurrences.
Downloading complete for Eupithecia distinctaria with 0 images.
Downloading for Laelia coenosa which has a total of 901 image occurrences.
Downloading complete for Idaea sylvestraria with 0 images.
can only convert an array of size 1 to a Python scalar
Downloading for Lomaspilis marginata which has a total of 0 image occurrences.
Downloading complete for Lomaspilis marginata with 0 images.
can only convert an array of size 1 to a Python scalar
Downloading for Eupithecia innotata which has a total of 0 image occurrences.
Downloading complete for Eupithecia innotata with 0 images.
can only convert an array of size 1 to a Python scalar
can only convert an array of size 1 to a Python scalar
Downloading for Cyclophora puppillaria which has a total of 0 image occurrences.
Downloading complete for Cyclophora puppillaria with 0 images.
can only convert an array of size 1 to a Python scalar
Downloading for Hypomecis roboraria which has a total of 0 image occurrences.
Downloading complete for Hypomecis roboraria with 0 images.
can only convert an array of size 1 to a Python scalar
can only convert an array of size 1 to a Python scalar
can only convert an array of size 1 to a Python scalar
Downloading for Larentia clavaria which has a total of 0 image occurrences.
Downloading complete for Larentia clavaria with 0 images.
can only convert an array of size 1 to a Python scalar
can only convert an array of size 1 to a Python scalar
Downloading for Cyclophora albipunctata which has a total of 0 image occurrences.
can only convert an array of size 1 to a Python scalar
Downloading complete for Cyclophora albipunctata with 0 images.
can only convert an array of size 1 to a Python scalar
Downloading for Erannis defoliaria which has a total of 0 image occurrences.
Downloading complete for Erannis defoliaria with 0 images.
can only convert an array of size 1 to a Python scalar
Downloading for Eupithecia extensaria which has a total of 0 image occurrences.
Downloading complete for Eupithecia extensaria with 0 images.
can only convert an array of size 1 to a Python scalar
can only convert an array of size 1 to a Python scalar
can only convert an array of size 1 to a Python scalar
Downloading for Idaea muricata which has a total of 0 image occurrences.
Downloading complete for Idaea muricata with 0 images.
Downloading for Deileptenia ribeata which has a total of 0 image occurrences.
Downloading for Lithostege griseata which has a total of 0 image occurrences.
Downloading complete for Lithostege griseata with 0 images.
Downloading for Lomographa temerata which has a total of 0 image occurrences.
Downloading complete for Lomographa temerata with 0 images.
Downloading for Aethalura punctulata which has a total of 0 image occurrences.
Downloading complete for Aethalura punctulata with 0 images.
Downloading complete for Deileptenia ribeata with 0 images.
Downloading for Idaea degeneraria which has a total of 0 image occurrences.
Downloading complete for Idaea degeneraria with 0 images.
Downloading for Eupithecia lariciata which has a total of 0 image occurrences.
Downloading complete for Eupithecia lariciata with 0 images.
can only convert an array of size 1 to a Python scalar
can only convert an array of size 1 to a Python scalar
Downloading for Ectropis crepuscularia which has a total of 0 image occurrences.
Downloading complete for Ectropis crepuscularia with 0 images.
Downloading for Macaria wauaria which has a total of 0 image occurrences.
Downloading complete for Macaria wauaria with 0 images.
can only convert an array of size 1 to a Python scalar
can only convert an array of size 1 to a Python scalar
can only convert an array of size 1 to a Python scalar
Downloading for Idaea dimidiata which has a total of 0 image occurrences.
Downloading complete for Idaea dimidiata with 0 images.
Downloading for Idaea inquinata which has a total of 0 image occurrences.
Downloading complete for Idaea inquinata with 0 images.
can only convert an array of size 1 to a Python scalar
can only convert an array of size 1 to a Python scalar
Downloading for Macaria bicolorata which has a total of 0 image occurrences.
Downloading for Epirrita filigrammaria which has a total of 0 image occurrences.
Downloading complete for Macaria bicolorata with 0 images.
Downloading complete for Epirrita filigrammaria with 0 images.
Downloading for Watsonalla binaria which has a total of 0 image occurrences.
Downloading complete for Watsonalla binaria with 0 images.
Downloading for Macaria carbonaria which has a total of 0 image occurrences.
Downloading complete for Macaria carbonaria with 0 images.
Downloading for Idaea subsericeata which has a total of 0 image occurrences.
Downloading complete for Idaea subsericeata with 0 images.
can only convert an array of size 1 to a Python scalar
Downloading for Epirrhoe rivata which has a total of 0 image occurrences.
Downloading for Nebula salicata which has a total of 0 image occurrences.
Downloading for Chlorochlamys chloroleucaria which has a total of 0 image occurrences.
Downloading complete for Nebula salicata with 0 images.
Downloading complete for Chlorochlamys chloroleucaria with 0 images.
Downloading for Perconia strigillaria which has a total of 0 image occurrences.
Downloading complete for Perconia strigillaria with 0 images.
Downloading for Peribatodes ilicaria which has a total of 0 image occurrences.
Downloading complete for Peribatodes ilicaria with 0 images.
Downloading for Peribatodes rhomboidaria which has a total of 0 image occurrences.
Downloading complete for Peribatodes rhomboidaria with 0 images.
Downloading for Peribatodes secundaria which has a total of 0 image occurrences.
Downloading complete for Peribatodes secundaria with 0 images.
Downloading for Peribatodes umbraria which has a total of 0 image occurrences.
Downloading complete for Peribatodes umbraria with 0 images.
Downloading for Perizoma affinitata which has a total of 0 image occurrences.
Downloading complete for Perizoma affinitata with 0 images.
Downloading for Perizoma albulata which has a total of 0 image occurrences.
Downloading complete for Perizoma albulata with 0 images.
Downloading for Perizoma alchemillata which has a total of 0 image occurrences.
Downloading complete for Perizoma alchemillata with 0 images.
Downloading for Perizoma bifaciata which has a total of 0 image occurrences.
Downloading complete for Perizoma bifaciata with 0 images.
Downloading for Perizoma blandiata which has a total of 0 image occurrences.
Downloading complete for Perizoma blandiata with 0 images.
Downloading for Perizoma flavofasciata which has a total of 0 image occurrences.
Downloading complete for Perizoma flavofasciata with 0 images.
Downloading for Perizoma minorata which has a total of 0 image occurrences.
Downloading complete for Perizoma minorata with 0 images.
Downloading for Petrophora chlorosata which has a total of 0 image occurrences.
can only convert an array of size 1 to a Python scalar
Downloading for Idaea trigeminata which has a total of 0 image occurrences.
Downloading complete for Idaea trigeminata with 0 images.
can only convert an array of size 1 to a Python scalar
Downloading for Gymnoscelis rufifasciata which has a total of 0 image occurrences.
Downloading complete for Gymnoscelis rufifasciata with 0 images.
Downloading for Agriopis leucophaearia which has a total of 0 image occurrences.
Downloading complete for Agriopis leucophaearia with 0 images.
Downloading for Lampropteryx suffumata which has a total of 0 image occurrences.
Downloading complete for Lampropteryx suffumata with 0 images.
Downloading for Minoa murinata which has a total of 0 image occurrences.
Downloading complete for Minoa murinata with 0 images.
Downloading for Bupalus piniaria which has a total of 0 image occurrences.
Downloading complete for Bupalus piniaria with 0 images.
Downloading for Eupithecia linariata which has a total of 0 image occurrences.
Downloading for Eupithecia exiguata which has a total of 0 image occurrences.
Downloading complete for Epirrhoe rivata with 0 images.
Downloading for Eupithecia sinuosaria which has a total of 0 image occurrences.
Downloading complete for Eupithecia linariata with 0 images.
Downloading complete for Eupithecia sinuosaria with 0 images.
Downloading for Idaea rusticata which has a total of 0 image occurrences.
Downloading complete for Idaea rusticata with 0 images.
Downloading complete for Eupithecia exiguata with 0 images.
can only convert an array of size 1 to a Python scalar
Downloading for Macaria signaria which has a total of 0 image occurrences.
Downloading complete for Macaria signaria with 0 images.
can only convert an array of size 1 to a Python scalar
can only convert an array of size 1 to a Python scalar
Downloading for Chesias legatella which has a total of 0 image occurrences.
Downloading complete for Chesias legatella with 0 images.
can only convert an array of size 1 to a Python scalar
can only convert an array of size 1 to a Python scalar
Downloading complete for Petrophora chlorosata with 0 images.
Downloading for Idaea serpentata which has a total of 0 image occurrences.
Downloading complete for Idaea serpentata with 0 images.
can only convert an array of size 1 to a Python scalar
can only convert an array of size 1 to a Python scalar
can only convert an array of size 1 to a Python scalar
can only convert an array of size 1 to a Python scalar
can only convert an array of size 1 to a Python scalar
can only convert an array of size 1 to a Python scalar
Downloading for Horisme aquata which has a total of 0 image occurrences.
Downloading complete for Horisme aquata with 0 images.
Downloading for Aplocera praeformata which has a total of 0 image occurrences.
can only convert an array of size 1 to a Python scalar
Downloading complete for Aplocera praeformata with 0 images.
can only convert an array of size 1 to a Python scalar
can only convert an array of size 1 to a Python scalar
can only convert an array of size 1 to a Python scalar
can only convert an array of size 1 to a Python scalar
can only convert an array of size 1 to a Python scalar
can only convert an array of size 1 to a Python scalar
can only convert an array of size 1 to a Python scalar
can only convert an array of size 1 to a Python scalar
can only convert an array of size 1 to a Python scalar
can only convert an array of size 1 to a Python scalar
can only convert an array of size 1 to a Python scalar
Downloading for Eupithecia abietaria which has a total of 0 image occurrences.
can only convert an array of size 1 to a Python scalar
can only convert an array of size 1 to a Python scalar
can only convert an array of size 1 to a Python scalar
can only convert an array of size 1 to a Python scalar
can only convert an array of size 1 to a Python scalar
can only convert an array of size 1 to a Python scalar
can only convert an array of size 1 to a Python scalar
can only convert an array of size 1 to a Python scalar
can only convert an array of size 1 to a Python scalar
can only convert an array of size 1 to a Python scalar
can only convert an array of size 1 to a Python scalar
can only convert an array of size 1 to a Python scalar
can only convert an array of size 1 to a Python scalar
can only convert an array of size 1 to a Python scalar
can only convert an array of size 1 to a Python scalar
can only convert an array of size 1 to a Python scalar
can only convert an array of size 1 to a Python scalar
Downloading for Perizoma didymata which has a total of 0 image occurrences.
Downloading complete for Perizoma didymata with 0 images.
can only convert an array of size 1 to a Python scalar
can only convert an array of size 1 to a Python scalar
can only convert an array of size 1 to a Python scalar
can only convert an array of size 1 to a Python scalar
Downloading complete for Eupithecia abietaria with 0 images.
can only convert an array of size 1 to a Python scalar
can only convert an array of size 1 to a Python scalar
can only convert an array of size 1 to a Python scalar
can only convert an array of size 1 to a Python scalar
can only convert an array of size 1 to a Python scalar
can only convert an array of size 1 to a Python scalar
Downloading for Jodis lactearia which has a total of 0 image occurrences.
Downloading complete for Jodis lactearia with 0 images.
can only convert an array of size 1 to a Python scalar
can only convert an array of size 1 to a Python scalar
can only convert an array of size 1 to a Python scalar
can only convert an array of size 1 to a Python scalar
can only convert an array of size 1 to a Python scalar
Downloading for Euphyia unangulata which has a total of 0 image occurrences.
Downloading for Euchoeca nebulata which has a total of 0 image occurrences.
Downloading for Eupithecia plumbeolata which has a total of 0 image occurrences.
Downloading for Lycia hirtaria which has a total of 0 image occurrences.
Downloading complete for Euchoeca nebulata with 0 images.
Downloading complete for Eupithecia plumbeolata with 0 images.
Downloading complete for Lycia hirtaria with 0 images.
Downloading for Cyclophora ruficiliaria which has a total of 0 image occurrences.
Downloading complete for Cyclophora ruficiliaria with 0 images.
Downloading for Cyclophora annularia which has a total of 0 image occurrences.
Downloading complete for Cyclophora annularia with 0 images.
Downloading for Plemyria rubiginata which has a total of 0 image occurrences.
Downloading complete for Plemyria rubiginata with 0 images.
Downloading for Macaria brunneata which has a total of 0 image occurrences.
Downloading complete for Macaria brunneata with 0 images.
Downloading for Abraxas pantaria which has a total of 0 image occurrences.
Downloading complete for Abraxas pantaria with 0 images.
Downloading for Eupithecia phoeniceata which has a total of 0 image occurrences.
Downloading for Electrophaes corylata which has a total of 0 image occurrences.
Downloading complete for Electrophaes corylata with 0 images.
Downloading for Pareulype berberata which has a total of 0 image occurrences.
Downloading complete for Pareulype berberata with 0 images.
Downloading for Perizoma taeniata which has a total of 0 image occurrences.
Downloading complete for Perizoma taeniata with 0 images.
Downloading complete for Eupithecia phoeniceata with 0 images.
Downloading for Eupithecia dodoneata which has a total of 0 image occurrences.
Downloading complete for Eupithecia dodoneata with 0 images.
Downloading for Lythria purpuraria which has a total of 0 image occurrences.
Downloading complete for Lythria purpuraria with 0 images.
Downloading for Hemistola chrysoprasaria which has a total of 0 image occurrences.
Downloading complete for Hemistola chrysoprasaria with 0 images.
Downloading for Crocallis elinguaria which has a total of 0 image occurrences.
Downloading complete for Crocallis elinguaria with 0 images.
Downloading for Eupithecia vulgata which has a total of 0 image occurrences.
Downloading complete for Eupithecia vulgata with 0 images.
Downloading for Colotois pennaria which has a total of 0 image occurrences.
Downloading complete for Colotois pennaria with 0 images.
can only convert an array of size 1 to a Python scalar
can only convert an array of size 1 to a Python scalar
can only convert an array of size 1 to a Python scalar
can only convert an array of size 1 to a Python scalar
Downloading for Plagodis dolabraria which has a total of 0 image occurrences.
Downloading complete for Plagodis dolabraria with 0 images.
Downloading for Philereme transversata which has a total of 0 image occurrences.
Downloading complete for Philereme transversata with 0 images.
Downloading for Ourapteryx sambucaria which has a total of 0 image occurrences.
Downloading complete for Ourapteryx sambucaria with 0 images.
can only convert an array of size 1 to a Python scalar
can only convert an array of size 1 to a Python scalar
can only convert an array of size 1 to a Python scalar
can only convert an array of size 1 to a Python scalar
can only convert an array of size 1 to a Python scalar
can only convert an array of size 1 to a Python scalar
Downloading for Apocheima hispidaria which has a total of 0 image occurrences.
Downloading complete for Apocheima hispidaria with 0 images.
Downloading for Epirrhoe tristata which has a total of 0 image occurrences.
Downloading complete for Epirrhoe tristata with 0 images.
Downloading for Nematocampa resistaria which has a total of 0 image occurrences.
Downloading complete for Nematocampa resistaria with 0 images.
Downloading for Pasiphila debiliata which has a total of 0 image occurrences.
Downloading for Pseudopanthera macularia which has a total of 0 image occurrences.
Downloading complete for Pasiphila debiliata with 0 images.
Downloading complete for Pseudopanthera macularia with 0 images.
Downloading for Dyscia fagaria which has a total of 0 image occurrences.
Downloading complete for Dyscia fagaria with 0 images.
Downloading for Pelurga comitata which has a total of 0 image occurrences.
Downloading complete for Pelurga comitata with 0 images.
Downloading for Pleuroprucha insulsaria which has a total of 0 image occurrences.
Downloading complete for Pleuroprucha insulsaria with 0 images.
Downloading for Phibalapteryx virgata which has a total of 0 image occurrences.
Downloading complete for Phibalapteryx virgata with 0 images.
Downloading for Scopula limboundata which has a total of 0 image occurrences.
Downloading for Microloxia herbaria which has a total of 0 image occurrences.
Downloading complete for Microloxia herbaria with 0 images.
Downloading complete for Scopula limboundata with 0 images.
Downloading for Paradarisa consonaria which has a total of 0 image occurrences.
Downloading complete for Paradarisa consonaria with 0 images.
Downloading for Scopula floslactata which has a total of 0 image occurrences.
Downloading complete for Scopula floslactata with 0 images.
Downloading for Rheumaptera undulata which has a total of 0 image occurrences.
Downloading for Macaria liturata which has a total of 0 image occurrences.
Downloading complete for Rheumaptera undulata with 0 images.
Downloading complete for Macaria liturata with 0 images.
Downloading for Pseudoterpna pruinata which has a total of 0 image occurrences.
Downloading complete for Pseudoterpna pruinata with 0 images.
Downloading for Pterapherapteryx sexalata which has a total of 0 image occurrences.
Downloading complete for Pterapherapteryx sexalata with 0 images.
Downloading for Philereme vetulata which has a total of 0 image occurrences.
Downloading complete for Philereme vetulata with 0 images.
Downloading for Scopula decorata which has a total of 0 image occurrences.
Downloading complete for Scopula decorata with 0 images.
Downloading for Scopula immorata which has a total of 0 image occurrences.
Downloading complete for Scopula immorata with 0 images.
Downloading for Rheumaptera cervinalis which has a total of 0 image occurrences.
Downloading complete for Rheumaptera cervinalis with 0 images.
Downloading for Scopula nigropunctata which has a total of 0 image occurrences.
Downloading complete for Scopula nigropunctata with 0 images.
Downloading for Opisthograptis luteolata which has a total of 0 image occurrences.
Downloading complete for Opisthograptis luteolata with 0 images.
can only convert an array of size 1 to a Python scalar
Downloading for Scotopteryx chenopodiata which has a total of 0 image occurrences.
can only convert an array of size 1 to a Python scalar
Downloading complete for Scotopteryx chenopodiata with 0 images.
can only convert an array of size 1 to a Python scalar
can only convert an array of size 1 to a Python scalar
can only convert an array of size 1 to a Python scalar
can only convert an array of size 1 to a Python scalar
Downloading for Phaiogramma faustinata which has a total of 0 image occurrences.
Downloading complete for Phaiogramma faustinata with 0 images.
Downloading for Plesiomorpha flaviceps which has a total of 0 image occurrences.
Downloading complete for Plesiomorpha flaviceps with 0 images.
Downloading for Pasiphila chloerata which has a total of 0 image occurrences.
Downloading complete for Pasiphila chloerata with 0 images.
Downloading for Stegania trimaculata which has a total of 0 image occurrences.
Downloading complete for Stegania trimaculata with 0 images.
can only convert an array of size 1 to a Python scalar
Downloading for Macaria alternata which has a total of 0 image occurrences.
Downloading complete for Macaria alternata with 0 images.
Downloading for Scopula rubiginata which has a total of 0 image occurrences.
Downloading complete for Scopula rubiginata with 0 images.
Downloading for Thera vetustata which has a total of 0 image occurrences.
Downloading complete for Thera vetustata with 0 images.
Downloading for Spargania luctuata which has a total of 0 image occurrences.
Downloading complete for Spargania luctuata with 0 images.
Downloading for Scopula virgulata which has a total of 0 image occurrences.
Downloading complete for Scopula virgulata with 0 images.
Downloading for Selenia lunularia which has a total of 0 image occurrences.
Downloading complete for Selenia lunularia with 0 images.
Downloading for Thera juniperata which has a total of 0 image occurrences.
Downloading complete for Thera juniperata with 0 images.
Downloading for Thalera fimbrialis which has a total of 0 image occurrences.
Downloading complete for Thalera fimbrialis with 0 images.
Downloading for Pachycnemia hippocastanaria which has a total of 0 image occurrences.
Downloading complete for Pachycnemia hippocastanaria with 0 images.
Downloading for Thera cognata which has a total of 0 image occurrences.
Downloading complete for Thera cognata with 0 images.
Downloading for Venusia cambrica which has a total of 0 image occurrences.
Downloading for Trichopteryx carpinata which has a total of 0 image occurrences.
Downloading complete for Venusia cambrica with 0 images.
Downloading complete for Trichopteryx carpinata with 0 images.
Downloading for Scotopteryx peribolata which has a total of 0 image occurrences.
Downloading complete for Scotopteryx peribolata with 0 images.
Downloading for Selidosema brunnearia which has a total of 0 image occurrences.
Downloading complete for Selidosema brunnearia with 0 images.
Downloading for Pseudoterpna coronillaria which has a total of 0 image occurrences.
Downloading complete for Pseudoterpna coronillaria with 0 images.
Downloading for Thetidia smaragdaria which has a total of 0 image occurrences.
Downloading complete for Thetidia smaragdaria with 0 images.
Downloading for Triphosa dubitata which has a total of 0 image occurrences.
Downloading complete for Triphosa dubitata with 0 images.
Downloading for Plagodis pulveraria which has a total of 0 image occurrences.
Downloading complete for Plagodis pulveraria with 0 images.
Downloading for Xanthorhoe decoloraria which has a total of 0 image occurrences.
Downloading complete for Xanthorhoe decoloraria with 0 images.
Downloading for Scotopteryx moeniata which has a total of 0 image occurrences.
Downloading complete for Scotopteryx moeniata with 0 images.
Downloading for Xanthorhoe fluctuata which has a total of 0 image occurrences.
Downloading complete for Xanthorhoe fluctuata with 0 images.
Downloading for Pseudocoremia suavis which has a total of 0 image occurrences.
Downloading complete for Pseudocoremia suavis with 0 images.
Downloading for Scopula imitaria which has a total of 0 image occurrences.
Downloading complete for Scopula imitaria with 0 images.
Downloading for Scopula emutaria which has a total of 0 image occurrences.
Downloading for Phigalia pilosaria which has a total of 0 image occurrences.
Downloading complete for Scopula emutaria with 0 images.
Downloading complete for Phigalia pilosaria with 0 images.
Downloading for Pennithera firmata which has a total of 0 image occurrences.
Downloading complete for Pennithera firmata with 0 images.
Downloading for Pasiphila rectangulata which has a total of 0 image occurrences.
Downloading complete for Pasiphila rectangulata with 0 images.
Downloading for Scopula marginepunctata which has a total of 0 image occurrences.
Downloading complete for Scopula marginepunctata with 0 images.
Downloading for Xanthorhoe spadicearia which has a total of 0 image occurrences.
Downloading complete for Xanthorhoe spadicearia with 0 images.
Downloading for Parectropis similaria which has a total of 0 image occurrences.
Downloading complete for Parectropis similaria with 0 images.
Downloading for Rhodometra sacraria which has a total of 0 image occurrences.
Downloading complete for Rhodometra sacraria with 0 images.
Downloading for Rheumaptera hastata which has a total of 0 image occurrences.
Downloading complete for Rheumaptera hastata with 0 images.
Downloading for Tephronia sepiaria which has a total of 0 image occurrences.
Downloading complete for Tephronia sepiaria with 0 images.
Downloading for Scopula ornata which has a total of 0 image occurrences.
Downloading complete for Scopula ornata with 0 images.
Downloading for Scopula immutata which has a total of 0 image occurrences.
Downloading complete for Scopula immutata with 0 images.
Downloading for Xanthorhoe montanata which has a total of 0 image occurrences.
Downloading complete for Xanthorhoe montanata with 0 images.
Downloading for Pungeleria capreolaria which has a total of 0 image occurrences.
Downloading complete for Pungeleria capreolaria with 0 images.
Downloading for Scotopteryx bipunctaria which has a total of 0 image occurrences.
Downloading complete for Scotopteryx bipunctaria with 0 images.
Downloading for Scopula ternata which has a total of 0 image occurrences.
Downloading complete for Scopula ternata with 0 images.
Downloading for Stegania cararia which has a total of 0 image occurrences.
Downloading complete for Stegania cararia with 0 images.
Downloading for Phymatopus hecta which has a total of 0 image occurrences.
Downloading complete for Phymatopus hecta with 0 images.
Downloading for Orthonama vittata which has a total of 0 image occurrences.
Downloading for Korscheltellus fusconebulosus which has a total of 0 image occurrences.
Downloading complete for Orthonama vittata with 0 images.
Downloading complete for Korscheltellus fusconebulosus with 0 images.
Downloading for Thera britannica which has a total of 0 image occurrences.
Downloading complete for Thera britannica with 0 images.
Downloading for Macrothylacia rubi which has a total of 0 image occurrences.
Downloading complete for Macrothylacia rubi with 0 images.
Downloading for Euthrix potatoria which has a total of 0 image occurrences.
Downloading complete for Euthrix potatoria with 0 images.
Downloading for Glacies coracina which has a total of 0 image occurrences.
Downloading for Selenia tetralunaria which has a total of 0 image occurrences.
Downloading complete for Selenia tetralunaria with 0 images.
Downloading complete for Glacies coracina with 0 images.
Downloading for Scotopteryx luridata which has a total of 0 image occurrences.
Downloading complete for Scotopteryx luridata with 0 images.
Downloading for Theria primaria which has a total of 0 image occurrences.
Downloading complete for Theria primaria with 0 images.
Downloading for Trichopteryx polycommata which has a total of 0 image occurrences.
Downloading complete for Trichopteryx polycommata with 0 images.
Downloading for Thera obeliscata which has a total of 0 image occurrences.
Downloading complete for Thera obeliscata with 0 images.
Downloading for Xanthorhoe biriviata which has a total of 0 image occurrences.
Downloading for Thera cupressata which has a total of 0 image occurrences.
Downloading complete for Xanthorhoe biriviata with 0 images.
Downloading complete for Thera cupressata with 0 images.
Downloading for Siona lineata which has a total of 0 image occurrences.
Downloading complete for Siona lineata with 0 images.
Downloading for Selenia dentaria which has a total of 0 image occurrences.
Downloading complete for Selenia dentaria with 0 images.
Downloading for Timandra comae which has a total of 0 image occurrences.
Downloading complete for Timandra comae with 0 images.
Downloading for Abrostola triplasia which has a total of 0 image occurrences.
Downloading complete for Abrostola triplasia with 0 images.
Downloading for Lasiocampa quercus which has a total of 0 image occurrences.
Downloading complete for Lasiocampa quercus with 0 images.
Downloading for Venusia blomeri which has a total of 0 image occurrences.
Downloading complete for Venusia blomeri with 0 images.
Downloading for Dendrolimus pini which has a total of 0 image occurrences.
Downloading complete for Dendrolimus pini with 0 images.
Downloading for Acontia lucida which has a total of 0 image occurrences.
Downloading for Heterogenea asella which has a total of 0 image occurrences.
Downloading complete for Acontia lucida with 0 images.
Downloading complete for Heterogenea asella with 0 images.
Downloading for Xanthorhoe designata which has a total of 0 image occurrences.
Downloading complete for Xanthorhoe designata with 0 images.
Downloading for Phyllodesma ilicifolia which has a total of 0 image occurrences.
Downloading complete for Phyllodesma ilicifolia with 0 images.
Downloading for Hepialus humuli which has a total of 0 image occurrences.
Downloading complete for Hepialus humuli with 0 images.
Downloading for Xanthorhoe quadrifasiata which has a total of 0 image occurrences.
Downloading complete for Xanthorhoe quadrifasiata with 0 images.
can only convert an array of size 1 to a Python scalar
Downloading for Malacosoma neustria which has a total of 0 image occurrences.
can only convert an array of size 1 to a Python scalar
Downloading complete for Malacosoma neustria with 0 images.
can only convert an array of size 1 to a Python scalar
can only convert an array of size 1 to a Python scalar
can only convert an array of size 1 to a Python scalar
Downloading for Scotopteryx mucronata which has a total of 0 image occurrences.
Downloading complete for Scotopteryx mucronata with 0 images.
Downloading for Acronicta tridens which has a total of 0 image occurrences.
Downloading complete for Acronicta tridens with 0 images.
Downloading for Acronicta auricoma which has a total of 0 image occurrences.
Downloading complete for Acronicta auricoma with 0 images.
Downloading for Agrochola lychnidis which has a total of 0 image occurrences.
Downloading complete for Agrochola lychnidis with 0 images.
Downloading for Agrotis clavis which has a total of 0 image occurrences.
Downloading complete for Agrotis clavis with 0 images.
Downloading for Acontia trabealis which has a total of 0 image occurrences.
Downloading complete for Acontia trabealis with 0 images.
Downloading for Aedia funesta which has a total of 0 image occurrences.
Downloading complete for Aedia funesta with 0 images.
Downloading for Acronicta cuspis which has a total of 0 image occurrences.
Downloading complete for Acronicta cuspis with 0 images.
Downloading for Actebia praecox which has a total of 0 image occurrences.
Downloading complete for Actebia praecox with 0 images.
Downloading for Acronicta aceris which has a total of 0 image occurrences.
Downloading complete for Acronicta aceris with 0 images.
Downloading for Triodia sylvina which has a total of 0 image occurrences.
Downloading complete for Triodia sylvina with 0 images.
Downloading for Trichiura crataegi which has a total of 0 image occurrences.
Downloading complete for Trichiura crataegi with 0 images.
Downloading for Acronicta menyanthidis which has a total of 0 image occurrences.
Downloading complete for Acronicta menyanthidis with 0 images.
Downloading for Korscheltellus lupulina which has a total of 0 image occurrences.
Downloading complete for Korscheltellus lupulina with 0 images.
Downloading for Agrotis segetum which has a total of 0 image occurrences.
Downloading complete for Agrotis segetum with 0 images.
Downloading for Agrotis exclamationis which has a total of 0 image occurrences.
Downloading complete for Agrotis exclamationis with 0 images.
Downloading for Gastropacha quercifolia which has a total of 0 image occurrences.
Downloading complete for Gastropacha quercifolia with 0 images.
Downloading for Agrotis puta which has a total of 0 image occurrences.
Downloading complete for Agrotis puta with 0 images.
Downloading for Agrotis herzogi which has a total of 0 image occurrences.
Downloading complete for Agrotis herzogi with 0 images.
Downloading for Amphipyra pyramidea which has a total of 0 image occurrences.
Downloading complete for Amphipyra pyramidea with 0 images.
Downloading for Agrotis vestigialis which has a total of 0 image occurrences.
Downloading complete for Agrotis vestigialis with 0 images.
can only convert an array of size 1 to a Python scalar
can only convert an array of size 1 to a Python scalar
Downloading for Amphipoea lucens which has a total of 0 image occurrences.
Downloading for Anaplectoides prasina which has a total of 0 image occurrences.
Downloading complete for Amphipoea lucens with 0 images.
Downloading complete for Anaplectoides prasina with 0 images.
Downloading for Amphipyra berbera which has a total of 0 image occurrences.
Downloading complete for Amphipyra berbera with 0 images.
Downloading for Agrochola litura which has a total of 0 image occurrences.
Downloading complete for Agrochola litura with 0 images.
Downloading for Acontia nitidula which has a total of 0 image occurrences.
Downloading complete for Acontia nitidula with 0 images.
Downloading for Malacosoma castrensis which has a total of 0 image occurrences.
Downloading complete for Malacosoma castrensis with 0 images.
Downloading for Anorthoa munda which has a total of 0 image occurrences.
Downloading complete for Anorthoa munda with 0 images.
Downloading for Anchoscelis haematidea which has a total of 0 image occurrences.
Downloading complete for Anchoscelis haematidea with 0 images.
Downloading for Acronicta rumicis which has a total of 0 image occurrences.
Downloading complete for Acronicta rumicis with 0 images.
Downloading for Anarta myrtilli which has a total of 0 image occurrences.
Downloading complete for Anarta myrtilli with 0 images.
Downloading for Acontia aprica which has a total of 0 image occurrences.
Downloading complete for Acontia aprica with 0 images.
Downloading for Apamea epomidion which has a total of 0 image occurrences.
Downloading for Lasiocampa trifolii which has a total of 0 image occurrences.
Downloading complete for Apamea epomidion with 0 images.
Downloading complete for Lasiocampa trifolii with 0 images.
Downloading for Abrostola tripartita which has a total of 0 image occurrences.
Downloading complete for Abrostola tripartita with 0 images.
Downloading for Eriogaster lanestris which has a total of 0 image occurrences.
Downloading complete for Eriogaster lanestris with 0 images.
Downloading for Odonestis pruni which has a total of 0 image occurrences.
Downloading complete for Odonestis pruni with 0 images.
Downloading for Apamea furva which has a total of 0 image occurrences.
Downloading complete for Apamea furva with 0 images.
Downloading for Apamea remissa which has a total of 0 image occurrences.
Downloading complete for Apamea remissa with 0 images.
Downloading for Actinotia polyodon which has a total of 0 image occurrences.
Downloading complete for Actinotia polyodon with 0 images.
Downloading for Apamea monoglypha which has a total of 0 image occurrences.
Downloading complete for Apamea monoglypha with 0 images.
Downloading for Apamea lateritia which has a total of 0 image occurrences.
Downloading complete for Apamea lateritia with 0 images.
Downloading for Aedia leucomelas which has a total of 0 image occurrences.
Downloading complete for Aedia leucomelas with 0 images.
Downloading for Apamea sordens which has a total of 0 image occurrences.
Downloading complete for Apamea sordens with 0 images.
Downloading for Amphipoea crinanensis which has a total of 0 image occurrences.
Downloading complete for Amphipoea crinanensis with 0 images.
Downloading for Apamea unanimis which has a total of 0 image occurrences.
Downloading complete for Apamea unanimis with 0 images.
Downloading for Actebia fennica which has a total of 0 image occurrences.
Downloading complete for Actebia fennica with 0 images.
Downloading for Acronicta psi which has a total of 0 image occurrences.
Downloading complete for Acronicta psi with 0 images.
Downloading for Aporophyla nigra which has a total of 0 image occurrences.
Downloading complete for Aporophyla nigra with 0 images.
Downloading for Acronicta cinerea which has a total of 0 image occurrences.
Downloading complete for Acronicta cinerea with 0 images.
Downloading for Aporophyla lueneburgensis which has a total of 0 image occurrences.
Downloading complete for Aporophyla lueneburgensis with 0 images.
Downloading for Agrotis bigramma which has a total of 0 image occurrences.
Downloading complete for Agrotis bigramma with 0 images.
Downloading for Acronicta leporina which has a total of 0 image occurrences.
Downloading complete for Acronicta leporina with 0 images.
Downloading for Poecilocampa populi which has a total of 0 image occurrences.
Downloading complete for Poecilocampa populi with 0 images.
Downloading for Acronicta alni which has a total of 0 image occurrences.
Downloading complete for Acronicta alni with 0 images.
Downloading for Agrotis deprivata which has a total of 0 image occurrences.
Downloading complete for Agrotis deprivata with 0 images.
Downloading for Archanara dissoluta which has a total of 0 image occurrences.
Downloading complete for Archanara dissoluta with 0 images.
Downloading for Apoda limacodes which has a total of 0 image occurrences.
Downloading complete for Apoda limacodes with 0 images.
Downloading for Acosmetia caliginosa which has a total of 0 image occurrences.
Downloading complete for Acosmetia caliginosa with 0 images.
Downloading for Agrotis graslini which has a total of 0 image occurrences.
Downloading complete for Agrotis graslini with 0 images.
Downloading for Amphipoea oculea which has a total of 0 image occurrences.
Downloading complete for Amphipoea oculea with 0 images.
Downloading for Agrotis ripae which has a total of 0 image occurrences.
Downloading complete for Agrotis ripae with 0 images.
Downloading for Atethmia centrago which has a total of 0 image occurrences.
Downloading complete for Atethmia centrago with 0 images.
Downloading for Anchoscelis lunosa which has a total of 0 image occurrences.
Downloading complete for Anchoscelis lunosa with 0 images.
Downloading for Amphipyra tragopoginis which has a total of 0 image occurrences.
Downloading complete for Amphipyra tragopoginis with 0 images.
Downloading for Agrotis ipsilon which has a total of 0 image occurrences.
Downloading complete for Agrotis ipsilon with 0 images.
Downloading for Anchoscelis helvola which has a total of 0 image occurrences.
Downloading complete for Anchoscelis helvola with 0 images.
Downloading for Amphipyra effusa which has a total of 0 image occurrences.
Downloading complete for Amphipyra effusa with 0 images.
Downloading for Arenostola phragmitidis which has a total of 0 image occurrences.
Downloading complete for Arenostola phragmitidis with 0 images.
Downloading for Anarta melanopa which has a total of 0 image occurrences.
Downloading complete for Anarta melanopa with 0 images.
Downloading for Acronicta strigosa which has a total of 0 image occurrences.
Downloading complete for Acronicta strigosa with 0 images.
Downloading for Allophyes oxyacanthae which has a total of 0 image occurrences.
Downloading complete for Allophyes oxyacanthae with 0 images.
Downloading for Anarta trifolii which has a total of 0 image occurrences.
Downloading complete for Anarta trifolii with 0 images.
Downloading for Autographa jota which has a total of 0 image occurrences.
Downloading complete for Autographa jota with 0 images.
Downloading for Apamea sublustris which has a total of 0 image occurrences.
Downloading complete for Apamea sublustris with 0 images.
Downloading for Autographa bractea which has a total of 0 image occurrences.
Downloading complete for Autographa bractea with 0 images.
Downloading for Brachylomia viminalis which has a total of 0 image occurrences.
Downloading complete for Brachylomia viminalis with 0 images.
Downloading for Apamea oblonga which has a total of 0 image occurrences.
Downloading complete for Apamea oblonga with 0 images.
Downloading for Apamea exulis which has a total of 0 image occurrences.
Downloading complete for Apamea exulis with 0 images.
Downloading for Loscopia scolopacina which has a total of 0 image occurrences.
Downloading complete for Loscopia scolopacina with 0 images.
Downloading for Amphipoea fucosa which has a total of 0 image occurrences.
Downloading complete for Amphipoea fucosa with 0 images.
Downloading for Antitype chi which has a total of 0 image occurrences.
can only convert an array of size 1 to a Python scalar
Downloading complete for Antitype chi with 0 images.
Downloading for Nyctobrya muralis which has a total of 0 image occurrences.
Downloading complete for Nyctobrya muralis with 0 images.
Downloading for Axylia putris which has a total of 0 image occurrences.
Downloading complete for Axylia putris with 0 images.
Downloading for Aporophyla lutulenta which has a total of 0 image occurrences.
Downloading complete for Aporophyla lutulenta with 0 images.
Downloading for Ceramica pisi which has a total of 0 image occurrences.
Downloading complete for Ceramica pisi with 0 images.
Downloading for Athetis pallustris which has a total of 0 image occurrences.
Downloading complete for Athetis pallustris with 0 images.
Downloading for Archanara neurica which has a total of 0 image occurrences.
Downloading complete for Archanara neurica with 0 images.
Downloading for Caradrina kadenii which has a total of 0 image occurrences.
Downloading complete for Caradrina kadenii with 0 images.
Downloading for Apamea lithoxylaea which has a total of 0 image occurrences.
Downloading complete for Apamea lithoxylaea with 0 images.
Downloading for Aporophyla australis which has a total of 0 image occurrences.
Downloading complete for Aporophyla australis with 0 images.
Downloading for Chilodes maritima which has a total of 0 image occurrences.
Downloading complete for Chilodes maritima with 0 images.
Downloading for Calamia tridens which has a total of 0 image occurrences.
Downloading complete for Calamia tridens with 0 images.
Downloading for Caradrina clavipalpis which has a total of 0 image occurrences.
Downloading complete for Caradrina clavipalpis with 0 images.
Downloading for Bryophila domestica which has a total of 0 image occurrences.
Downloading complete for Bryophila domestica with 0 images.
Downloading for Athetis hospes which has a total of 0 image occurrences.
Downloading for Calophasia lunula which has a total of 0 image occurrences.
Downloading complete for Athetis hospes with 0 images.
Downloading complete for Calophasia lunula with 0 images.
Downloading for Cerastis leucographa which has a total of 0 image occurrences.
Downloading complete for Cerastis leucographa with 0 images.
Downloading for Charadra deridens which has a total of 0 image occurrences.
Downloading complete for Charadra deridens with 0 images.
Downloading for Callopistria juventina which has a total of 0 image occurrences.
Downloading complete for Callopistria juventina with 0 images.
can only convert an array of size 1 to a Python scalar
can only convert an array of size 1 to a Python scalar
can only convert an array of size 1 to a Python scalar
can only convert an array of size 1 to a Python scalar
can only convert an array of size 1 to a Python scalar
can only convert an array of size 1 to a Python scalar
can only convert an array of size 1 to a Python scalar
can only convert an array of size 1 to a Python scalar
can only convert an array of size 1 to a Python scalar
can only convert an array of size 1 to a Python scalar
can only convert an array of size 1 to a Python scalar
can only convert an array of size 1 to a Python scalar
can only convert an array of size 1 to a Python scalar
Downloading for Cirrhia ocellaris which has a total of 0 image occurrences.
Downloading for Conistra ligula which has a total of 0 image occurrences.
Downloading complete for Cirrhia ocellaris with 0 images.
Downloading complete for Conistra ligula with 0 images.
can only convert an array of size 1 to a Python scalar
can only convert an array of size 1 to a Python scalar
can only convert an array of size 1 to a Python scalar
can only convert an array of size 1 to a Python scalar
can only convert an array of size 1 to a Python scalar
can only convert an array of size 1 to a Python scalar
can only convert an array of size 1 to a Python scalar
can only convert an array of size 1 to a Python scalar
Downloading for Conisania andalusica which has a total of 0 image occurrences.
can only convert an array of size 1 to a Python scalar
Downloading complete for Conisania andalusica with 0 images.
can only convert an array of size 1 to a Python scalar
Downloading for Autographa pulchrina which has a total of 0 image occurrences.
Downloading complete for Autographa pulchrina with 0 images.
Downloading for Cryphia algae which has a total of 0 image occurrences.
Downloading complete for Cryphia algae with 0 images.
Downloading for Conistra rubiginosa which has a total of 0 image occurrences.
Downloading complete for Conistra rubiginosa with 0 images.
Downloading for Xanthia gilvago which has a total of 0 image occurrences.
Downloading complete for Xanthia gilvago with 0 images.
Downloading for Autographa gamma which has a total of 0 image occurrences.
Downloading complete for Autographa gamma with 0 images.
Downloading for Caradrina selini which has a total of 0 image occurrences.
Downloading complete for Caradrina selini with 0 images.
Downloading for Cucullia artemisiae which has a total of 0 image occurrences.
Downloading complete for Cucullia artemisiae with 0 images.
Downloading for Cosmia diffinis which has a total of 0 image occurrences.
Downloading complete for Cosmia diffinis with 0 images.
Downloading for Apterogenum ypsillon which has a total of 0 image occurrences.
Downloading complete for Apterogenum ypsillon with 0 images.
Downloading for Chrysodeixis acuta which has a total of 0 image occurrences.
Downloading complete for Chrysodeixis acuta with 0 images.
Downloading for Dasypolia templi which has a total of 0 image occurrences.
Downloading complete for Dasypolia templi with 0 images.
Downloading for Brachionycha nubeculosa which has a total of 0 image occurrences.
Downloading complete for Brachionycha nubeculosa with 0 images.
can only convert an array of size 1 to a Python scalar
can only convert an array of size 1 to a Python scalar
Downloading for Coenophila subrosea which has a total of 0 image occurrences.
Downloading complete for Coenophila subrosea with 0 images.
Downloading for Psaphida styracis which has a total of 0 image occurrences.
Downloading for Brithys crini which has a total of 0 image occurrences.
Downloading complete for Psaphida styracis with 0 images.
Downloading complete for Brithys crini with 0 images.
Downloading for Cerapteryx graminis which has a total of 0 image occurrences.
Downloading complete for Cerapteryx graminis with 0 images.
Downloading for Cucullia gnaphalii which has a total of 0 image occurrences.
Downloading complete for Cucullia gnaphalii with 0 images.
Downloading for Asteroscopus sphinx which has a total of 0 image occurrences.
Downloading complete for Asteroscopus sphinx with 0 images.
Downloading for Cucullia lychnitis which has a total of 0 image occurrences.
Downloading for Cucullia calendulae which has a total of 0 image occurrences.
Downloading complete for Cucullia lychnitis with 0 images.
Downloading complete for Cucullia calendulae with 0 images.
Downloading for Deltote deceptoria which has a total of 0 image occurrences.
Downloading for Caradrina flavirena which has a total of 0 image occurrences.
Downloading complete for Caradrina flavirena with 0 images.
Downloading complete for Deltote deceptoria with 0 images.
Downloading for Ligdia adustata which has a total of 0 image occurrences.
Downloading for Epione vespertaria which has a total of 0 image occurrences.
Downloading for Acasis viretata which has a total of 0 image occurrences.
can only convert an array of size 1 to a Python scalar
Downloading complete for Ligdia adustata with 0 images.
Downloading complete for Acasis viretata with 0 images.
Downloading for Lomographa bimaculata which has a total of 0 image occurrences.
Downloading complete for Lomographa bimaculata with 0 images.
Downloading for Hypena obesalis which has a total of 3078 image occurrences.
Downloading complete for Epione vespertaria with 0 images.
Downloading for Eupithecia denotata which has a total of 0 image occurrences.
Downloading for Chiasmia aestimaria which has a total of 0 image occurrences.
Downloading complete for Chiasmia aestimaria with 0 images.
Downloading complete for Eupithecia denotata with 0 images.
can only convert an array of size 1 to a Python scalar
can only convert an array of size 1 to a Python scalar
can only convert an array of size 1 to a Python scalar
can only convert an array of size 1 to a Python scalar
can only convert an array of size 1 to a Python scalar
can only convert an array of size 1 to a Python scalar
can only convert an array of size 1 to a Python scalar
can only convert an array of size 1 to a Python scalar
can only convert an array of size 1 to a Python scalar
Downloading for Angerona prunaria which has a total of 0 image occurrences.
Downloading for Euplexia lucipara which has a total of 0 image occurrences.
Downloading complete for Euplexia lucipara with 0 images.
Downloading for Eupsilia transversa which has a total of 0 image occurrences.
Downloading complete for Eupsilia transversa with 0 images.
Downloading for Euxoa nigricans which has a total of 0 image occurrences.
Downloading complete for Euxoa nigricans with 0 images.
Downloading for Euxoa obelisca which has a total of 0 image occurrences.
Downloading complete for Euxoa obelisca with 0 images.
Downloading for Euxoa tritici which has a total of 0 image occurrences.
Downloading complete for Euxoa tritici with 0 images.
Downloading for Fabula zollikoferi which has a total of 0 image occurrences.
Downloading complete for Fabula zollikoferi with 0 images.
Downloading for Feltia subgothica which has a total of 0 image occurrences.
Downloading complete for Feltia subgothica with 0 images.
Downloading for Feltia subterranea which has a total of 0 image occurrences.
Downloading complete for Feltia subterranea with 0 images.
Downloading for Galgula partita which has a total of 0 image occurrences.
Downloading complete for Galgula partita with 0 images.
Downloading for Globia algae which has a total of 0 image occurrences.
Downloading complete for Globia algae with 0 images.
Downloading for Globia sparganii which has a total of 0 image occurrences.
Downloading complete for Globia sparganii with 0 images.
Downloading for Gortyna borelii which has a total of 0 image occurrences.
Downloading complete for Gortyna borelii with 0 images.
Downloading for Gortyna flavago which has a total of 0 image occurrences.
Downloading complete for Gortyna flavago with 0 images.
Downloading for Graphania dives which has a total of 0 image occurrences.
Downloading complete for Graphania dives with 0 images.
Downloading for Graphiphora augur which has a total of 0 image occurrences.
Downloading complete for Graphiphora augur with 0 images.
Downloading for Griposia aprilina which has a total of 0 image occurrences.
Downloading complete for Griposia aprilina with 0 images.
Downloading for Hada plebeja which has a total of 0 image occurrences.
Downloading complete for Hada plebeja with 0 images.
Downloading for Hadena albimacula which has a total of 0 image occurrences.
Downloading complete for Hadena albimacula with 0 images.
Downloading for Hadena bicruris which has a total of 0 image occurrences.
Downloading complete for Hadena bicruris with 0 images.
Downloading for Hadena caesia which has a total of 0 image occurrences.
Downloading complete for Hadena caesia with 0 images.
Downloading for Hadena compta which has a total of 0 image occurrences.
Downloading complete for Hadena compta with 0 images.
Downloading for Hadena confusa which has a total of 0 image occurrences.
Downloading complete for Hadena confusa with 0 images.
Downloading for Hadena irregularis which has a total of 0 image occurrences.
Downloading complete for Hadena irregularis with 0 images.
Downloading for Hadena perplexa which has a total of 0 image occurrences.
Downloading complete for Hadena perplexa with 0 images.
Downloading for Hecatera bicolorata which has a total of 0 image occurrences.
Downloading complete for Hecatera bicolorata with 0 images.
Downloading for Hecatera dysodea which has a total of 0 image occurrences.
Downloading complete for Hecatera dysodea with 0 images.
Downloading for Helicoverpa armigera which has a total of 0 image occurrences.
Downloading complete for Helicoverpa armigera with 0 images.
Downloading for Heliothis maritima which has a total of 0 image occurrences.
Downloading complete for Heliothis maritima with 0 images.
Downloading for Heliothis nubigera which has a total of 0 image occurrences.
Downloading complete for Heliothis nubigera with 0 images.
Downloading for Heliothis peltigera which has a total of 0 image occurrences.
Downloading complete for Heliothis peltigera with 0 images.
Downloading for Heliothis viriplaca which has a total of 0 image occurrences.
Downloading complete for Heliothis viriplaca with 0 images.
Downloading for Helotropha leucostigma which has a total of 0 image occurrences.
Downloading complete for Helotropha leucostigma with 0 images.
Downloading for Hoplodrina ambigua which has a total of 0 image occurrences.
Downloading complete for Hoplodrina ambigua with 0 images.
Downloading for Hoplodrina blanda which has a total of 0 image occurrences.
Downloading complete for Hoplodrina blanda with 0 images.
Downloading for Hoplodrina octogenaria which has a total of 0 image occurrences.
Downloading complete for Hoplodrina octogenaria with 0 images.
Downloading for Hoplodrina superstes which has a total of 0 image occurrences.
Downloading complete for Hoplodrina superstes with 0 images.
Downloading for Hydraecia micacea which has a total of 0 image occurrences.
Downloading complete for Hydraecia micacea with 0 images.
Downloading for Hydraecia osseola which has a total of 0 image occurrences.
Downloading complete for Hydraecia osseola with 0 images.
Downloading for Hydraecia petasitis which has a total of 0 image occurrences.
Downloading complete for Hydraecia petasitis with 0 images.
Downloading for Hyppa rectilinea which has a total of 0 image occurrences.
Downloading complete for Hyppa rectilinea with 0 images.
Downloading for Ipimorpha retusa which has a total of 0 image occurrences.
Downloading complete for Ipimorpha retusa with 0 images.
Downloading for Ipimorpha subtusa which has a total of 0 image occurrences.
Downloading complete for Ipimorpha subtusa with 0 images.
Downloading for Jodia croceago which has a total of 0 image occurrences.
Downloading complete for Jodia croceago with 0 images.
Downloading for Lacanobia blenna which has a total of 0 image occurrences.
Downloading complete for Lacanobia blenna with 0 images.
Downloading for Lacanobia contigua which has a total of 0 image occurrences.
Downloading complete for Lacanobia contigua with 0 images.
Downloading for Lacanobia oleracea which has a total of 0 image occurrences.
Downloading complete for Lacanobia oleracea with 0 images.
Downloading for Lacanobia splendens which has a total of 0 image occurrences.
Downloading complete for Lacanobia splendens with 0 images.
Downloading for Lacanobia suasa which has a total of 0 image occurrences.
Downloading complete for Lacanobia suasa with 0 images.
Downloading for Lacanobia thalassina which has a total of 0 image occurrences.
Downloading complete for Lacanobia thalassina with 0 images.
Downloading for Lacanobia w-latinum which has a total of 0 image occurrences.
Downloading complete for Lacanobia w-latinum with 0 images.
Downloading for Lacinipolia laudabilis which has a total of 0 image occurrences.
Downloading complete for Lacinipolia laudabilis with 0 images.
Downloading for Lacinipolia renigera which has a total of 0 image occurrences.
Downloading complete for Lacinipolia renigera with 0 images.
Downloading for Lateroligia ophiogramma which has a total of 0 image occurrences.
Downloading complete for Lateroligia ophiogramma with 0 images.
Downloading for Lenisa geminipuncta which has a total of 0 image occurrences.
Downloading complete for Lenisa geminipuncta with 0 images.
Downloading for Leptologia lota which has a total of 0 image occurrences.
Downloading complete for Leptologia lota with 0 images.
Downloading for Leptologia macilenta which has a total of 0 image occurrences.
Downloading complete for Leptologia macilenta with 0 images.
Downloading for Leucania comma which has a total of 0 image occurrences.
Downloading complete for Leucania comma with 0 images.
Downloading for Leucania loreyi which has a total of 0 image occurrences.
Downloading complete for Leucania loreyi with 0 images.
Downloading for Leucania obsoleta which has a total of 0 image occurrences.
Downloading complete for Leucania obsoleta with 0 images.
Downloading for Leucania putrescens which has a total of 0 image occurrences.
Downloading complete for Leucania putrescens with 0 images.
Downloading for Leucochlaena oditis which has a total of 0 image occurrences.
Downloading complete for Leucochlaena oditis with 0 images.
Downloading for Lithophane consocia which has a total of 0 image occurrences.
Downloading complete for Lithophane consocia with 0 images.
Downloading for Lithophane furcifera which has a total of 0 image occurrences.
Downloading complete for Lithophane furcifera with 0 images.
Downloading for Lithophane lamda which has a total of 0 image occurrences.
Downloading complete for Lithophane lamda with 0 images.
Downloading for Lithophane leautieri which has a total of 0 image occurrences.
Downloading complete for Lithophane leautieri with 0 images.
Downloading for Lithophane ornitopus which has a total of 0 image occurrences.
Downloading complete for Lithophane ornitopus with 0 images.
Downloading for Lithophane semibrunnea which has a total of 0 image occurrences.
Downloading complete for Lithophane semibrunnea with 0 images.
Downloading for Lithophane socia which has a total of 0 image occurrences.
Downloading complete for Lithophane socia with 0 images.
Downloading for Litoligia literosa which has a total of 0 image occurrences.
Downloading complete for Litoligia literosa with 0 images.
Downloading for Longalatedes elymi which has a total of 0 image occurrences.
Downloading complete for Longalatedes elymi with 0 images.
Downloading for Luperina dumerilii which has a total of 0 image occurrences.
Downloading complete for Luperina dumerilii with 0 images.
Downloading for Luperina nickerlii which has a total of 0 image occurrences.
Downloading complete for Luperina nickerlii with 0 images.
Downloading for Luperina testacea which has a total of 0 image occurrences.
Downloading complete for Luperina testacea with 0 images.
Downloading for Lycophotia porphyrea which has a total of 0 image occurrences.
Downloading complete for Lycophotia porphyrea with 0 images.
Downloading for Macdunnoughia confusa which has a total of 0 image occurrences.
Downloading complete for Macdunnoughia confusa with 0 images.
Downloading for Mamestra brassicae which has a total of 0 image occurrences.
Downloading complete for Mamestra brassicae with 0 images.
Downloading for Megalographa biloba which has a total of 0 image occurrences.
Downloading complete for Megalographa biloba with 0 images.
Downloading for Meganephria bimaculosa which has a total of 0 image occurrences.
Downloading complete for Meganephria bimaculosa with 0 images.
Downloading for Melanchra persicariae which has a total of 0 image occurrences.
Downloading complete for Melanchra persicariae with 0 images.
Downloading for Mesoligia furuncula which has a total of 0 image occurrences.
Downloading complete for Mesoligia furuncula with 0 images.
Downloading for Mniotype adusta which has a total of 0 image occurrences.
Downloading complete for Mniotype adusta with 0 images.
Downloading for Mniotype satura which has a total of 0 image occurrences.
Downloading complete for Mniotype satura with 0 images.
Downloading for Mniotype solieri which has a total of 0 image occurrences.
Downloading complete for Mniotype solieri with 0 images.
Downloading complete for Euphyia unangulata with 0 images.
Downloading for Cabera pusaria which has a total of 0 image occurrences.
Downloading for Menophra japygiaria which has a total of 0 image occurrences.
Downloading for Eupithecia insigniata which has a total of 0 image occurrences.
Downloading for Chloroclystis v-ata which has a total of 0 image occurrences.
Downloading complete for Chloroclystis v-ata with 0 images.
Downloading for Euchalcia variabilis which has a total of 0 image occurrences.
Downloading complete for Euchalcia variabilis with 0 images.
Downloading for Cidaria fulvata which has a total of 0 image occurrences.
Downloading complete for Cidaria fulvata with 0 images.
Downloading for Eudryas staejohannis which has a total of 0 image occurrences.
Downloading complete for Eudryas staejohannis with 0 images.
Downloading for Mormo maura which has a total of 0 image occurrences.
Downloading complete for Mormo maura with 0 images.
Downloading for Leucania commoides which has a total of 0 image occurrences.
Downloading complete for Leucania commoides with 0 images.
Downloading for Mythimna albipuncta which has a total of 0 image occurrences.
Downloading complete for Mythimna albipuncta with 0 images.
Downloading for Mythimna conigera which has a total of 0 image occurrences.
Downloading complete for Mythimna conigera with 0 images.
Downloading for Mythimna ferrago which has a total of 0 image occurrences.
Downloading complete for Mythimna ferrago with 0 images.
Downloading for Mythimna l-album which has a total of 0 image occurrences.
Downloading complete for Mythimna l-album with 0 images.
Downloading for Mythimna impura which has a total of 0 image occurrences.
Downloading complete for Mythimna impura with 0 images.
Downloading for Mythimna litoralis which has a total of 0 image occurrences.
Downloading complete for Mythimna litoralis with 0 images.
Downloading for Mythimna pallens which has a total of 0 image occurrences.
Downloading complete for Mythimna pallens with 0 images.
Downloading for Mythimna straminea which has a total of 0 image occurrences.
Downloading complete for Mythimna straminea with 0 images.
Downloading for Mythimna pudorina which has a total of 0 image occurrences.
Downloading complete for Mythimna pudorina with 0 images.
Downloading for Mythimna turca which has a total of 0 image occurrences.
Downloading complete for Mythimna turca with 0 images.
Downloading for Mythimna unipuncta which has a total of 0 image occurrences.
Downloading complete for Mythimna unipuncta with 0 images.
Downloading for Naenia typica which has a total of 0 image occurrences.
Downloading complete for Naenia typica with 0 images.
Downloading for Mythimna vitellina which has a total of 0 image occurrences.
Downloading complete for Mythimna vitellina with 0 images.
Downloading for Noctua comes which has a total of 0 image occurrences.
Downloading complete for Noctua comes with 0 images.
Downloading for Noctua fimbriata which has a total of 0 image occurrences.
Downloading complete for Noctua fimbriata with 0 images.
Downloading for Noctua janthe which has a total of 0 image occurrences.
Downloading complete for Noctua janthe with 0 images.
Downloading for Noctua janthina which has a total of 0 image occurrences.
Downloading complete for Noctua janthina with 0 images.
Downloading for Noctua interjecta which has a total of 0 image occurrences.
Downloading complete for Noctua interjecta with 0 images.
Downloading for Noctua orbona which has a total of 0 image occurrences.
Downloading complete for Noctua orbona with 0 images.
Downloading for Nonagria typhae which has a total of 0 image occurrences.
Downloading complete for Nonagria typhae with 0 images.
Downloading for Noctua pronuba which has a total of 0 image occurrences.
Downloading complete for Noctua pronuba with 0 images.
Downloading for Ochropleura leucogaster which has a total of 0 image occurrences.
Downloading complete for Ochropleura leucogaster with 0 images.
Downloading for Ochropleura plecta which has a total of 0 image occurrences.
Downloading complete for Ochropleura plecta with 0 images.
Downloading for Oligia latruncula which has a total of 0 image occurrences.
Downloading complete for Oligia latruncula with 0 images.
Downloading for Oligia fasciuncula which has a total of 0 image occurrences.
Downloading complete for Oligia fasciuncula with 0 images.
Downloading for Oligia strigilis which has a total of 0 image occurrences.
Downloading complete for Oligia strigilis with 0 images.
Downloading for Oligia versicolor which has a total of 0 image occurrences.
Downloading complete for Oligia versicolor with 0 images.
/var/spool/slurmd/job459822/slurm_script: line 31: 2598639 Killed                  python 02-fetch_gbif_moth_data.py --write_directory /bask/projects/v/vjgo8416-amber/data/gbif-species-trainer-AMI-fork/gbif_images/small_try/ --dwca_file /bask/projects/v/vjgo8416-amber/data/gbif-species-trainer-AMI-fork/dwca_files/erebidae.zip --species_checklist /bask/homes/r/rybf4168/vjgo8416-amber/projects/gbif-species-trainer-AMI-fork/data_download/uksi-macro-moths-keys.csv --max_images_per_species 20 --resume_session False
slurmstepd: error: Detected 529 oom-kill event(s) in StepId=459822.batch cgroup. Some of your processes may have been killed by the cgroup out-of-memory handler.
