Miniconda3/4.10.3
Saved the Noctuidae file.
Calling the download code
Starting reading the multimedia file...
Finished reading the multimedia...
Starting reading the occurrence file...
Finished reading the occurrence file...
4532253
4532253
Already downloaded for Eublemma minutata.
4532203
4532203
Already downloaded for Eublemma ostrina.
4532206
4532206
Already downloaded for Eublemma parva.
4532253
4532253
Already downloaded for Eublemma minutata.
4532239
4532239
Already downloaded for Eublemma purpurina.
1765751
1765751
Already downloaded for Tathorhynchus exsiccata.
1767625
1767625
Already downloaded for Abrostola tripartita.
1767597
1767597
Already downloaded for Abrostola triplasia.
5109299
5109299
Already downloaded for Acontia aprica.
1763072
1763072
Already downloaded for Acontia lucida.
5109455
5109455
Already downloaded for Acontia nitidula.
5772063
5772063
Already downloaded for Acontia trabealis.
8150836
8150836
Already downloaded for Acosmetia caliginosa.
1782763
1782763
Already downloaded for Acronicta aceris.
1782726
1782726
Already downloaded for Acronicta alni.
1782927
1782927
Already downloaded for Acronicta auricoma.
1783045
1783045
Already downloaded for Acronicta cinerea.
7825213
7825213
Already downloaded for Acronicta cuspis.
1783043
1783043
Already downloaded for Acronicta leporina.
1783037
1783037
Already downloaded for Acronicta menyanthidis.
1782948
1782948
Already downloaded for Acronicta psi.
1782672
1782672
Already downloaded for Acronicta rumicis.
1782841
1782841
Already downloaded for Acronicta strigosa.
1783016
1783016
Already downloaded for Acronicta tridens.
1787506
1787506
Already downloaded for Actebia fennica.
1787504
1787504
Already downloaded for Actebia praecox.
1792292
1792292
Already downloaded for Actinotia polyodon.
5113847
5113847
Already downloaded for Aedia funesta.
5113853
5113853
Already downloaded for Aedia leucomelas.
4533115
4533115
Already downloaded for Agrochola lychnidis.
4533714
4533714
Already downloaded for Agrotis bigramma.
4533720
4533720
Already downloaded for Agrotis catalaunensis.
1770869
1770869
Already downloaded for Agrotis cinerea.
7940536
7940536
Already downloaded for Agrotis clavis.
1770920
1770920
Already downloaded for Agrotis deprivata.
1771214
1771214
Already downloaded for Agrotis exclamationis.
1770776
1770776
Already downloaded for Agrotis graslini.
1771163
1771163
Already downloaded for Agrotis herzogi.
1771245
1771245
Already downloaded for Agrotis ipsilon.
1770772
1770772
Already downloaded for Agrotis puta.
1771204
1771204
Already downloaded for Agrotis ripae.
1771040
1771040
Already downloaded for Agrotis segetum.
-1
4533720
4533720
Already downloaded for Agrotis catalaunensis.
1770821
1770821
Already downloaded for Agrotis trux.
1770880
1770880
Already downloaded for Agrotis vestigialis.
4534719
4534719
Already downloaded for Allophyes oxyacanthae.
1771391
1771391
Already downloaded for Amphipoea crinanensis.
7725644
7725644
Already downloaded for Amphipoea fucosa.
1771429
1771429
Already downloaded for Amphipoea lucens.
1771385
1771385
Already downloaded for Amphipoea oculea.
1766128
1766128
Already downloaded for Amphipyra berbera.
4534691
4534691
Already downloaded for Amphipyra effusa.
1766137
1766137
Already downloaded for Amphipyra pyramidea.
1766210
1766210
Already downloaded for Amphipyra tragopoginis.
1766646
1766646
Already downloaded for Anaplectoides prasina.
1789553
1789553
Already downloaded for Anarta melanopa.
1789580
1789580
Already downloaded for Anarta myrtilli.
4534166
4534166
Already downloaded for Anarta trifolii.
10263995
10263995
Already downloaded for Anchoscelis haematidea.
10113008
10113008
Already downloaded for Anchoscelis helvola.
1789982
1789982
Already downloaded for Agrochola litura.
9510363
9510363
Already downloaded for Anchoscelis lunosa.
6544687
6544687
Already downloaded for Anorthoa munda.
1786902
1786902
Already downloaded for Antitype chi.
8007222
8007222
Already downloaded for Apamea anceps.
1796169
1796169
Already downloaded for Apamea crenata.
1796139
1796139
Already downloaded for Apamea epomidion.
1795848
1795848
Already downloaded for Apamea exulis.
1795930
1795930
Already downloaded for Apamea furva.
8007222
8007222
Already downloaded for Apamea anceps.
1795854
1795854
Already downloaded for Apamea lateritia.
4534486
4534486
Already downloaded for Apamea lithoxylaea.
1796145
1796145
Already downloaded for Apamea monoglypha.
1796183
1796183
Already downloaded for Apamea oblonga.
7438067
7438067
Already downloaded for Apamea remissa.
11478679
11478679
Already downloaded for Loscopia scolopacina.
1796117
1796117
Already downloaded for Apamea sordens.
1795946
1795946
Already downloaded for Apamea sublustris.
1796188
1796188
Already downloaded for Apamea unanimis.
1760857
1760857
Already downloaded for Aporophyla australis.
1760887
1760887
Already downloaded for Aporophyla lueneburgensis.
1760893
1760893
Already downloaded for Aporophyla lutulenta.
1760891
1760891
Already downloaded for Aporophyla nigra.
4533202
4533202
Already downloaded for Apterogenum ypsillon.
1789849
1789849
Already downloaded for Archanara dissoluta.
1789840
1789840
Already downloaded for Archanara neurica.
7780930
7780930
Already downloaded for Arenostola phragmitidis.
1766274
1766274
Already downloaded for Asteroscopus sphinx.
1759153
1759153
Already downloaded for Atethmia centrago.
1787279
1787279
Already downloaded for Athetis hospes.
1787112
1787112
Already downloaded for Athetis pallustris.
1792478
1792478
Already downloaded for Autographa bimaculata.
1792414
1792414
Already downloaded for Autographa bractea.
1792418
1792418
Already downloaded for Autographa gamma.
1792426
1792426
Already downloaded for Autographa jota.
1792411
1792411
Already downloaded for Autographa pulchrina.
1761438
1761438
Already downloaded for Axylia putris.
1779435
1779435
Already downloaded for Brachionycha nubeculosa.
1779690
1779690
Already downloaded for Brachylomia viminalis.
1789957
1789957
Already downloaded for Brithys crini.
7981386
7981386
Already downloaded for Bryophila domestica.
8742426
8742426
Already downloaded for Bryophila raptricula.
4532811
4532811
Already downloaded for Nyctobrya muralis.
5110200
5110200
Already downloaded for Calamia tridens.
5108665
5108665
Already downloaded for Callopistria floridensis.
5108761
5108761
Already downloaded for Callopistria juventina.
5108660
5108660
Already downloaded for Callopistria latreillei.
1796463
1796463
Already downloaded for Calophasia lunula.
1796451
1796451
Already downloaded for Calophasia platyptera.
4534245
4534245
Already downloaded for Caradrina clavipalpis.
4534252
4534252
Already downloaded for Caradrina flavirena.
1765017
1765017
Already downloaded for Caradrina kadenii.
1765011
1765011
Already downloaded for Caradrina morpheus.
4534257
4534257
Already downloaded for Caradrina selini.
4534463
4534463
Already downloaded for Celaena haworthii.
4534207
4534207
Already downloaded for Ceramica pisi.
1763610
1763610
Already downloaded for Cerapteryx graminis.
5110871
5110871
Already downloaded for Cerastis leucographa.
5110885
5110885
Already downloaded for Cerastis rubricosa.
1800140
1800140
Already downloaded for Charadra deridens.
1778074
1778074
Already downloaded for Charanyca trigrammica.
1778596
1778596
Already downloaded for Chilodes maritima.
5772309
5772309
Already downloaded for Chloantha hyperici.
1785181
1785181
Already downloaded for Chrysodeixis acuta.
1785185
1785185
Already downloaded for Chrysodeixis chalcites.
1771634
1771634
Already downloaded for Xanthia gilvago.
8581601
8581601
Already downloaded for Cirrhia icteritia.
9549172
9549172
Already downloaded for Cirrhia ocellaris.
1775891
1775891
Already downloaded for Coenobia rufa.
1781694
1781694
Already downloaded for Coenophila subrosea.
5114198
5114198
Already downloaded for Colocasia coryli.
4534017
4534017
Already downloaded for Conisania andalusica.
1768815
1768815
Already downloaded for Conistra erythrocephala.
1768729
1768729
Already downloaded for Conistra ligula.
1768771
1768771
Already downloaded for Conistra rubiginea.
1768749
1768749
Already downloaded for Conistra rubiginosa.
1768702
1768702
Already downloaded for Conistra vaccinii.
9593475
9593475
Already downloaded for Psaphida styracis.
4534038
4534038
Already downloaded for Coranarta cordigera.
1784349
1784349
Already downloaded for Cornutiplusia circumflexa.
1769519
1769519
Already downloaded for Cosmia affinis.
1769543
1769543
Already downloaded for Cosmia diffinis.
1769505
1769505
Already downloaded for Cosmia pyralina.
1769566
1769566
Already downloaded for Cosmia trapezina.
1791422
1791422
Already downloaded for Craniophora ligustri.
1795215
1795215
Already downloaded for Cryphia algae.
4534540
4534540
Already downloaded for Crypsedra gemmea.
1785361
1785361
Already downloaded for Ctenoplusia accentifera.
1785329
1785329
Already downloaded for Ctenoplusia limbirena.
5109599
5109599
Already downloaded for Cucullia absinthii.
5109641
5109641
Already downloaded for Cucullia argentea.
5109595
5109595
Already downloaded for Cucullia artemisiae.
5109614
5109614
Already downloaded for Cucullia asteris.
5109646
5109646
Already downloaded for Cucullia calendulae.
5109498
5109498
Already downloaded for Cucullia chamomillae.
5109552
5109552
Already downloaded for Cucullia gnaphalii.
5109722
5109722
Already downloaded for Cucullia lactucae.
5109480
5109480
Already downloaded for Cucullia lychnitis.
5883985
Downloading for Shargacucullia scrophulariae which has a total of 7123 image occurrences.
can only convert an array of size 1 to a Python scalar
can only convert an array of size 1 to a Python scalar
can only convert an array of size 1 to a Python scalar
can only convert an array of size 1 to a Python scalar
can only convert an array of size 1 to a Python scalar
can only convert an array of size 1 to a Python scalar
can only convert an array of size 1 to a Python scalar
can only convert an array of size 1 to a Python scalar
can only convert an array of size 1 to a Python scalar
can only convert an array of size 1 to a Python scalar
can only convert an array of size 1 to a Python scalar
can only convert an array of size 1 to a Python scalar
can only convert an array of size 1 to a Python scalar
can only convert an array of size 1 to a Python scalar
can only convert an array of size 1 to a Python scalar
can only convert an array of size 1 to a Python scalar
can only convert an array of size 1 to a Python scalar
can only convert an array of size 1 to a Python scalar
can only convert an array of size 1 to a Python scalar
can only convert an array of size 1 to a Python scalar
can only convert an array of size 1 to a Python scalar
can only convert an array of size 1 to a Python scalar
can only convert an array of size 1 to a Python scalar
can only convert an array of size 1 to a Python scalar
can only convert an array of size 1 to a Python scalar
can only convert an array of size 1 to a Python scalar
can only convert an array of size 1 to a Python scalar
can only convert an array of size 1 to a Python scalar
can only convert an array of size 1 to a Python scalar
can only convert an array of size 1 to a Python scalar
can only convert an array of size 1 to a Python scalar
can only convert an array of size 1 to a Python scalar
can only convert an array of size 1 to a Python scalar
can only convert an array of size 1 to a Python scalar
can only convert an array of size 1 to a Python scalar
can only convert an array of size 1 to a Python scalar
can only convert an array of size 1 to a Python scalar
can only convert an array of size 1 to a Python scalar
can only convert an array of size 1 to a Python scalar
can only convert an array of size 1 to a Python scalar
can only convert an array of size 1 to a Python scalar
can only convert an array of size 1 to a Python scalar
can only convert an array of size 1 to a Python scalar
can only convert an array of size 1 to a Python scalar
can only convert an array of size 1 to a Python scalar
can only convert an array of size 1 to a Python scalar
can only convert an array of size 1 to a Python scalar
can only convert an array of size 1 to a Python scalar
can only convert an array of size 1 to a Python scalar
can only convert an array of size 1 to a Python scalar
can only convert an array of size 1 to a Python scalar
can only convert an array of size 1 to a Python scalar
can only convert an array of size 1 to a Python scalar
can only convert an array of size 1 to a Python scalar
can only convert an array of size 1 to a Python scalar
can only convert an array of size 1 to a Python scalar
can only convert an array of size 1 to a Python scalar
can only convert an array of size 1 to a Python scalar
can only convert an array of size 1 to a Python scalar
can only convert an array of size 1 to a Python scalar
can only convert an array of size 1 to a Python scalar
can only convert an array of size 1 to a Python scalar
can only convert an array of size 1 to a Python scalar
can only convert an array of size 1 to a Python scalar
can only convert an array of size 1 to a Python scalar
can only convert an array of size 1 to a Python scalar
can only convert an array of size 1 to a Python scalar
can only convert an array of size 1 to a Python scalar
can only convert an array of size 1 to a Python scalar
can only convert an array of size 1 to a Python scalar
can only convert an array of size 1 to a Python scalar
can only convert an array of size 1 to a Python scalar
can only convert an array of size 1 to a Python scalar
can only convert an array of size 1 to a Python scalar
can only convert an array of size 1 to a Python scalar
can only convert an array of size 1 to a Python scalar
can only convert an array of size 1 to a Python scalar
can only convert an array of size 1 to a Python scalar
can only convert an array of size 1 to a Python scalar
can only convert an array of size 1 to a Python scalar
can only convert an array of size 1 to a Python scalar
can only convert an array of size 1 to a Python scalar
can only convert an array of size 1 to a Python scalar
can only convert an array of size 1 to a Python scalar
can only convert an array of size 1 to a Python scalar
can only convert an array of size 1 to a Python scalar
can only convert an array of size 1 to a Python scalar
can only convert an array of size 1 to a Python scalar
can only convert an array of size 1 to a Python scalar
can only convert an array of size 1 to a Python scalar
can only convert an array of size 1 to a Python scalar
can only convert an array of size 1 to a Python scalar
can only convert an array of size 1 to a Python scalar
can only convert an array of size 1 to a Python scalar
can only convert an array of size 1 to a Python scalar
can only convert an array of size 1 to a Python scalar
can only convert an array of size 1 to a Python scalar
can only convert an array of size 1 to a Python scalar
can only convert an array of size 1 to a Python scalar
can only convert an array of size 1 to a Python scalar
can only convert an array of size 1 to a Python scalar
can only convert an array of size 1 to a Python scalar
can only convert an array of size 1 to a Python scalar
can only convert an array of size 1 to a Python scalar
can only convert an array of size 1 to a Python scalar
can only convert an array of size 1 to a Python scalar
can only convert an array of size 1 to a Python scalar
can only convert an array of size 1 to a Python scalar
can only convert an array of size 1 to a Python scalar
can only convert an array of size 1 to a Python scalar
can only convert an array of size 1 to a Python scalar
can only convert an array of size 1 to a Python scalar
can only convert an array of size 1 to a Python scalar
can only convert an array of size 1 to a Python scalar
can only convert an array of size 1 to a Python scalar
can only convert an array of size 1 to a Python scalar
can only convert an array of size 1 to a Python scalar
can only convert an array of size 1 to a Python scalar
can only convert an array of size 1 to a Python scalar
can only convert an array of size 1 to a Python scalar
can only convert an array of size 1 to a Python scalar
can only convert an array of size 1 to a Python scalar
can only convert an array of size 1 to a Python scalar
can only convert an array of size 1 to a Python scalar
can only convert an array of size 1 to a Python scalar
can only convert an array of size 1 to a Python scalar
can only convert an array of size 1 to a Python scalar
can only convert an array of size 1 to a Python scalar
can only convert an array of size 1 to a Python scalar
can only convert an array of size 1 to a Python scalar
can only convert an array of size 1 to a Python scalar
can only convert an array of size 1 to a Python scalar
can only convert an array of size 1 to a Python scalar
can only convert an array of size 1 to a Python scalar
can only convert an array of size 1 to a Python scalar
can only convert an array of size 1 to a Python scalar
can only convert an array of size 1 to a Python scalar
can only convert an array of size 1 to a Python scalar
can only convert an array of size 1 to a Python scalar
can only convert an array of size 1 to a Python scalar
can only convert an array of size 1 to a Python scalar
can only convert an array of size 1 to a Python scalar
can only convert an array of size 1 to a Python scalar
can only convert an array of size 1 to a Python scalar
can only convert an array of size 1 to a Python scalar
can only convert an array of size 1 to a Python scalar
can only convert an array of size 1 to a Python scalar
can only convert an array of size 1 to a Python scalar
can only convert an array of size 1 to a Python scalar
can only convert an array of size 1 to a Python scalar
can only convert an array of size 1 to a Python scalar
can only convert an array of size 1 to a Python scalar
can only convert an array of size 1 to a Python scalar
can only convert an array of size 1 to a Python scalar
can only convert an array of size 1 to a Python scalar
can only convert an array of size 1 to a Python scalar
can only convert an array of size 1 to a Python scalar
can only convert an array of size 1 to a Python scalar
can only convert an array of size 1 to a Python scalar
can only convert an array of size 1 to a Python scalar
can only convert an array of size 1 to a Python scalar
can only convert an array of size 1 to a Python scalar
can only convert an array of size 1 to a Python scalar
can only convert an array of size 1 to a Python scalar
can only convert an array of size 1 to a Python scalar
can only convert an array of size 1 to a Python scalar
can only convert an array of size 1 to a Python scalar
can only convert an array of size 1 to a Python scalar
can only convert an array of size 1 to a Python scalar
can only convert an array of size 1 to a Python scalar
can only convert an array of size 1 to a Python scalar
can only convert an array of size 1 to a Python scalar
can only convert an array of size 1 to a Python scalar
can only convert an array of size 1 to a Python scalar
can only convert an array of size 1 to a Python scalar
can only convert an array of size 1 to a Python scalar
can only convert an array of size 1 to a Python scalar
can only convert an array of size 1 to a Python scalar
can only convert an array of size 1 to a Python scalar
can only convert an array of size 1 to a Python scalar
can only convert an array of size 1 to a Python scalar
can only convert an array of size 1 to a Python scalar
can only convert an array of size 1 to a Python scalar
can only convert an array of size 1 to a Python scalar
can only convert an array of size 1 to a Python scalar
can only convert an array of size 1 to a Python scalar
can only convert an array of size 1 to a Python scalar
can only convert an array of size 1 to a Python scalar
can only convert an array of size 1 to a Python scalar
can only convert an array of size 1 to a Python scalar
can only convert an array of size 1 to a Python scalar
can only convert an array of size 1 to a Python scalar
can only convert an array of size 1 to a Python scalar
can only convert an array of size 1 to a Python scalar
can only convert an array of size 1 to a Python scalar
can only convert an array of size 1 to a Python scalar
can only convert an array of size 1 to a Python scalar
can only convert an array of size 1 to a Python scalar
can only convert an array of size 1 to a Python scalar
can only convert an array of size 1 to a Python scalar
can only convert an array of size 1 to a Python scalar
can only convert an array of size 1 to a Python scalar
can only convert an array of size 1 to a Python scalar
can only convert an array of size 1 to a Python scalar
can only convert an array of size 1 to a Python scalar
can only convert an array of size 1 to a Python scalar
can only convert an array of size 1 to a Python scalar
can only convert an array of size 1 to a Python scalar
can only convert an array of size 1 to a Python scalar
can only convert an array of size 1 to a Python scalar
can only convert an array of size 1 to a Python scalar
can only convert an array of size 1 to a Python scalar
can only convert an array of size 1 to a Python scalar
can only convert an array of size 1 to a Python scalar
can only convert an array of size 1 to a Python scalar
can only convert an array of size 1 to a Python scalar
can only convert an array of size 1 to a Python scalar
can only convert an array of size 1 to a Python scalar
can only convert an array of size 1 to a Python scalar
can only convert an array of size 1 to a Python scalar
can only convert an array of size 1 to a Python scalar
can only convert an array of size 1 to a Python scalar
can only convert an array of size 1 to a Python scalar
can only convert an array of size 1 to a Python scalar
can only convert an array of size 1 to a Python scalar
can only convert an array of size 1 to a Python scalar
can only convert an array of size 1 to a Python scalar
can only convert an array of size 1 to a Python scalar
can only convert an array of size 1 to a Python scalar
can only convert an array of size 1 to a Python scalar
can only convert an array of size 1 to a Python scalar
can only convert an array of size 1 to a Python scalar
can only convert an array of size 1 to a Python scalar
can only convert an array of size 1 to a Python scalar
can only convert an array of size 1 to a Python scalar
can only convert an array of size 1 to a Python scalar
can only convert an array of size 1 to a Python scalar
can only convert an array of size 1 to a Python scalar
can only convert an array of size 1 to a Python scalar
can only convert an array of size 1 to a Python scalar
can only convert an array of size 1 to a Python scalar
can only convert an array of size 1 to a Python scalar
can only convert an array of size 1 to a Python scalar
can only convert an array of size 1 to a Python scalar
can only convert an array of size 1 to a Python scalar
can only convert an array of size 1 to a Python scalar
can only convert an array of size 1 to a Python scalar
can only convert an array of size 1 to a Python scalar
can only convert an array of size 1 to a Python scalar
can only convert an array of size 1 to a Python scalar
can only convert an array of size 1 to a Python scalar
can only convert an array of size 1 to a Python scalar
can only convert an array of size 1 to a Python scalar
can only convert an array of size 1 to a Python scalar
can only convert an array of size 1 to a Python scalar
can only convert an array of size 1 to a Python scalar
can only convert an array of size 1 to a Python scalar
can only convert an array of size 1 to a Python scalar
can only convert an array of size 1 to a Python scalar
can only convert an array of size 1 to a Python scalar
can only convert an array of size 1 to a Python scalar
can only convert an array of size 1 to a Python scalar
can only convert an array of size 1 to a Python scalar
can only convert an array of size 1 to a Python scalar
can only convert an array of size 1 to a Python scalar
can only convert an array of size 1 to a Python scalar
can only convert an array of size 1 to a Python scalar
can only convert an array of size 1 to a Python scalar
can only convert an array of size 1 to a Python scalar
can only convert an array of size 1 to a Python scalar
can only convert an array of size 1 to a Python scalar
can only convert an array of size 1 to a Python scalar
can only convert an array of size 1 to a Python scalar
can only convert an array of size 1 to a Python scalar
can only convert an array of size 1 to a Python scalar
can only convert an array of size 1 to a Python scalar
can only convert an array of size 1 to a Python scalar
can only convert an array of size 1 to a Python scalar
can only convert an array of size 1 to a Python scalar
can only convert an array of size 1 to a Python scalar
can only convert an array of size 1 to a Python scalar
can only convert an array of size 1 to a Python scalar
can only convert an array of size 1 to a Python scalar
can only convert an array of size 1 to a Python scalar
can only convert an array of size 1 to a Python scalar
can only convert an array of size 1 to a Python scalar
can only convert an array of size 1 to a Python scalar
can only convert an array of size 1 to a Python scalar
can only convert an array of size 1 to a Python scalar
can only convert an array of size 1 to a Python scalar
can only convert an array of size 1 to a Python scalar
can only convert an array of size 1 to a Python scalar
can only convert an array of size 1 to a Python scalar
can only convert an array of size 1 to a Python scalar
can only convert an array of size 1 to a Python scalar
can only convert an array of size 1 to a Python scalar
can only convert an array of size 1 to a Python scalar
can only convert an array of size 1 to a Python scalar
can only convert an array of size 1 to a Python scalar
can only convert an array of size 1 to a Python scalar
can only convert an array of size 1 to a Python scalar
can only convert an array of size 1 to a Python scalar
can only convert an array of size 1 to a Python scalar
can only convert an array of size 1 to a Python scalar
can only convert an array of size 1 to a Python scalar
can only convert an array of size 1 to a Python scalar
can only convert an array of size 1 to a Python scalar
can only convert an array of size 1 to a Python scalar
can only convert an array of size 1 to a Python scalar
can only convert an array of size 1 to a Python scalar
can only convert an array of size 1 to a Python scalar
can only convert an array of size 1 to a Python scalar
can only convert an array of size 1 to a Python scalar
can only convert an array of size 1 to a Python scalar
can only convert an array of size 1 to a Python scalar
can only convert an array of size 1 to a Python scalar
can only convert an array of size 1 to a Python scalar
can only convert an array of size 1 to a Python scalar
can only convert an array of size 1 to a Python scalar
can only convert an array of size 1 to a Python scalar
can only convert an array of size 1 to a Python scalar
can only convert an array of size 1 to a Python scalar
can only convert an array of size 1 to a Python scalar
can only convert an array of size 1 to a Python scalar
can only convert an array of size 1 to a Python scalar
can only convert an array of size 1 to a Python scalar
can only convert an array of size 1 to a Python scalar
can only convert an array of size 1 to a Python scalar
can only convert an array of size 1 to a Python scalar
can only convert an array of size 1 to a Python scalar
can only convert an array of size 1 to a Python scalar
can only convert an array of size 1 to a Python scalar
can only convert an array of size 1 to a Python scalar
can only convert an array of size 1 to a Python scalar
can only convert an array of size 1 to a Python scalar
can only convert an array of size 1 to a Python scalar
can only convert an array of size 1 to a Python scalar
can only convert an array of size 1 to a Python scalar
can only convert an array of size 1 to a Python scalar
can only convert an array of size 1 to a Python scalar
can only convert an array of size 1 to a Python scalar
can only convert an array of size 1 to a Python scalar
can only convert an array of size 1 to a Python scalar
can only convert an array of size 1 to a Python scalar
can only convert an array of size 1 to a Python scalar
can only convert an array of size 1 to a Python scalar
can only convert an array of size 1 to a Python scalar
can only convert an array of size 1 to a Python scalar
can only convert an array of size 1 to a Python scalar
can only convert an array of size 1 to a Python scalar
can only convert an array of size 1 to a Python scalar
can only convert an array of size 1 to a Python scalar
can only convert an array of size 1 to a Python scalar
can only convert an array of size 1 to a Python scalar
can only convert an array of size 1 to a Python scalar
can only convert an array of size 1 to a Python scalar
can only convert an array of size 1 to a Python scalar
can only convert an array of size 1 to a Python scalar
can only convert an array of size 1 to a Python scalar
can only convert an array of size 1 to a Python scalar
can only convert an array of size 1 to a Python scalar
can only convert an array of size 1 to a Python scalar
can only convert an array of size 1 to a Python scalar
can only convert an array of size 1 to a Python scalar
can only convert an array of size 1 to a Python scalar
can only convert an array of size 1 to a Python scalar
can only convert an array of size 1 to a Python scalar
can only convert an array of size 1 to a Python scalar
can only convert an array of size 1 to a Python scalar
can only convert an array of size 1 to a Python scalar
can only convert an array of size 1 to a Python scalar
can only convert an array of size 1 to a Python scalar
can only convert an array of size 1 to a Python scalar
can only convert an array of size 1 to a Python scalar
can only convert an array of size 1 to a Python scalar
can only convert an array of size 1 to a Python scalar
can only convert an array of size 1 to a Python scalar
can only convert an array of size 1 to a Python scalar
can only convert an array of size 1 to a Python scalar
can only convert an array of size 1 to a Python scalar
can only convert an array of size 1 to a Python scalar
can only convert an array of size 1 to a Python scalar
can only convert an array of size 1 to a Python scalar
can only convert an array of size 1 to a Python scalar
can only convert an array of size 1 to a Python scalar
can only convert an array of size 1 to a Python scalar
can only convert an array of size 1 to a Python scalar
can only convert an array of size 1 to a Python scalar
can only convert an array of size 1 to a Python scalar
can only convert an array of size 1 to a Python scalar
can only convert an array of size 1 to a Python scalar
can only convert an array of size 1 to a Python scalar
can only convert an array of size 1 to a Python scalar
can only convert an array of size 1 to a Python scalar
can only convert an array of size 1 to a Python scalar
can only convert an array of size 1 to a Python scalar
can only convert an array of size 1 to a Python scalar
can only convert an array of size 1 to a Python scalar
can only convert an array of size 1 to a Python scalar
can only convert an array of size 1 to a Python scalar
can only convert an array of size 1 to a Python scalar
can only convert an array of size 1 to a Python scalar
can only convert an array of size 1 to a Python scalar
can only convert an array of size 1 to a Python scalar
can only convert an array of size 1 to a Python scalar
can only convert an array of size 1 to a Python scalar
can only convert an array of size 1 to a Python scalar
can only convert an array of size 1 to a Python scalar
can only convert an array of size 1 to a Python scalar
can only convert an array of size 1 to a Python scalar
can only convert an array of size 1 to a Python scalar
can only convert an array of size 1 to a Python scalar
can only convert an array of size 1 to a Python scalar
can only convert an array of size 1 to a Python scalar
can only convert an array of size 1 to a Python scalar
can only convert an array of size 1 to a Python scalar
can only convert an array of size 1 to a Python scalar
can only convert an array of size 1 to a Python scalar
can only convert an array of size 1 to a Python scalar
can only convert an array of size 1 to a Python scalar
can only convert an array of size 1 to a Python scalar
can only convert an array of size 1 to a Python scalar
can only convert an array of size 1 to a Python scalar
